
Keys      	Command
q         	reset simulation
spacebar  	toggle gripper (open/close)
w-a-s-d   	move arm horizontally in x-y plane
r-f       	move arm vertically
z-x       	rotate arm about x-axis
t-g       	rotate arm about y-axis
c-v       	rotate arm about z-axis
ESC       	quit

Warning: Log dir /iliad/u/madeline/thriftydagger/data/nov27_hgdagger_pick_place_threshold0.2/nov27_hgdagger_pick_place_threshold0.2_s4 already exists! Storing info there anyway.
[32;1mLogging data to /iliad/u/madeline/thriftydagger/data/nov27_hgdagger_pick_place_threshold0.2/nov27_hgdagger_pick_place_threshold0.2_s4/progress.txt[0m
[36;1mSaving config:
[0m
{
    "ac_kwargs":	{},
    "actor_critic":	"Ensemble",
    "algo_sup":	true,
    "batch_size":	100,
    "bc_epochs":	5,
    "bc_only":	false,
    "device_idx":	null,
    "exp_name":	"nov27_hgdagger_pick_place_threshold0.2",
    "gamma":	0.9999,
    "grad_steps":	500,
    "hg_dagger":	"hg_dagger_wait",
    "hg_oracle_thresh":	0.2,
    "init_model":	null,
    "input_file":	"/iliad/u/madeline/thriftydagger/data/testpickplace/testpickplace_s4/pick-place-data.pkl",
    "iters":	5,
    "logger":	{
        "<thrifty.utils.logx.EpochLogger object at 0x7f0bfeda6970>":	{
            "epoch_dict":	{},
            "exp_name":	"nov27_hgdagger_pick_place_threshold0.2",
            "first_row":	true,
            "log_current_row":	{},
            "log_headers":	[],
            "output_dir":	"/iliad/u/madeline/thriftydagger/data/nov27_hgdagger_pick_place_threshold0.2/nov27_hgdagger_pick_place_threshold0.2_s4",
            "output_file":	{
                "<_io.TextIOWrapper name='/iliad/u/madeline/thriftydagger/data/nov27_hgdagger_pick_place_threshold0.2/nov27_hgdagger_pick_place_threshold0.2_s4/progress.txt' mode='w' encoding='UTF-8'>":	{
                    "mode":	"w"
                }
            }
        }
    },
    "logger_kwargs":	{
        "exp_name":	"nov27_hgdagger_pick_place_threshold0.2",
        "output_dir":	"/iliad/u/madeline/thriftydagger/data/nov27_hgdagger_pick_place_threshold0.2/nov27_hgdagger_pick_place_threshold0.2_s4"
    },
    "num_nets":	1,
    "num_test_episodes":	10,
    "obs_per_iter":	2000,
    "pi_lr":	0.001,
    "q_learning":	false,
    "replay_size":	30000,
    "robosuite":	true,
    "robosuite_cfg":	{
        "INPUT_DEVICE":	{
            "<robosuite.devices.keyboard.Keyboard object at 0x7f0babca39a0>":	{
                "_enabled":	false,
                "_pos_step":	0.05,
                "_reset_state":	0,
                "grasp":	false,
                "last_drotation":	"[0. 0. 0.]",
                "last_pos":	"[0. 0. 0.]",
                "pos":	"[0. 0. 0.]",
                "pos_sensitivity":	0.5,
                "raw_drotation":	"[0. 0. 0.]",
                "rot_sensitivity":	3.0,
                "rotation":	"[[-1.  0.  0.]\n [ 0.  1.  0.]\n [ 0.  0. -1.]]"
            }
        },
        "MAX_EP_LEN":	200
    },
    "seed":	4,
    "stochastic_expert":	false,
    "target_rate":	0.01,
    "test_intervention_eps":	null
}
LossPi 0.40451200303435325
LossValid 0.18130991350197326
LossPi 0.28759104979038236
LossValid 0.1653553422300057
LossPi 0.2614388683438301
LossValid 0.15383562841929355
LossPi 0.242165689766407
LossValid 0.13943583949838914
LossPi 0.23159145444631576
LossValid 0.13127370284399423
Estimated switch-back threshold: 0.22297705088143113
Estimated switch-to threshold: 0.0
Epoch 0
TotalEpisodes 0
TotalSuccesses 0
TotalEnvInteracts 0
OnlineBurden 0
NumSwitchToNov 0
NumSwitchToRisk 0
NumSwitchBack 0
len(estimates): 94, New switch thresholds: 0.0 0.47499117255210876 0.47816166281700134
len(estimates): 188, New switch thresholds: 0.0 0.47524067759513855 0.4789539873600006
len(estimates): 263, New switch thresholds: 0.0 0.4756464958190918 0.4792073369026184
len(estimates): 341, New switch thresholds: 0.0 0.47568100690841675 0.4811839163303375
len(estimates): 446, New switch thresholds: 0.0 0.4757537543773651 0.48515671491622925
len(estimates): 511, New switch thresholds: 0.0 0.4758850336074829 0.48616939783096313
len(estimates): 599, New switch thresholds: 0.0 0.47554272413253784 0.48515671491622925
len(estimates): 678, New switch thresholds: 0.0 0.4756464958190918 0.4854683578014374
len(estimates): 754, New switch thresholds: 0.0 0.47568100690841675 0.48532944917678833
len(estimates): 828, New switch thresholds: 0.0 0.4757537543773651 0.4859560430049896
len(estimates): 927, New switch thresholds: 0.0 0.4758850336074829 0.48628056049346924
len(estimates): 1018, New switch thresholds: 0.0 0.47593405842781067 0.48587507009506226
len(estimates): 1172, New switch thresholds: 0.0 0.4759736955165863 0.48703470826148987
len(estimates): 1261, New switch thresholds: 0.0 0.4760081171989441 0.48768696188926697
len(estimates): 1331, New switch thresholds: 0.0 0.47602394223213196 0.48781174421310425
Epoch 1
LossPi 0.30594915347297985
TotalEpisodes 14
TotalSuccesses 13
TotalEnvInteracts 2000
OnlineBurden 955
NumSwitchToNov 286
NumSwitchToRisk 0
NumSwitchBack 272
len(estimates): 57, New switch thresholds: 0.0 0.495216965675354 0.49980422854423523
len(estimates): 154, New switch thresholds: 0.0 0.4952181875705719 0.5015959143638611
len(estimates): 217, New switch thresholds: 0.0 0.495216965675354 0.5017240643501282
len(estimates): 352, New switch thresholds: 0.0 0.4883725941181183 0.500588059425354
len(estimates): 447, New switch thresholds: 0.0 0.4885099530220032 0.5011021494865417
len(estimates): 516, New switch thresholds: 0.0 0.4887082576751709 0.5005892515182495
len(estimates): 613, New switch thresholds: 0.0 0.4887748956680298 0.5016093850135803
len(estimates): 662, New switch thresholds: 0.0 0.4887748956680298 0.5014680027961731
len(estimates): 725, New switch thresholds: 0.0 0.4887795150279999 0.5009142160415649
len(estimates): 832, New switch thresholds: 0.0 0.4888240098953247 0.5015772581100464
len(estimates): 913, New switch thresholds: 0.0 0.48916953802108765 0.5013680458068848
len(estimates): 984, New switch thresholds: 0.0 0.48916953802108765 0.5013025999069214
len(estimates): 1108, New switch thresholds: 0.0 0.48939386010169983 0.5010579228401184
len(estimates): 1219, New switch thresholds: 0.0 0.48947209119796753 0.5010166168212891
len(estimates): 1327, New switch thresholds: 0.0 0.4895287752151489 0.5011453628540039
len(estimates): 1369, New switch thresholds: 0.0 0.4895287752151489 0.5011285543441772
Epoch 2
LossPi 0.3097737617109503
TotalEpisodes 29
TotalSuccesses 28
TotalEnvInteracts 4000
OnlineBurden 1816
NumSwitchToNov 516
NumSwitchToRisk 0
NumSwitchBack 486
len(estimates): 99, New switch thresholds: 0.0 0.45350611209869385 0.46052852272987366
len(estimates): 214, New switch thresholds: 0.0 0.45069414377212524 0.46160057187080383
len(estimates): 324, New switch thresholds: 0.0 0.450702041387558 0.4602450728416443
len(estimates): 456, New switch thresholds: 0.0 0.45078492164611816 0.459220290184021
len(estimates): 557, New switch thresholds: 0.0 0.4508226215839386 0.46084830164909363
len(estimates): 691, New switch thresholds: 0.0 0.4509730935096741 0.46086907386779785
len(estimates): 774, New switch thresholds: 0.0 0.45110684633255005 0.46070656180381775
len(estimates): 880, New switch thresholds: 0.0 0.45066171884536743 0.46082642674446106
len(estimates): 971, New switch thresholds: 0.0 0.4493776559829712 0.4604959487915039
len(estimates): 1085, New switch thresholds: 0.0 0.4496530294418335 0.4605787396430969
len(estimates): 1189, New switch thresholds: 0.0 0.4499393403530121 0.46112343668937683
len(estimates): 1333, New switch thresholds: 0.0 0.4504772126674652 0.46205905079841614
len(estimates): 1454, New switch thresholds: 0.0 0.4496530294418335 0.46230044960975647
len(estimates): 1550, New switch thresholds: 0.0 0.4499393403530121 0.4622822403907776
len(estimates): 1616, New switch thresholds: 0.0 0.4485509991645813 0.46230992674827576
Epoch 3
LossPi 0.3162961713708937
TotalEpisodes 43
TotalSuccesses 41
TotalEnvInteracts 6000
OnlineBurden 2439
NumSwitchToNov 755
NumSwitchToRisk 0
NumSwitchBack 712
len(estimates): 97, New switch thresholds: 0.0 0.48109006881713867 0.4902819097042084
len(estimates): 222, New switch thresholds: 0.0 0.47746211290359497 0.4856591522693634
len(estimates): 333, New switch thresholds: 0.0 0.47776344418525696 0.4886401295661926
len(estimates): 493, New switch thresholds: 0.0 0.47300928831100464 0.4833081364631653
len(estimates): 615, New switch thresholds: 0.0 0.47302860021591187 0.4857253432273865
len(estimates): 714, New switch thresholds: 0.0 0.47304046154022217 0.48389431834220886
len(estimates): 815, New switch thresholds: 0.0 0.4730624258518219 0.48455172777175903
len(estimates): 923, New switch thresholds: 0.0 0.47306519746780396 0.4855189025402069
len(estimates): 1028, New switch thresholds: 0.0 0.4730701148509979 0.4867112636566162
len(estimates): 1120, New switch thresholds: 0.0 0.47307491302490234 0.4852127134799957
len(estimates): 1207, New switch thresholds: 0.0 0.47309306263923645 0.486490935087204
len(estimates): 1331, New switch thresholds: 0.0 0.47309401631355286 0.4874691069126129
len(estimates): 1491, New switch thresholds: 0.0 0.4731091856956482 0.4858061969280243
len(estimates): 1591, New switch thresholds: 0.0 0.47311100363731384 0.4866461157798767
Epoch 4
LossPi 0.31745609129137464
TotalEpisodes 56
TotalSuccesses 52
TotalEnvInteracts 8000
OnlineBurden 3085
NumSwitchToNov 992
NumSwitchToRisk 0
NumSwitchBack 936
len(estimates): 107, New switch thresholds: 0.0 0.47467824816703796 0.48434099555015564
len(estimates): 249, New switch thresholds: 0.0 0.47490909695625305 0.4787101745605469
len(estimates): 399, New switch thresholds: 0.0 0.47522300481796265 0.4801241457462311
len(estimates): 498, New switch thresholds: 0.0 0.47330528497695923 0.4817826747894287
len(estimates): 599, New switch thresholds: 0.0 0.4735088646411896 0.4824957847595215
len(estimates): 751, New switch thresholds: 0.0 0.47452831268310547 0.4837987720966339
len(estimates): 842, New switch thresholds: 0.0 0.47467824816703796 0.4832235276699066
len(estimates): 927, New switch thresholds: 0.0 0.47490909695625305 0.48355624079704285
len(estimates): 1045, New switch thresholds: 0.0 0.4752137362957001 0.4842722713947296
len(estimates): 1150, New switch thresholds: 0.0 0.47522300481796265 0.4847167432308197
len(estimates): 1277, New switch thresholds: 0.0 0.4753433167934418 0.4843814969062805
len(estimates): 1362, New switch thresholds: 0.0 0.4711785912513733 0.4842560589313507
len(estimates): 1447, New switch thresholds: 0.0 0.47122976183891296 0.48451149463653564
Epoch 5
LossPi 0.31156219455003736
TotalEpisodes 68
TotalSuccesses 60
TotalEnvInteracts 10000
OnlineBurden 3934
NumSwitchToNov 1288
NumSwitchToRisk 0
NumSwitchBack 1223

Keys      	Command
q         	reset simulation
spacebar  	toggle gripper (open/close)
w-a-s-d   	move arm horizontally in x-y plane
r-f       	move arm vertically
z-x       	rotate arm about x-axis
t-g       	rotate arm about y-axis
c-v       	rotate arm about z-axis
ESC       	quit

Warning: Log dir /iliad/u/madeline/thriftydagger/data/nov27_hgdagger_pick_place_threshold0.5/nov27_hgdagger_pick_place_threshold0.5_s4 already exists! Storing info there anyway.
[32;1mLogging data to /iliad/u/madeline/thriftydagger/data/nov27_hgdagger_pick_place_threshold0.5/nov27_hgdagger_pick_place_threshold0.5_s4/progress.txt[0m
[36;1mSaving config:
[0m
{
    "ac_kwargs":	{},
    "actor_critic":	"Ensemble",
    "algo_sup":	true,
    "batch_size":	100,
    "bc_epochs":	5,
    "bc_only":	false,
    "device_idx":	null,
    "exp_name":	"nov27_hgdagger_pick_place_threshold0.5",
    "gamma":	0.9999,
    "grad_steps":	500,
    "hg_dagger":	"hg_dagger_wait",
    "hg_oracle_thresh":	0.5,
    "init_model":	null,
    "input_file":	"/iliad/u/madeline/thriftydagger/data/testpickplace/testpickplace_s4/pick-place-data.pkl",
    "iters":	5,
    "logger":	{
        "<thrifty.utils.logx.EpochLogger object at 0x7fec25c11970>":	{
            "epoch_dict":	{},
            "exp_name":	"nov27_hgdagger_pick_place_threshold0.5",
            "first_row":	true,
            "log_current_row":	{},
            "log_headers":	[],
            "output_dir":	"/iliad/u/madeline/thriftydagger/data/nov27_hgdagger_pick_place_threshold0.5/nov27_hgdagger_pick_place_threshold0.5_s4",
            "output_file":	{
                "<_io.TextIOWrapper name='/iliad/u/madeline/thriftydagger/data/nov27_hgdagger_pick_place_threshold0.5/nov27_hgdagger_pick_place_threshold0.5_s4/progress.txt' mode='w' encoding='UTF-8'>":	{
                    "mode":	"w"
                }
            }
        }
    },
    "logger_kwargs":	{
        "exp_name":	"nov27_hgdagger_pick_place_threshold0.5",
        "output_dir":	"/iliad/u/madeline/thriftydagger/data/nov27_hgdagger_pick_place_threshold0.5/nov27_hgdagger_pick_place_threshold0.5_s4"
    },
    "num_nets":	1,
    "num_test_episodes":	10,
    "obs_per_iter":	2000,
    "pi_lr":	0.001,
    "q_learning":	false,
    "replay_size":	30000,
    "robosuite":	true,
    "robosuite_cfg":	{
        "INPUT_DEVICE":	{
            "<robosuite.devices.keyboard.Keyboard object at 0x7febd2b0f9a0>":	{
                "_enabled":	false,
                "_pos_step":	0.05,
                "_reset_state":	0,
                "grasp":	false,
                "last_drotation":	"[0. 0. 0.]",
                "last_pos":	"[0. 0. 0.]",
                "pos":	"[0. 0. 0.]",
                "pos_sensitivity":	0.5,
                "raw_drotation":	"[0. 0. 0.]",
                "rot_sensitivity":	3.0,
                "rotation":	"[[-1.  0.  0.]\n [ 0.  1.  0.]\n [ 0.  0. -1.]]"
            }
        },
        "MAX_EP_LEN":	200
    },
    "seed":	4,
    "stochastic_expert":	false,
    "target_rate":	0.01,
    "test_intervention_eps":	null
}
LossPi 0.40451200303435325
LossValid 0.18130991350197326
LossPi 0.28759104979038236
LossValid 0.1653553422300057
LossPi 0.2614388683438301
LossValid 0.15383562841929355
LossPi 0.242165689766407
LossValid 0.13943583949838914
LossPi 0.23159145444631576
LossValid 0.13127370284399423
Estimated switch-back threshold: 0.22297705088143113
Estimated switch-to threshold: 0.0
Epoch 0
TotalEpisodes 0
TotalSuccesses 0
TotalEnvInteracts 0
OnlineBurden 0
NumSwitchToNov 0
NumSwitchToRisk 0
NumSwitchBack 0
len(estimates): 143, New switch thresholds: 0.0 0.4839261472225189 0.4910612106323242
len(estimates): 276, New switch thresholds: 0.0 0.4830496311187744 0.4932107925415039
len(estimates): 374, New switch thresholds: 0.0 0.47889214754104614 0.4882449209690094
len(estimates): 505, New switch thresholds: 0.0 0.4794048070907593 0.4910167157649994
len(estimates): 639, New switch thresholds: 0.0 0.47960078716278076 0.4922375977039337
len(estimates): 777, New switch thresholds: 0.0 0.47970888018608093 0.4932727515697479
len(estimates): 885, New switch thresholds: 0.0 0.476509153842926 0.4917483925819397
len(estimates): 1021, New switch thresholds: 0.0 0.47658494114875793 0.4923137128353119
len(estimates): 1158, New switch thresholds: 0.0 0.4765995740890503 0.4937977194786072
len(estimates): 1287, New switch thresholds: 0.0 0.47661998867988586 0.49424228072166443
len(estimates): 1410, New switch thresholds: 0.0 0.4769149720668793 0.49386313557624817
len(estimates): 1544, New switch thresholds: 0.0 0.4769255816936493 0.494005411863327
len(estimates): 1551, New switch thresholds: 0.0 0.4769255816936493 0.4940384030342102
Epoch 1
LossPi 0.30412975880503657
TotalEpisodes 12
TotalSuccesses 10
TotalEnvInteracts 2000
OnlineBurden 721
NumSwitchToNov 272
NumSwitchToRisk 0
NumSwitchBack 261
len(estimates): 115, New switch thresholds: 0.0 0.4914962351322174 0.5004842877388
len(estimates): 246, New switch thresholds: 0.0 0.4915764033794403 0.49847498536109924
len(estimates): 390, New switch thresholds: 0.0 0.49171149730682373 0.4979625940322876
len(estimates): 500, New switch thresholds: 0.0 0.4917551279067993 0.498468816280365
len(estimates): 643, New switch thresholds: 0.0 0.49198293685913086 0.498500794172287
len(estimates): 783, New switch thresholds: 0.0 0.49202755093574524 0.498500794172287
len(estimates): 923, New switch thresholds: 0.0 0.49235472083091736 0.49846121668815613
len(estimates): 1107, New switch thresholds: 0.0 0.4881267249584198 0.49768123030662537
len(estimates): 1254, New switch thresholds: 0.0 0.48815086483955383 0.4984263479709625
len(estimates): 1415, New switch thresholds: 0.0 0.48815664649009705 0.49759453535079956
len(estimates): 1504, New switch thresholds: 0.0 0.48816102743148804 0.49762412905693054
Epoch 2
LossPi 0.2973653396793774
TotalEpisodes 22
TotalSuccesses 13
TotalEnvInteracts 4000
OnlineBurden 1568
NumSwitchToNov 623
NumSwitchToRisk 0
NumSwitchBack 605
len(estimates): 118, New switch thresholds: 0.0 0.46284160017967224 0.4684534966945648
len(estimates): 240, New switch thresholds: 0.0 0.4465441107749939 0.4660232663154602
len(estimates): 416, New switch thresholds: 0.0 0.4514268934726715 0.46643781661987305
len(estimates): 604, New switch thresholds: 0.0 0.45142924785614014 0.4655311703681946
len(estimates): 741, New switch thresholds: 0.0 0.4514300525188446 0.4652329981327057
len(estimates): 892, New switch thresholds: 0.0 0.4473241865634918 0.4645620882511139
len(estimates): 1080, New switch thresholds: 0.0 0.44768303632736206 0.46491679549217224
len(estimates): 1270, New switch thresholds: 0.0 0.44845619797706604 0.4649050831794739
len(estimates): 1405, New switch thresholds: 0.0 0.4492577016353607 0.4647666811943054
len(estimates): 1538, New switch thresholds: 0.0 0.44973719120025635 0.4647086262702942
len(estimates): 1630, New switch thresholds: 0.0 0.45020389556884766 0.4646602272987366
Epoch 3
LossPi 0.2983780516497791
TotalEpisodes 32
TotalSuccesses 16
TotalEnvInteracts 6000
OnlineBurden 2162
NumSwitchToNov 847
NumSwitchToRisk 0
NumSwitchBack 825
len(estimates): 173, New switch thresholds: 0.0 0.4765537679195404 0.4794459044933319
len(estimates): 301, New switch thresholds: 0.0 0.47676485776901245 0.47987693548202515
len(estimates): 480, New switch thresholds: 0.0 0.47674617171287537 0.4832651913166046
len(estimates): 667, New switch thresholds: 0.0 0.47676485776901245 0.4833458960056305
len(estimates): 836, New switch thresholds: 0.0 0.47684887051582336 0.48330745100975037
len(estimates): 983, New switch thresholds: 0.0 0.476869136095047 0.48351889848709106
len(estimates): 1133, New switch thresholds: 0.0 0.4769825339317322 0.4843672811985016
len(estimates): 1296, New switch thresholds: 0.0 0.47698888182640076 0.484298437833786
len(estimates): 1449, New switch thresholds: 0.0 0.4740023910999298 0.48384764790534973
len(estimates): 1563, New switch thresholds: 0.0 0.474030464887619 0.48435360193252563
len(estimates): 1628, New switch thresholds: 0.0 0.47404804825782776 0.4843241274356842
Epoch 4
LossPi 0.2944403436150816
TotalEpisodes 42
TotalSuccesses 17
TotalEnvInteracts 8000
OnlineBurden 2810
NumSwitchToNov 1123
NumSwitchToRisk 0
NumSwitchBack 1099
len(estimates): 197, New switch thresholds: 0.0 0.4813401401042938 0.48436203598976135
len(estimates): 394, New switch thresholds: 0.0 0.4754406213760376 0.48189836740493774
len(estimates): 578, New switch thresholds: 0.0 0.47509193420410156 0.48099881410598755
len(estimates): 688, New switch thresholds: 0.0 0.47136566042900085 0.4812740087509155
len(estimates): 875, New switch thresholds: 0.0 0.47156858444213867 0.481205552816391
len(estimates): 971, New switch thresholds: 0.0 0.47181329131126404 0.48144426941871643
len(estimates): 1097, New switch thresholds: 0.0 0.4720495641231537 0.48180684447288513
len(estimates): 1210, New switch thresholds: 0.0 0.47214820981025696 0.48149988055229187
len(estimates): 1401, New switch thresholds: 0.0 0.4750887155532837 0.4820671081542969
len(estimates): 1576, New switch thresholds: 0.0 0.472076416015625 0.48262324929237366
len(estimates): 1667, New switch thresholds: 0.0 0.4720982611179352 0.4823428690433502
len(estimates): 1745, New switch thresholds: 0.0 0.47211864590644836 0.4822930097579956
Epoch 5
LossPi 0.29349524534642696
TotalEpisodes 53
TotalSuccesses 23
TotalEnvInteracts 10000
OnlineBurden 3203
NumSwitchToNov 1261
NumSwitchToRisk 0
NumSwitchBack 1230

Keys      	Command
q         	reset simulation
spacebar  	toggle gripper (open/close)
w-a-s-d   	move arm horizontally in x-y plane
r-f       	move arm vertically
z-x       	rotate arm about x-axis
t-g       	rotate arm about y-axis
c-v       	rotate arm about z-axis
ESC       	quit

Warning: Log dir /iliad/u/madeline/thriftydagger/data/nov27_hgdagger_pick_place_threshold1.0/nov27_hgdagger_pick_place_threshold1.0_s4 already exists! Storing info there anyway.
[32;1mLogging data to /iliad/u/madeline/thriftydagger/data/nov27_hgdagger_pick_place_threshold1.0/nov27_hgdagger_pick_place_threshold1.0_s4/progress.txt[0m
[36;1mSaving config:
[0m
{
    "ac_kwargs":	{},
    "actor_critic":	"Ensemble",
    "algo_sup":	true,
    "batch_size":	100,
    "bc_epochs":	5,
    "bc_only":	false,
    "device_idx":	null,
    "exp_name":	"nov27_hgdagger_pick_place_threshold1.0",
    "gamma":	0.9999,
    "grad_steps":	500,
    "hg_dagger":	"hg_dagger_wait",
    "hg_oracle_thresh":	1.0,
    "init_model":	null,
    "input_file":	"/iliad/u/madeline/thriftydagger/data/testpickplace/testpickplace_s4/pick-place-data.pkl",
    "iters":	5,
    "logger":	{
        "<thrifty.utils.logx.EpochLogger object at 0x7fafd36d4970>":	{
            "epoch_dict":	{},
            "exp_name":	"nov27_hgdagger_pick_place_threshold1.0",
            "first_row":	true,
            "log_current_row":	{},
            "log_headers":	[],
            "output_dir":	"/iliad/u/madeline/thriftydagger/data/nov27_hgdagger_pick_place_threshold1.0/nov27_hgdagger_pick_place_threshold1.0_s4",
            "output_file":	{
                "<_io.TextIOWrapper name='/iliad/u/madeline/thriftydagger/data/nov27_hgdagger_pick_place_threshold1.0/nov27_hgdagger_pick_place_threshold1.0_s4/progress.txt' mode='w' encoding='UTF-8'>":	{
                    "mode":	"w"
                }
            }
        }
    },
    "logger_kwargs":	{
        "exp_name":	"nov27_hgdagger_pick_place_threshold1.0",
        "output_dir":	"/iliad/u/madeline/thriftydagger/data/nov27_hgdagger_pick_place_threshold1.0/nov27_hgdagger_pick_place_threshold1.0_s4"
    },
    "num_nets":	1,
    "num_test_episodes":	10,
    "obs_per_iter":	2000,
    "pi_lr":	0.001,
    "q_learning":	false,
    "replay_size":	30000,
    "robosuite":	true,
    "robosuite_cfg":	{
        "INPUT_DEVICE":	{
            "<robosuite.devices.keyboard.Keyboard object at 0x7faf805d19a0>":	{
                "_enabled":	false,
                "_pos_step":	0.05,
                "_reset_state":	0,
                "grasp":	false,
                "last_drotation":	"[0. 0. 0.]",
                "last_pos":	"[0. 0. 0.]",
                "pos":	"[0. 0. 0.]",
                "pos_sensitivity":	0.5,
                "raw_drotation":	"[0. 0. 0.]",
                "rot_sensitivity":	3.0,
                "rotation":	"[[-1.  0.  0.]\n [ 0.  1.  0.]\n [ 0.  0. -1.]]"
            }
        },
        "MAX_EP_LEN":	200
    },
    "seed":	4,
    "stochastic_expert":	false,
    "target_rate":	0.01,
    "test_intervention_eps":	null
}
LossPi 0.40451200303435325
LossValid 0.18130991350197326
LossPi 0.28759104979038236
LossValid 0.1653553422300057
LossPi 0.2614388683438301
LossValid 0.15383562841929355
LossPi 0.242165689766407
LossValid 0.13943583949838914
LossPi 0.23159145444631576
LossValid 0.13127370284399423
Estimated switch-back threshold: 0.22297705088143113
Estimated switch-to threshold: 0.0
Epoch 0
TotalEpisodes 0
TotalSuccesses 0
TotalEnvInteracts 0
OnlineBurden 0
NumSwitchToNov 0
NumSwitchToRisk 0
NumSwitchBack 0
len(estimates): 173, New switch thresholds: 0.0 0.4839261472225189 0.4942684769630432
len(estimates): 299, New switch thresholds: 0.0 0.4839510917663574 0.4953030049800873
len(estimates): 446, New switch thresholds: 0.0 0.4840189516544342 0.4963225722312927
len(estimates): 609, New switch thresholds: 0.0 0.4840772747993469 0.4975773096084595
len(estimates): 760, New switch thresholds: 0.0 0.48408111929893494 0.4970085620880127
len(estimates): 927, New switch thresholds: 0.0 0.4841412603855133 0.4966526925563812
len(estimates): 1042, New switch thresholds: 0.0 0.47644147276878357 0.4961148798465729
len(estimates): 1171, New switch thresholds: 0.0 0.4765045940876007 0.49633756279945374
len(estimates): 1326, New switch thresholds: 0.0 0.47670724987983704 0.4969691038131714
len(estimates): 1481, New switch thresholds: 0.0 0.47681280970573425 0.4966496229171753
len(estimates): 1607, New switch thresholds: 0.0 0.47697940468788147 0.4963859021663666
Epoch 1
LossPi 0.2797580365190903
TotalEpisodes 10
TotalSuccesses 4
TotalEnvInteracts 2000
OnlineBurden 732
NumSwitchToNov 339
NumSwitchToRisk 0
NumSwitchBack 331
len(estimates): 133, New switch thresholds: 0.0 0.4962036907672882 0.5023342967033386
len(estimates): 267, New switch thresholds: 0.0 0.49623143672943115 0.503196656703949
len(estimates): 435, New switch thresholds: 0.0 0.49654051661491394 0.504641592502594
len(estimates): 593, New switch thresholds: 0.0 0.49570590257644653 0.5039018988609314
len(estimates): 753, New switch thresholds: 0.0 0.49316948652267456 0.5031826496124268
len(estimates): 825, New switch thresholds: 0.0 0.4933171272277832 0.5030850172042847
len(estimates): 983, New switch thresholds: 0.0 0.49347665905952454 0.5030031204223633
len(estimates): 997, New switch thresholds: 0.0 0.49347665905952454 0.5029541254043579
len(estimates): 1161, New switch thresholds: 0.0 0.49373379349708557 0.5019876956939697
len(estimates): 1341, New switch thresholds: 0.0 0.49388018250465393 0.5012375116348267
len(estimates): 1383, New switch thresholds: 0.0 0.49388018250465393 0.5012134909629822
Epoch 2
LossPi 0.27247453676377026
TotalEpisodes 20
TotalSuccesses 6
TotalEnvInteracts 4000
OnlineBurden 1575
NumSwitchToNov 565
NumSwitchToRisk 0
NumSwitchBack 549
len(estimates): 193, New switch thresholds: 0.0 0.4489135146141052 0.46101415157318115
len(estimates): 355, New switch thresholds: 0.0 0.44917139410972595 0.46161383390426636
len(estimates): 508, New switch thresholds: 0.0 0.4495379328727722 0.4626483619213104
len(estimates): 692, New switch thresholds: 0.0 0.4498591423034668 0.46305909752845764
len(estimates): 863, New switch thresholds: 0.0 0.4503321945667267 0.46375560760498047
len(estimates): 1045, New switch thresholds: 0.0 0.45123186707496643 0.4631733298301697
len(estimates): 1234, New switch thresholds: 0.0 0.4516598582267761 0.46374472975730896
len(estimates): 1432, New switch thresholds: 0.0 0.4525298774242401 0.46394869685173035
len(estimates): 1611, New switch thresholds: 0.0 0.4515419900417328 0.46401968598365784
len(estimates): 1790, New switch thresholds: 0.0 0.4516598582267761 0.46413731575012207
Epoch 3
LossPi 0.27133322279155253
TotalEpisodes 30
TotalSuccesses 6
TotalEnvInteracts 6000
OnlineBurden 1958
NumSwitchToNov 738
NumSwitchToRisk 0
NumSwitchBack 722
len(estimates): 174, New switch thresholds: 0.0 0.4777145981788635 0.4821527302265167
len(estimates): 373, New switch thresholds: 0.0 0.4781254529953003 0.4836878478527069
len(estimates): 529, New switch thresholds: 0.0 0.47821927070617676 0.482942670583725
len(estimates): 702, New switch thresholds: 0.0 0.4783949851989746 0.4826436936855316
len(estimates): 894, New switch thresholds: 0.0 0.4731638431549072 0.4817938506603241
len(estimates): 1026, New switch thresholds: 0.0 0.47320812940597534 0.48145249485969543
len(estimates): 1190, New switch thresholds: 0.0 0.47323495149612427 0.4815279543399811
len(estimates): 1375, New switch thresholds: 0.0 0.4732825756072998 0.48232221603393555
len(estimates): 1528, New switch thresholds: 0.0 0.47332295775413513 0.4825042188167572
len(estimates): 1684, New switch thresholds: 0.0 0.4733438491821289 0.48226988315582275
Epoch 4
LossPi 0.26602368235753643
TotalEpisodes 40
TotalSuccesses 6
TotalEnvInteracts 8000
OnlineBurden 2508
NumSwitchToNov 972
NumSwitchToRisk 0
NumSwitchBack 955
len(estimates): 174, New switch thresholds: 0.0 0.47502514719963074 0.4843737781047821
len(estimates): 302, New switch thresholds: 0.0 0.4752137064933777 0.4843536615371704
len(estimates): 470, New switch thresholds: 0.0 0.47538986802101135 0.48365098237991333
len(estimates): 618, New switch thresholds: 0.0 0.47549107670783997 0.48424047231674194
len(estimates): 814, New switch thresholds: 0.0 0.4712117612361908 0.4843906760215759
len(estimates): 994, New switch thresholds: 0.0 0.4712527394294739 0.48421406745910645
len(estimates): 1194, New switch thresholds: 0.0 0.47133466601371765 0.4838376045227051
len(estimates): 1365, New switch thresholds: 0.0 0.471473753452301 0.4841795265674591
len(estimates): 1555, New switch thresholds: 0.0 0.4716096818447113 0.4843604564666748
len(estimates): 1731, New switch thresholds: 0.0 0.47172072529792786 0.48443832993507385
len(estimates): 1810, New switch thresholds: 0.0 0.471757709980011 0.4843721091747284
Epoch 5
LossPi 0.26050374302864077
TotalEpisodes 50
TotalSuccesses 9
TotalEnvInteracts 10000
OnlineBurden 2844
NumSwitchToNov 1118
NumSwitchToRisk 0
NumSwitchBack 1099

Keys      	Command
q         	reset simulation
spacebar  	toggle gripper (open/close)
w-a-s-d   	move arm horizontally in x-y plane
r-f       	move arm vertically
z-x       	rotate arm about x-axis
t-g       	rotate arm about y-axis
c-v       	rotate arm about z-axis
ESC       	quit

Warning: Log dir /iliad/u/madeline/thriftydagger/data/nov27_hgdagger_pick_place_threshold2.0/nov27_hgdagger_pick_place_threshold2.0_s4 already exists! Storing info there anyway.
[32;1mLogging data to /iliad/u/madeline/thriftydagger/data/nov27_hgdagger_pick_place_threshold2.0/nov27_hgdagger_pick_place_threshold2.0_s4/progress.txt[0m
[36;1mSaving config:
[0m
{
    "ac_kwargs":	{},
    "actor_critic":	"Ensemble",
    "algo_sup":	true,
    "batch_size":	100,
    "bc_epochs":	5,
    "bc_only":	false,
    "device_idx":	null,
    "exp_name":	"nov27_hgdagger_pick_place_threshold2.0",
    "gamma":	0.9999,
    "grad_steps":	500,
    "hg_dagger":	"hg_dagger_wait",
    "hg_oracle_thresh":	2.0,
    "init_model":	null,
    "input_file":	"/iliad/u/madeline/thriftydagger/data/testpickplace/testpickplace_s4/pick-place-data.pkl",
    "iters":	5,
    "logger":	{
        "<thrifty.utils.logx.EpochLogger object at 0x7f6213282820>":	{
            "epoch_dict":	{},
            "exp_name":	"nov27_hgdagger_pick_place_threshold2.0",
            "first_row":	true,
            "log_current_row":	{},
            "log_headers":	[],
            "output_dir":	"/iliad/u/madeline/thriftydagger/data/nov27_hgdagger_pick_place_threshold2.0/nov27_hgdagger_pick_place_threshold2.0_s4",
            "output_file":	{
                "<_io.TextIOWrapper name='/iliad/u/madeline/thriftydagger/data/nov27_hgdagger_pick_place_threshold2.0/nov27_hgdagger_pick_place_threshold2.0_s4/progress.txt' mode='w' encoding='UTF-8'>":	{
                    "mode":	"w"
                }
            }
        }
    },
    "logger_kwargs":	{
        "exp_name":	"nov27_hgdagger_pick_place_threshold2.0",
        "output_dir":	"/iliad/u/madeline/thriftydagger/data/nov27_hgdagger_pick_place_threshold2.0/nov27_hgdagger_pick_place_threshold2.0_s4"
    },
    "num_nets":	1,
    "num_test_episodes":	10,
    "obs_per_iter":	2000,
    "pi_lr":	0.001,
    "q_learning":	false,
    "replay_size":	30000,
    "robosuite":	true,
    "robosuite_cfg":	{
        "INPUT_DEVICE":	{
            "<robosuite.devices.keyboard.Keyboard object at 0x7f61c01859a0>":	{
                "_enabled":	false,
                "_pos_step":	0.05,
                "_reset_state":	0,
                "grasp":	false,
                "last_drotation":	"[0. 0. 0.]",
                "last_pos":	"[0. 0. 0.]",
                "pos":	"[0. 0. 0.]",
                "pos_sensitivity":	0.5,
                "raw_drotation":	"[0. 0. 0.]",
                "rot_sensitivity":	3.0,
                "rotation":	"[[-1.  0.  0.]\n [ 0.  1.  0.]\n [ 0.  0. -1.]]"
            }
        },
        "MAX_EP_LEN":	200
    },
    "seed":	4,
    "stochastic_expert":	false,
    "target_rate":	0.01,
    "test_intervention_eps":	null
}
LossPi 0.40451200303435325
LossValid 0.18130991350197326
LossPi 0.28759104979038236
LossValid 0.1653553422300057
LossPi 0.2614388683438301
LossValid 0.15383562841929355
LossPi 0.242165689766407
LossValid 0.13943583949838914
LossPi 0.23159145444631576
LossValid 0.13127370284399423
Estimated switch-back threshold: 0.22297705088143113
Estimated switch-to threshold: 0.0
Epoch 0
TotalEpisodes 0
TotalSuccesses 0
TotalEnvInteracts 0
OnlineBurden 0
NumSwitchToNov 0
NumSwitchToRisk 0
NumSwitchBack 0
len(estimates): 44, New switch thresholds: 0.0 0.4833235442638397 0.48779812455177307
len(estimates): 207, New switch thresholds: 0.0 0.48341992497444153 0.49381086230278015
len(estimates): 361, New switch thresholds: 0.0 0.4836113750934601 0.49681735038757324
len(estimates): 501, New switch thresholds: 0.0 0.48370346426963806 0.4961264431476593
len(estimates): 676, New switch thresholds: 0.0 0.48385167121887207 0.49340179562568665
len(estimates): 783, New switch thresholds: 0.0 0.4840359389781952 0.4938713312149048
len(estimates): 937, New switch thresholds: 0.0 0.4806029796600342 0.49221867322921753
len(estimates): 1101, New switch thresholds: 0.0 0.4810127913951874 0.49356260895729065
len(estimates): 1269, New switch thresholds: 0.0 0.4811660349369049 0.49449044466018677
len(estimates): 1421, New switch thresholds: 0.0 0.48181095719337463 0.4957254230976105
Epoch 1
LossPi 0.27119673702617486
TotalEpisodes 10
TotalSuccesses 0
TotalEnvInteracts 2000
OnlineBurden 825
NumSwitchToNov 246
NumSwitchToRisk 0
NumSwitchBack 243
len(estimates): 192, New switch thresholds: 0.0 0.49138113856315613 0.4931737780570984
len(estimates): 391, New switch thresholds: 0.0 0.4914267957210541 0.4967552125453949
len(estimates): 572, New switch thresholds: 0.0 0.4914639890193939 0.4955877661705017
len(estimates): 760, New switch thresholds: 0.0 0.49150925874710083 0.4997633099555969
len(estimates): 956, New switch thresholds: 0.0 0.4915921986103058 0.4974644184112549
len(estimates): 1156, New switch thresholds: 0.0 0.49159473180770874 0.4967744052410126
len(estimates): 1317, New switch thresholds: 0.0 0.49138113856315613 0.4968178868293762
len(estimates): 1517, New switch thresholds: 0.0 0.4914267957210541 0.49754998087882996
len(estimates): 1716, New switch thresholds: 0.0 0.4888848662376404 0.4968215823173523
len(estimates): 1916, New switch thresholds: 0.0 0.4889352321624756 0.49672040343284607
Epoch 2
LossPi 0.2599615923911333
TotalEpisodes 20
TotalSuccesses 0
TotalEnvInteracts 4000
OnlineBurden 987
NumSwitchToNov 324
NumSwitchToRisk 0
NumSwitchBack 320
len(estimates): 196, New switch thresholds: 0.0 0.4534686505794525 0.47132837772369385
len(estimates): 393, New switch thresholds: 0.0 0.44698163866996765 0.4634445607662201
len(estimates): 592, New switch thresholds: 0.0 0.44744330644607544 0.46891090273857117
len(estimates): 792, New switch thresholds: 0.0 0.4482465982437134 0.4655214846134186
len(estimates): 991, New switch thresholds: 0.0 0.4486863315105438 0.46664950251579285
len(estimates): 1172, New switch thresholds: 0.0 0.44876840710639954 0.4660601317882538
len(estimates): 1372, New switch thresholds: 0.0 0.4490252435207367 0.46525123715400696
len(estimates): 1572, New switch thresholds: 0.0 0.44939157366752625 0.46481019258499146
len(estimates): 1764, New switch thresholds: 0.0 0.4494762718677521 0.4642605185508728
len(estimates): 1964, New switch thresholds: 0.0 0.4503534734249115 0.4646364748477936
Epoch 3
LossPi 0.25585394890233876
TotalEpisodes 30
TotalSuccesses 0
TotalEnvInteracts 6000
OnlineBurden 1053
NumSwitchToNov 354
NumSwitchToRisk 0
NumSwitchBack 349
len(estimates): 200, New switch thresholds: 0.0 0.4734797179698944 0.4742031395435333
len(estimates): 371, New switch thresholds: 0.0 0.47356483340263367 0.47949403524398804
len(estimates): 538, New switch thresholds: 0.0 0.4737444818019867 0.4823334813117981
len(estimates): 738, New switch thresholds: 0.0 0.473867267370224 0.4798084497451782
len(estimates): 929, New switch thresholds: 0.0 0.47393596172332764 0.48243317008018494
len(estimates): 1124, New switch thresholds: 0.0 0.47400549054145813 0.48182356357574463
len(estimates): 1320, New switch thresholds: 0.0 0.47405511140823364 0.48402342200279236
len(estimates): 1485, New switch thresholds: 0.0 0.47407546639442444 0.48466283082962036
len(estimates): 1685, New switch thresholds: 0.0 0.47408902645111084 0.4837932884693146
len(estimates): 1873, New switch thresholds: 0.0 0.474090039730072 0.48284411430358887
Epoch 4
LossPi 0.25367965209815235
TotalEpisodes 40
TotalSuccesses 0
TotalEnvInteracts 8000
OnlineBurden 1282
NumSwitchToNov 456
NumSwitchToRisk 0
NumSwitchBack 451
len(estimates): 199, New switch thresholds: 0.0 0.475893497467041 0.4903269112110138
len(estimates): 399, New switch thresholds: 0.0 0.4760822355747223 0.48261314630508423
len(estimates): 588, New switch thresholds: 0.0 0.4771857261657715 0.48267167806625366
len(estimates): 776, New switch thresholds: 0.0 0.4774169921875 0.48154741525650024
len(estimates): 975, New switch thresholds: 0.0 0.47724249958992004 0.48199132084846497
len(estimates): 1164, New switch thresholds: 0.0 0.47633039951324463 0.4816521406173706
len(estimates): 1360, New switch thresholds: 0.0 0.476184219121933 0.4822874069213867
len(estimates): 1558, New switch thresholds: 0.0 0.4742199778556824 0.48295846581459045
len(estimates): 1749, New switch thresholds: 0.0 0.4758419990539551 0.48320272564888
len(estimates): 1949, New switch thresholds: 0.0 0.4741162359714508 0.48224058747291565
Epoch 5
LossPi 0.24357628520280122
TotalEpisodes 50
TotalSuccesses 0
TotalEnvInteracts 10000
OnlineBurden 1384
NumSwitchToNov 507
NumSwitchToRisk 0
NumSwitchBack 502

Keys      	Command
q         	reset simulation
spacebar  	toggle gripper (open/close)
w-a-s-d   	move arm horizontally in x-y plane
r-f       	move arm vertically
z-x       	rotate arm about x-axis
t-g       	rotate arm about y-axis
c-v       	rotate arm about z-axis
ESC       	quit

Warning: Log dir /iliad/u/madeline/thriftydagger/data/nov27_hgdagger_pick_place_threshold5.0/nov27_hgdagger_pick_place_threshold5.0_s4 already exists! Storing info there anyway.
[32;1mLogging data to /iliad/u/madeline/thriftydagger/data/nov27_hgdagger_pick_place_threshold5.0/nov27_hgdagger_pick_place_threshold5.0_s4/progress.txt[0m
[36;1mSaving config:
[0m
{
    "ac_kwargs":	{},
    "actor_critic":	"Ensemble",
    "algo_sup":	true,
    "batch_size":	100,
    "bc_epochs":	5,
    "bc_only":	false,
    "device_idx":	null,
    "exp_name":	"nov27_hgdagger_pick_place_threshold5.0",
    "gamma":	0.9999,
    "grad_steps":	500,
    "hg_dagger":	"hg_dagger_wait",
    "hg_oracle_thresh":	5.0,
    "init_model":	null,
    "input_file":	"/iliad/u/madeline/thriftydagger/data/testpickplace/testpickplace_s4/pick-place-data.pkl",
    "iters":	5,
    "logger":	{
        "<thrifty.utils.logx.EpochLogger object at 0x7f501c9eea60>":	{
            "epoch_dict":	{},
            "exp_name":	"nov27_hgdagger_pick_place_threshold5.0",
            "first_row":	true,
            "log_current_row":	{},
            "log_headers":	[],
            "output_dir":	"/iliad/u/madeline/thriftydagger/data/nov27_hgdagger_pick_place_threshold5.0/nov27_hgdagger_pick_place_threshold5.0_s4",
            "output_file":	{
                "<_io.TextIOWrapper name='/iliad/u/madeline/thriftydagger/data/nov27_hgdagger_pick_place_threshold5.0/nov27_hgdagger_pick_place_threshold5.0_s4/progress.txt' mode='w' encoding='UTF-8'>":	{
                    "mode":	"w"
                }
            }
        }
    },
    "logger_kwargs":	{
        "exp_name":	"nov27_hgdagger_pick_place_threshold5.0",
        "output_dir":	"/iliad/u/madeline/thriftydagger/data/nov27_hgdagger_pick_place_threshold5.0/nov27_hgdagger_pick_place_threshold5.0_s4"
    },
    "num_nets":	1,
    "num_test_episodes":	10,
    "obs_per_iter":	2000,
    "pi_lr":	0.001,
    "q_learning":	false,
    "replay_size":	30000,
    "robosuite":	true,
    "robosuite_cfg":	{
        "INPUT_DEVICE":	{
            "<robosuite.devices.keyboard.Keyboard object at 0x7f4fc98edc40>":	{
                "_enabled":	false,
                "_pos_step":	0.05,
                "_reset_state":	0,
                "grasp":	false,
                "last_drotation":	"[0. 0. 0.]",
                "last_pos":	"[0. 0. 0.]",
                "pos":	"[0. 0. 0.]",
                "pos_sensitivity":	0.5,
                "raw_drotation":	"[0. 0. 0.]",
                "rot_sensitivity":	3.0,
                "rotation":	"[[-1.  0.  0.]\n [ 0.  1.  0.]\n [ 0.  0. -1.]]"
            }
        },
        "MAX_EP_LEN":	200
    },
    "seed":	4,
    "stochastic_expert":	false,
    "target_rate":	0.01,
    "test_intervention_eps":	null
}
LossPi 0.40451200303435325
LossValid 0.18130991350197326
LossPi 0.28759104979038236
LossValid 0.1653553422300057
LossPi 0.2614388683438301
LossValid 0.15383562841929355
LossPi 0.242165689766407
LossValid 0.13943583949838914
LossPi 0.23159145444631576
LossValid 0.13127370284399423
Estimated switch-back threshold: 0.22297705088143113
Estimated switch-to threshold: 0.0
Epoch 0
TotalEpisodes 0
TotalSuccesses 0
TotalEnvInteracts 0
OnlineBurden 0
NumSwitchToNov 0
NumSwitchToRisk 0
NumSwitchBack 0
len(estimates): 199, New switch thresholds: 0.0 0.4798269271850586 0.49081698060035706
len(estimates): 347, New switch thresholds: 0.0 0.4798636734485626 0.4888775050640106
len(estimates): 547, New switch thresholds: 0.0 0.4801805317401886 0.4908960163593292
len(estimates): 687, New switch thresholds: 0.0 0.48026376962661743 0.4917721450328827
len(estimates): 831, New switch thresholds: 0.0 0.48059022426605225 0.4918253719806671
len(estimates): 975, New switch thresholds: 0.0 0.4806254506111145 0.4908199608325958
len(estimates): 1175, New switch thresholds: 0.0 0.47726836800575256 0.48994672298431396
len(estimates): 1297, New switch thresholds: 0.0 0.47728705406188965 0.4904637932777405
len(estimates): 1447, New switch thresholds: 0.0 0.4773307740688324 0.4910968542098999
len(estimates): 1647, New switch thresholds: 0.0 0.4773677587509155 0.4914546608924866
len(estimates): 1841, New switch thresholds: 0.0 0.47760847210884094 0.49138176441192627
Epoch 1
LossPi 0.2754753160874049
TotalEpisodes 10
TotalSuccesses 3
TotalEnvInteracts 2000
OnlineBurden 263
NumSwitchToNov 104
NumSwitchToRisk 0
NumSwitchBack 104
len(estimates): 200, New switch thresholds: 0.0 0.49596622586250305 0.5052796602249146
len(estimates): 400, New switch thresholds: 0.0 0.49151352047920227 0.5016268491744995
len(estimates): 600, New switch thresholds: 0.0 0.49228158593177795 0.5039235353469849
len(estimates): 800, New switch thresholds: 0.0 0.4924105703830719 0.5038831233978271
len(estimates): 971, New switch thresholds: 0.0 0.49151352047920227 0.5029361248016357
len(estimates): 1133, New switch thresholds: 0.0 0.4895767569541931 0.5021049380302429
len(estimates): 1332, New switch thresholds: 0.0 0.48972436785697937 0.5022988319396973
len(estimates): 1532, New switch thresholds: 0.0 0.4900563955307007 0.501998782157898
len(estimates): 1732, New switch thresholds: 0.0 0.49049636721611023 0.5022686123847961
len(estimates): 1912, New switch thresholds: 0.0 0.49057379364967346 0.502629816532135
Epoch 2
LossPi 0.26461689839618546
TotalEpisodes 20
TotalSuccesses 3
TotalEnvInteracts 4000
OnlineBurden 405
NumSwitchToNov 158
NumSwitchToRisk 0
NumSwitchBack 157
len(estimates): 200, New switch thresholds: 0.0 0.4516089856624603 0.45668482780456543
len(estimates): 400, New switch thresholds: 0.0 0.4516907036304474 0.46210354566574097
len(estimates): 600, New switch thresholds: 0.0 0.45175859332084656 0.46408674120903015
len(estimates): 743, New switch thresholds: 0.0 0.4519946277141571 0.464309960603714
len(estimates): 943, New switch thresholds: 0.0 0.4523204267024994 0.4648111164569855
len(estimates): 1067, New switch thresholds: 0.0 0.4523243308067322 0.4647849500179291
len(estimates): 1181, New switch thresholds: 0.0 0.4509042501449585 0.46439671516418457
len(estimates): 1381, New switch thresholds: 0.0 0.45110636949539185 0.46465858817100525
len(estimates): 1570, New switch thresholds: 0.0 0.45152682065963745 0.46475380659103394
len(estimates): 1770, New switch thresholds: 0.0 0.4516089856624603 0.4651590585708618
len(estimates): 1969, New switch thresholds: 0.0 0.450851708650589 0.4652101993560791
len(estimates): 1988, New switch thresholds: 0.0 0.450851708650589 0.4651796519756317
Epoch 3
LossPi 0.2585390168968588
TotalEpisodes 31
TotalSuccesses 6
TotalEnvInteracts 6000
OnlineBurden 422
NumSwitchToNov 163
NumSwitchToRisk 0
NumSwitchBack 162
len(estimates): 200, New switch thresholds: 0.0 0.47830238938331604 0.49636757373809814
len(estimates): 400, New switch thresholds: 0.0 0.47863611578941345 0.4952353835105896
len(estimates): 600, New switch thresholds: 0.0 0.47897428274154663 0.4954177737236023
len(estimates): 800, New switch thresholds: 0.0 0.47925716638565063 0.4945930540561676
len(estimates): 1000, New switch thresholds: 0.0 0.47943609952926636 0.4954177737236023
len(estimates): 1130, New switch thresholds: 0.0 0.4794473350048065 0.4947923719882965
len(estimates): 1269, New switch thresholds: 0.0 0.4794867932796478 0.49348190426826477
len(estimates): 1469, New switch thresholds: 0.0 0.47951310873031616 0.4939691126346588
len(estimates): 1669, New switch thresholds: 0.0 0.47955116629600525 0.493807315826416
len(estimates): 1869, New switch thresholds: 0.0 0.478863388299942 0.4939691126346588
len(estimates): 1995, New switch thresholds: 0.0 0.47897428274154663 0.49414223432540894
len(estimates): 2000, New switch thresholds: 0.0 0.47897428274154663 0.49411633610725403
Epoch 4
LossPi 0.24986878591279188
TotalEpisodes 42
TotalSuccesses 9
TotalEnvInteracts 8000
OnlineBurden 422
NumSwitchToNov 163
NumSwitchToRisk 0
NumSwitchBack 162
len(estimates): 200, New switch thresholds: 0.0 0.48066017031669617 0.492213636636734
len(estimates): 400, New switch thresholds: 0.0 0.47680285573005676 0.48766180872917175
len(estimates): 600, New switch thresholds: 0.0 0.4713778495788574 0.4868053197860718
len(estimates): 712, New switch thresholds: 0.0 0.47138747572898865 0.48682701587677
len(estimates): 912, New switch thresholds: 0.0 0.4637534022331238 0.4850330650806427
len(estimates): 1058, New switch thresholds: 0.0 0.4641847610473633 0.48432937264442444
len(estimates): 1258, New switch thresholds: 0.0 0.4644084572792053 0.4835377335548401
len(estimates): 1458, New switch thresholds: 0.0 0.46485447883605957 0.48426854610443115
len(estimates): 1658, New switch thresholds: 0.0 0.46559643745422363 0.4833942949771881
len(estimates): 1771, New switch thresholds: 0.0 0.4658242166042328 0.48384395241737366
len(estimates): 1886, New switch thresholds: 0.0 0.465846985578537 0.4832044541835785
len(estimates): 2000, New switch thresholds: 0.0 0.4658566415309906 0.48272740840911865
Epoch 5
LossPi 0.24177285198569298
TotalEpisodes 53
TotalSuccesses 13
TotalEnvInteracts 10000
OnlineBurden 422
NumSwitchToNov 163
NumSwitchToRisk 0
NumSwitchBack 162
