
Keys      	Command
q         	reset simulation
spacebar  	toggle gripper (open/close)
w-a-s-d   	move arm horizontally in x-y plane
r-f       	move arm vertically
z-x       	rotate arm about x-axis
t-g       	rotate arm about y-axis
c-v       	rotate arm about z-axis
ESC       	quit

Warning: Log dir /iliad/u/madeline/thriftydagger/data/nov27_thriftydagger_pick_place_alpha0.01/nov27_thriftydagger_pick_place_alpha0.01_s4 already exists! Storing info there anyway.
[32;1mLogging data to /iliad/u/madeline/thriftydagger/data/nov27_thriftydagger_pick_place_alpha0.01/nov27_thriftydagger_pick_place_alpha0.01_s4/progress.txt[0m
[36;1mSaving config:
[0m
{
    "ac_kwargs":	{},
    "actor_critic":	"Ensemble",
    "algo_sup":	true,
    "batch_size":	100,
    "bc_epochs":	5,
    "bc_only":	false,
    "device_idx":	null,
    "exp_name":	"nov27_thriftydagger_pick_place_alpha0.01",
    "gamma":	0.9999,
    "grad_steps":	500,
    "hg_dagger":	null,
    "hg_oracle_thresh":	0.2,
    "init_model":	null,
    "input_file":	"/iliad/u/madeline/thriftydagger/data/testpickplace/testpickplace_s4/pick-place-data.pkl",
    "iters":	5,
    "logger":	{
        "<thrifty.utils.logx.EpochLogger object at 0x7f3d470744c0>":	{
            "epoch_dict":	{},
            "exp_name":	"nov27_thriftydagger_pick_place_alpha0.01",
            "first_row":	true,
            "log_current_row":	{},
            "log_headers":	[],
            "output_dir":	"/iliad/u/madeline/thriftydagger/data/nov27_thriftydagger_pick_place_alpha0.01/nov27_thriftydagger_pick_place_alpha0.01_s4",
            "output_file":	{
                "<_io.TextIOWrapper name='/iliad/u/madeline/thriftydagger/data/nov27_thriftydagger_pick_place_alpha0.01/nov27_thriftydagger_pick_place_alpha0.01_s4/progress.txt' mode='w' encoding='UTF-8'>":	{
                    "mode":	"w"
                }
            }
        }
    },
    "logger_kwargs":	{
        "exp_name":	"nov27_thriftydagger_pick_place_alpha0.01",
        "output_dir":	"/iliad/u/madeline/thriftydagger/data/nov27_thriftydagger_pick_place_alpha0.01/nov27_thriftydagger_pick_place_alpha0.01_s4"
    },
    "num_nets":	5,
    "num_test_episodes":	10,
    "obs_per_iter":	2000,
    "pi_lr":	0.001,
    "q_learning":	true,
    "replay_size":	30000,
    "robosuite":	true,
    "robosuite_cfg":	{
        "INPUT_DEVICE":	{
            "<robosuite.devices.keyboard.Keyboard object at 0x7f3d4706cb50>":	{
                "_enabled":	false,
                "_pos_step":	0.05,
                "_reset_state":	0,
                "grasp":	false,
                "last_drotation":	"[0. 0. 0.]",
                "last_pos":	"[0. 0. 0.]",
                "pos":	"[0. 0. 0.]",
                "pos_sensitivity":	0.5,
                "raw_drotation":	"[0. 0. 0.]",
                "rot_sensitivity":	3.0,
                "rotation":	"[[-1.  0.  0.]\n [ 0.  1.  0.]\n [ 0.  0. -1.]]"
            }
        },
        "MAX_EP_LEN":	200
    },
    "seed":	4,
    "stochastic_expert":	false,
    "target_rate":	0.01,
    "test_intervention_eps":	null
}
Net #0
LossPi 0.3845713395178318
LossValid 0.1954520212444193
LossPi 0.2731024309694767
LossValid 0.15855553144946516
LossPi 0.24263096064329148
LossValid 0.14926091839638542
LossPi 0.2196571833193302
LossValid 0.14170285392953386
LossPi 0.20223958766460418
LossValid 0.13879194419886354
Net #1
LossPi 0.40690790393948556
LossValid 0.17777561734658373
LossPi 0.2761344813406467
LossValid 0.15892850326866637
LossPi 0.2402078556716442
LossValid 0.14397477563752276
LossPi 0.21704750248789786
LossValid 0.1537916472171313
LossPi 0.19844469848275184
LossValid 0.14705103848539466
Net #2
LossPi 0.39247792571783063
LossValid 0.1882170913884511
LossPi 0.2700418102145195
LossValid 0.16995621990244353
LossPi 0.23789427331089974
LossValid 0.1566994482999131
LossPi 0.2185954747200012
LossValid 0.1554338003982099
LossPi 0.2012778422087431
LossValid 0.13678020038620173
Net #3
LossPi 0.39935771429538724
LossValid 0.2123507173183288
LossPi 0.26990388822555544
LossValid 0.1578029494209621
LossPi 0.24053133794665338
LossValid 0.16098296775807283
LossPi 0.216767865806818
LossValid 0.15840383666842778
LossPi 0.19578411050140856
LossValid 0.1529600324910823
Net #4
LossPi 0.39692436808347703
LossValid 0.19928365710597565
LossPi 0.27839003098011017
LossValid 0.171856771255195
LossPi 0.2507681478559971
LossValid 0.14462277276697952
LossPi 0.2288484447002411
LossValid 0.1552120117445715
LossPi 0.21235273280739783
LossValid 0.12965992737031024
Estimated switch-back threshold: 0.20425573035964706
Estimated switch-to threshold: 0.01486746035516262
Test Success Rate: 0.2
Epoch 0
LossQ 0.00041098108996974133
TotalEpisodes 0
TotalSuccesses 0
TotalEnvInteracts 0
OnlineBurden 0
NumSwitchToNov 0
NumSwitchToRisk 0
NumSwitchBack 0
len(estimates): 142, New switch thresholds: 0.01341375894844532 0.5017205476760864 0.9998181462287903
len(estimates): 163, New switch thresholds: 0.01341375894844532 0.48889005184173584 0.9998934268951416
len(estimates): 176, New switch thresholds: 0.01341375894844532 0.4874834716320038 0.9999146461486816
len(estimates): 209, New switch thresholds: 0.01341375894844532 0.48889005184173584 0.9998037219047546
len(estimates): 215, New switch thresholds: 0.01341375894844532 0.4874834716320038 0.9998181462287903
len(estimates): 275, New switch thresholds: 0.020534897223114967 0.4874834716320038 0.9997263550758362
len(estimates): 341, New switch thresholds: 0.020534897223114967 0.4877324402332306 0.9995676875114441
len(estimates): 365, New switch thresholds: 0.020534897223114967 0.4874834716320038 0.9997743964195251
len(estimates): 405, New switch thresholds: 0.020534897223114967 0.4877324402332306 0.9457839727401733
len(estimates): 436, New switch thresholds: 0.020534897223114967 0.4874834716320038 0.9980587363243103
len(estimates): 507, New switch thresholds: 0.020534897223114967 0.4877324402332306 0.996340811252594
len(estimates): 561, New switch thresholds: 0.021647600457072258 0.4877324402332306 0.9860294461250305
len(estimates): 622, New switch thresholds: 0.021647600457072258 0.4879763424396515 0.9457839727401733
len(estimates): 688, New switch thresholds: 0.022122884169220924 0.4879763424396515 0.968122124671936
len(estimates): 689, New switch thresholds: 0.022122884169220924 0.4877324402332306 0.9457839727401733
Test Success Rate: 0.2
Epoch 1
LossPi 0.2719274412681659
LossQ 0.0005132820994778649
TotalEpisodes 14
TotalSuccesses 13
TotalEnvInteracts 2000
OnlineBurden 1328
NumSwitchToNov 11
NumSwitchToRisk 6
NumSwitchBack 13
len(estimates): 44, New switch thresholds: 0.03148765489459038 0.4984941780567169 0.5012635588645935
len(estimates): 217, New switch thresholds: 0.03560614213347435 0.49854031205177307 0.5060166120529175
len(estimates): 299, New switch thresholds: 0.03560614213347435 0.4984941780567169 0.5335810780525208
len(estimates): 441, New switch thresholds: 0.03148765489459038 0.49854031205177307 0.536209225654602
len(estimates): 493, New switch thresholds: 0.03148765489459038 0.49853551387786865 0.5590637922286987
len(estimates): 540, New switch thresholds: 0.03148765489459038 0.49854031205177307 0.538449227809906
len(estimates): 558, New switch thresholds: 0.03560614213347435 0.49854031205177307 0.5312790870666504
len(estimates): 611, New switch thresholds: 0.03148765489459038 0.49854031205177307 0.5508363246917725
len(estimates): 718, New switch thresholds: 0.03148765489459038 0.49854061007499695 0.5517616271972656
len(estimates): 831, New switch thresholds: 0.03148765489459038 0.49855080246925354 0.5472899079322815
len(estimates): 917, New switch thresholds: 0.03148765489459038 0.49856409430503845 0.5517616271972656
len(estimates): 1089, New switch thresholds: 0.032340727746486664 0.498587429523468 0.5517616271972656
Test Success Rate: 0.0
Epoch 2
LossPi 0.27192891746035647
LossQ 0.0010420307992219523
TotalEpisodes 25
TotalSuccesses 21
TotalEnvInteracts 4000
OnlineBurden 2255
NumSwitchToNov 23
NumSwitchToRisk 10
NumSwitchBack 25
len(estimates): 100, New switch thresholds: 0.037003882229328156 0.5000388026237488 0.5015543699264526
len(estimates): 271, New switch thresholds: 0.02863464690744877 0.5001822710037231 0.5106101632118225
len(estimates): 353, New switch thresholds: 0.02863464690744877 0.5001822710037231 0.5108651518821716
len(estimates): 429, New switch thresholds: 0.02863464690744877 0.5002763867378235 0.5108651518821716
len(estimates): 467, New switch thresholds: 0.02863464690744877 0.5001822710037231 0.5138139128684998
len(estimates): 505, New switch thresholds: 0.02792266570031643 0.5001822710037231 0.5164494514465332
len(estimates): 541, New switch thresholds: 0.02792266570031643 0.5001709461212158 0.519504725933075
len(estimates): 614, New switch thresholds: 0.02792266570031643 0.5001822710037231 0.5194801688194275
len(estimates): 648, New switch thresholds: 0.02792266570031643 0.5001709461212158 0.5233057737350464
len(estimates): 686, New switch thresholds: 0.02792266570031643 0.5001533031463623 0.5282878875732422
len(estimates): 755, New switch thresholds: 0.027521252632141113 0.5001533031463623 0.5228542685508728
len(estimates): 812, New switch thresholds: 0.02717091143131256 0.5001533031463623 0.5241037011146545
len(estimates): 847, New switch thresholds: 0.02717091143131256 0.5001075267791748 0.5342912673950195
len(estimates): 879, New switch thresholds: 0.02717091143131256 0.5000917315483093 0.5499364733695984
len(estimates): 880, New switch thresholds: 0.02717091143131256 0.5000876188278198 0.5499364733695984
Test Success Rate: 0.1
Epoch 3
LossPi 0.26343906617797913
LossQ 0.0010394219239853555
TotalEpisodes 39
TotalSuccesses 34
TotalEnvInteracts 6000
OnlineBurden 3391
NumSwitchToNov 27
NumSwitchToRisk 22
NumSwitchBack 39
len(estimates): 34, New switch thresholds: 0.017574330791831017 0.49943214654922485 0.9993438124656677
len(estimates): 52, New switch thresholds: 0.017574330791831017 0.49818703532218933 0.9998894929885864
len(estimates): 67, New switch thresholds: 0.017574330791831017 0.49815770983695984 0.9999812841415405
len(estimates): 83, New switch thresholds: 0.017574330791831017 0.4981161653995514 0.9999880790710449
len(estimates): 115, New switch thresholds: 0.01334543339908123 0.4981161653995514 0.9999314546585083
len(estimates): 151, New switch thresholds: 0.015326094813644886 0.49811089038848877 0.999466598033905
len(estimates): 166, New switch thresholds: 0.015326094813644886 0.4979773759841919 0.9998844861984253
len(estimates): 184, New switch thresholds: 0.015326094813644886 0.4979299008846283 0.9998962879180908
len(estimates): 196, New switch thresholds: 0.017574330791831017 0.4968813955783844 0.9999591112136841
len(estimates): 254, New switch thresholds: 0.015326094813644886 0.4968813955783844 0.9997217059135437
len(estimates): 296, New switch thresholds: 0.015326094813644886 0.496880441904068 0.999466598033905
len(estimates): 360, New switch thresholds: 0.014556968584656715 0.496880441904068 0.9517795443534851
len(estimates): 415, New switch thresholds: 0.01334543339908123 0.496880441904068 0.7396628260612488
len(estimates): 473, New switch thresholds: 0.01334543339908123 0.4968418478965759 0.8081437349319458
len(estimates): 531, New switch thresholds: 0.01334543339908123 0.4968418478965759 0.8180234432220459
len(estimates): 560, New switch thresholds: 0.01334543339908123 0.4968370199203491 0.49978432059288025
Test Success Rate: 0.3
Epoch 4
LossPi 0.2585564751651552
LossQ 0.0011489729241032
TotalEpisodes 54
TotalSuccesses 49
TotalEnvInteracts 8000
OnlineBurden 4849
NumSwitchToNov 30
NumSwitchToRisk 37
NumSwitchBack 55
len(estimates): 47, New switch thresholds: 0.0248735249042511 0.49135515093803406 0.6035388708114624
len(estimates): 122, New switch thresholds: 0.01786930486559868 0.49135515093803406 0.6030510067939758
len(estimates): 158, New switch thresholds: 0.01786930486559868 0.49123460054397583 0.6674896478652954
len(estimates): 194, New switch thresholds: 0.01786930486559868 0.48970937728881836 0.8741746544837952
len(estimates): 225, New switch thresholds: 0.014699006453156471 0.48970937728881836 0.9822065830230713
len(estimates): 248, New switch thresholds: 0.014699006453156471 0.48937785625457764 0.9949166774749756
len(estimates): 306, New switch thresholds: 0.014699006453156471 0.48969918489456177 0.994831919670105
len(estimates): 375, New switch thresholds: 0.01786930486559868 0.48969918489456177 0.9929216504096985
len(estimates): 414, New switch thresholds: 0.01786930486559868 0.48970937728881836 0.9783868789672852
len(estimates): 452, New switch thresholds: 0.018881957978010178 0.48970937728881836 0.9007361531257629
len(estimates): 525, New switch thresholds: 0.018881957978010178 0.4897867441177368 0.8002198338508606
len(estimates): 626, New switch thresholds: 0.018881957978010178 0.48990899324417114 0.6784019470214844
len(estimates): 772, New switch thresholds: 0.018881957978010178 0.48996904492378235 0.5404530763626099
len(estimates): 845, New switch thresholds: 0.018881957978010178 0.4899800419807434 0.5238564610481262
len(estimates): 918, New switch thresholds: 0.018281055614352226 0.48999372124671936 0.4962885081768036
Test Success Rate: 0.5
Epoch 5
LossPi 0.2559948929002881
LossQ 0.0013531040482085337
TotalEpisodes 68
TotalSuccesses 63
TotalEnvInteracts 10000
OnlineBurden 5947
NumSwitchToNov 40
NumSwitchToRisk 43
NumSwitchBack 70

Keys      	Command
q         	reset simulation
spacebar  	toggle gripper (open/close)
w-a-s-d   	move arm horizontally in x-y plane
r-f       	move arm vertically
z-x       	rotate arm about x-axis
t-g       	rotate arm about y-axis
c-v       	rotate arm about z-axis
ESC       	quit

Warning: Log dir /iliad/u/madeline/thriftydagger/data/nov27_thriftydagger_pick_place_alpha0.1/nov27_thriftydagger_pick_place_alpha0.1_s4 already exists! Storing info there anyway.
[32;1mLogging data to /iliad/u/madeline/thriftydagger/data/nov27_thriftydagger_pick_place_alpha0.1/nov27_thriftydagger_pick_place_alpha0.1_s4/progress.txt[0m
[36;1mSaving config:
[0m
{
    "ac_kwargs":	{},
    "actor_critic":	"Ensemble",
    "algo_sup":	true,
    "batch_size":	100,
    "bc_epochs":	5,
    "bc_only":	false,
    "device_idx":	null,
    "exp_name":	"nov27_thriftydagger_pick_place_alpha0.1",
    "gamma":	0.9999,
    "grad_steps":	500,
    "hg_dagger":	null,
    "hg_oracle_thresh":	0.2,
    "init_model":	null,
    "input_file":	"/iliad/u/madeline/thriftydagger/data/testpickplace/testpickplace_s4/pick-place-data.pkl",
    "iters":	5,
    "logger":	{
        "<thrifty.utils.logx.EpochLogger object at 0x7f3db51849a0>":	{
            "epoch_dict":	{},
            "exp_name":	"nov27_thriftydagger_pick_place_alpha0.1",
            "first_row":	true,
            "log_current_row":	{},
            "log_headers":	[],
            "output_dir":	"/iliad/u/madeline/thriftydagger/data/nov27_thriftydagger_pick_place_alpha0.1/nov27_thriftydagger_pick_place_alpha0.1_s4",
            "output_file":	{
                "<_io.TextIOWrapper name='/iliad/u/madeline/thriftydagger/data/nov27_thriftydagger_pick_place_alpha0.1/nov27_thriftydagger_pick_place_alpha0.1_s4/progress.txt' mode='w' encoding='UTF-8'>":	{
                    "mode":	"w"
                }
            }
        }
    },
    "logger_kwargs":	{
        "exp_name":	"nov27_thriftydagger_pick_place_alpha0.1",
        "output_dir":	"/iliad/u/madeline/thriftydagger/data/nov27_thriftydagger_pick_place_alpha0.1/nov27_thriftydagger_pick_place_alpha0.1_s4"
    },
    "num_nets":	5,
    "num_test_episodes":	10,
    "obs_per_iter":	2000,
    "pi_lr":	0.001,
    "q_learning":	true,
    "replay_size":	30000,
    "robosuite":	true,
    "robosuite_cfg":	{
        "INPUT_DEVICE":	{
            "<robosuite.devices.keyboard.Keyboard object at 0x7f3d620879d0>":	{
                "_enabled":	false,
                "_pos_step":	0.05,
                "_reset_state":	0,
                "grasp":	false,
                "last_drotation":	"[0. 0. 0.]",
                "last_pos":	"[0. 0. 0.]",
                "pos":	"[0. 0. 0.]",
                "pos_sensitivity":	0.5,
                "raw_drotation":	"[0. 0. 0.]",
                "rot_sensitivity":	3.0,
                "rotation":	"[[-1.  0.  0.]\n [ 0.  1.  0.]\n [ 0.  0. -1.]]"
            }
        },
        "MAX_EP_LEN":	200
    },
    "seed":	4,
    "stochastic_expert":	false,
    "target_rate":	0.1,
    "test_intervention_eps":	null
}
Net #0
LossPi 0.3845713395178318
LossValid 0.1954520212444193
LossPi 0.2731024309694767
LossValid 0.15855553144946516
LossPi 0.24263096064329148
LossValid 0.14926091839638542
LossPi 0.2196571833193302
LossValid 0.14170285392953386
LossPi 0.20223958766460418
LossValid 0.13879194419886354
Net #1
LossPi 0.40690790393948556
LossValid 0.17777561734658373
LossPi 0.2761344813406467
LossValid 0.15892850326866637
LossPi 0.2402078556716442
LossValid 0.14397477563752276
LossPi 0.21704750248789786
LossValid 0.1537916472171313
LossPi 0.19844469848275184
LossValid 0.14705103848539466
Net #2
LossPi 0.39247792571783063
LossValid 0.1882170913884511
LossPi 0.2700418102145195
LossValid 0.16995621990244353
LossPi 0.23789427331089974
LossValid 0.1566994482999131
LossPi 0.2185954747200012
LossValid 0.1554338003982099
LossPi 0.2012778422087431
LossValid 0.13678020038620173
Net #3
LossPi 0.39935771429538724
LossValid 0.2123507173183288
LossPi 0.26990388822555544
LossValid 0.1578029494209621
LossPi 0.24053133794665338
LossValid 0.16098296775807283
LossPi 0.216767865806818
LossValid 0.15840383666842778
LossPi 0.19578411050140856
LossValid 0.1529600324910823
Net #4
LossPi 0.39692436808347703
LossValid 0.19928365710597565
LossPi 0.27839003098011017
LossValid 0.171856771255195
LossPi 0.2507681478559971
LossValid 0.14462277276697952
LossPi 0.2288484447002411
LossValid 0.1552120117445715
LossPi 0.21235273280739783
LossValid 0.12965992737031024
Estimated switch-back threshold: 0.20425573035964706
Estimated switch-to threshold: 0.005950320046395063
Test Success Rate: 0.2
Epoch 0
LossQ 0.00038843643010022787
TotalEpisodes 0
TotalSuccesses 0
TotalEnvInteracts 0
OnlineBurden 0
NumSwitchToNov 0
NumSwitchToRisk 0
NumSwitchBack 0
len(estimates): 118, New switch thresholds: 0.00526179326698184 0.5073955059051514 0.9998776912689209
len(estimates): 137, New switch thresholds: 0.005354882217943668 0.5082241892814636 0.9999377727508545
len(estimates): 149, New switch thresholds: 0.00541344378143549 0.5082241892814636 0.9999531507492065
len(estimates): 161, New switch thresholds: 0.00541344378143549 0.5093014240264893 0.9999641180038452
len(estimates): 163, New switch thresholds: 0.00541344378143549 0.5082241892814636 0.9999641180038452
len(estimates): 176, New switch thresholds: 0.005615355912595987 0.5082241892814636 0.9999716281890869
len(estimates): 198, New switch thresholds: 0.005788478534668684 0.5093014240264893 0.9999791383743286
len(estimates): 211, New switch thresholds: 0.005841786973178387 0.5097737312316895 0.9999843835830688
len(estimates): 227, New switch thresholds: 0.005851565860211849 0.5097737312316895 0.9999886751174927
len(estimates): 234, New switch thresholds: 0.005851565860211849 0.5097737312316895 0.99998939037323
len(estimates): 238, New switch thresholds: 0.005851565860211849 0.5093014240264893 0.9999895095825195
len(estimates): 247, New switch thresholds: 0.005841786973178387 0.5093014240264893 0.9999897480010986
len(estimates): 259, New switch thresholds: 0.005851565860211849 0.5093014240264893 0.9999911785125732
len(estimates): 271, New switch thresholds: 0.005788478534668684 0.5097737312316895 0.9999926090240479
len(estimates): 287, New switch thresholds: 0.005779797676950693 0.5097737312316895 0.9999932050704956
len(estimates): 288, New switch thresholds: 0.005788478534668684 0.5093014240264893 0.9999932050704956
Test Success Rate: 0.0
Epoch 1
LossPi 0.2691341070845723
LossQ 0.00047273038959598127
TotalEpisodes 15
TotalSuccesses 14
TotalEnvInteracts 2000
OnlineBurden 1745
NumSwitchToNov 28
NumSwitchToRisk 5
NumSwitchBack 31
Test Success Rate: 0.1
Epoch 2
LossPi 0.26864814960105077
LossQ 0.0007120946095083127
TotalEpisodes 30
TotalSuccesses 29
TotalEnvInteracts 4000
OnlineBurden 3745
NumSwitchToNov 42
NumSwitchToRisk 7
NumSwitchBack 31
len(estimates): 30, New switch thresholds: 0.00731402263045311 0.506485641002655 0.9999992847442627
len(estimates): 40, New switch thresholds: 0.00731402263045311 0.506485641002655 0.9999995231628418
len(estimates): 41, New switch thresholds: 0.00731402263045311 0.506485641002655 0.9999995231628418
len(estimates): 42, New switch thresholds: 0.00784360896795988 0.506072998046875 0.9999995231628418
len(estimates): 43, New switch thresholds: 0.008363274857401848 0.5057973265647888 0.9999994039535522
len(estimates): 44, New switch thresholds: 0.008363274857401848 0.5053380727767944 0.9999994039535522
len(estimates): 45, New switch thresholds: 0.011006249114871025 0.5053380727767944 0.9999992847442627
len(estimates): 46, New switch thresholds: 0.011006249114871025 0.505292534828186 0.9999992847442627
len(estimates): 47, New switch thresholds: 0.011006249114871025 0.5051759481430054 0.9999992847442627
len(estimates): 108, New switch thresholds: 0.008447392843663692 0.5062760710716248 0.9999992847442627
len(estimates): 109, New switch thresholds: 0.009169181808829308 0.506072998046875 0.9999992847442627
len(estimates): 112, New switch thresholds: 0.008447392843663692 0.506072998046875 0.9999992847442627
len(estimates): 113, New switch thresholds: 0.008817489258944988 0.5058431625366211 0.9999992847442627
Test Success Rate: 0.7
Epoch 3
LossPi 0.264909334987402
LossQ 0.0008274152628078081
TotalEpisodes 45
TotalSuccesses 44
TotalEnvInteracts 6000
OnlineBurden 5650
NumSwitchToNov 55
NumSwitchToRisk 12
NumSwitchBack 38
Test Success Rate: 0.2
Epoch 4
LossPi 0.2594098160025146
LossQ 0.0008630013662241254
TotalEpisodes 60
TotalSuccesses 59
TotalEnvInteracts 8000
OnlineBurden 7650
NumSwitchToNov 57
NumSwitchToRisk 26
NumSwitchBack 38
len(estimates): 26, New switch thresholds: 0.010009477846324444 0.4991634786128998 0.9999996423721313
len(estimates): 91, New switch thresholds: 0.007311967201530933 0.5011175870895386 0.5052341818809509
len(estimates): 129, New switch thresholds: 0.007901462726294994 0.5018129944801331 0.5488870143890381
len(estimates): 163, New switch thresholds: 0.007311967201530933 0.5027261972427368 0.6135761141777039
len(estimates): 193, New switch thresholds: 0.006051785312592983 0.5031856894493103 0.8686020970344543
len(estimates): 224, New switch thresholds: 0.005909592844545841 0.5033318400382996 0.9700888991355896
len(estimates): 248, New switch thresholds: 0.006051785312592983 0.5034000873565674 0.992615818977356
len(estimates): 271, New switch thresholds: 0.005909592844545841 0.5034763813018799 0.9963805079460144
len(estimates): 301, New switch thresholds: 0.005632153246551752 0.5035760998725891 0.9989456534385681
len(estimates): 311, New switch thresholds: 0.005632153246551752 0.5035760998725891 0.999123752117157
len(estimates): 327, New switch thresholds: 0.005640223156660795 0.5035760998725891 0.999572217464447
len(estimates): 343, New switch thresholds: 0.005640223156660795 0.5036317706108093 0.9997108578681946
len(estimates): 344, New switch thresholds: 0.005909592844545841 0.5035760998725891 0.9997108578681946
Test Success Rate: 0.0
Epoch 5
LossPi 0.25875953594118356
LossQ 0.0010554347590167163
TotalEpisodes 75
TotalSuccesses 74
TotalEnvInteracts 10000
OnlineBurden 9339
NumSwitchToNov 83
NumSwitchToRisk 33
NumSwitchBack 58

Keys      	Command
q         	reset simulation
spacebar  	toggle gripper (open/close)
w-a-s-d   	move arm horizontally in x-y plane
r-f       	move arm vertically
z-x       	rotate arm about x-axis
t-g       	rotate arm about y-axis
c-v       	rotate arm about z-axis
ESC       	quit

Warning: Log dir /iliad/u/madeline/thriftydagger/data/nov27_thriftydagger_pick_place_alpha0.25/nov27_thriftydagger_pick_place_alpha0.25_s4 already exists! Storing info there anyway.
[32;1mLogging data to /iliad/u/madeline/thriftydagger/data/nov27_thriftydagger_pick_place_alpha0.25/nov27_thriftydagger_pick_place_alpha0.25_s4/progress.txt[0m
[36;1mSaving config:
[0m
{
    "ac_kwargs":	{},
    "actor_critic":	"Ensemble",
    "algo_sup":	true,
    "batch_size":	100,
    "bc_epochs":	5,
    "bc_only":	false,
    "device_idx":	null,
    "exp_name":	"nov27_thriftydagger_pick_place_alpha0.25",
    "gamma":	0.9999,
    "grad_steps":	500,
    "hg_dagger":	null,
    "hg_oracle_thresh":	0.2,
    "init_model":	null,
    "input_file":	"/iliad/u/madeline/thriftydagger/data/testpickplace/testpickplace_s4/pick-place-data.pkl",
    "iters":	5,
    "logger":	{
        "<thrifty.utils.logx.EpochLogger object at 0x7fe13c22fa90>":	{
            "epoch_dict":	{},
            "exp_name":	"nov27_thriftydagger_pick_place_alpha0.25",
            "first_row":	true,
            "log_current_row":	{},
            "log_headers":	[],
            "output_dir":	"/iliad/u/madeline/thriftydagger/data/nov27_thriftydagger_pick_place_alpha0.25/nov27_thriftydagger_pick_place_alpha0.25_s4",
            "output_file":	{
                "<_io.TextIOWrapper name='/iliad/u/madeline/thriftydagger/data/nov27_thriftydagger_pick_place_alpha0.25/nov27_thriftydagger_pick_place_alpha0.25_s4/progress.txt' mode='w' encoding='UTF-8'>":	{
                    "mode":	"w"
                }
            }
        }
    },
    "logger_kwargs":	{
        "exp_name":	"nov27_thriftydagger_pick_place_alpha0.25",
        "output_dir":	"/iliad/u/madeline/thriftydagger/data/nov27_thriftydagger_pick_place_alpha0.25/nov27_thriftydagger_pick_place_alpha0.25_s4"
    },
    "num_nets":	5,
    "num_test_episodes":	10,
    "obs_per_iter":	2000,
    "pi_lr":	0.001,
    "q_learning":	true,
    "replay_size":	30000,
    "robosuite":	true,
    "robosuite_cfg":	{
        "INPUT_DEVICE":	{
            "<robosuite.devices.keyboard.Keyboard object at 0x7fe0e9132b20>":	{
                "_enabled":	false,
                "_pos_step":	0.05,
                "_reset_state":	0,
                "grasp":	false,
                "last_drotation":	"[0. 0. 0.]",
                "last_pos":	"[0. 0. 0.]",
                "pos":	"[0. 0. 0.]",
                "pos_sensitivity":	0.5,
                "raw_drotation":	"[0. 0. 0.]",
                "rot_sensitivity":	3.0,
                "rotation":	"[[-1.  0.  0.]\n [ 0.  1.  0.]\n [ 0.  0. -1.]]"
            }
        },
        "MAX_EP_LEN":	200
    },
    "seed":	4,
    "stochastic_expert":	false,
    "target_rate":	0.25,
    "test_intervention_eps":	null
}
Net #0
LossPi 0.3845713395178318
LossValid 0.1954520212444193
LossPi 0.2731024309694767
LossValid 0.15855553144946516
LossPi 0.24263096064329148
LossValid 0.14926091839638542
LossPi 0.2196571833193302
LossValid 0.14170285392953386
LossPi 0.20223958766460418
LossValid 0.13879194419886354
Net #1
LossPi 0.40690790393948556
LossValid 0.17777561734658373
LossPi 0.2761344813406467
LossValid 0.15892850326866637
LossPi 0.2402078556716442
LossValid 0.14397477563752276
LossPi 0.21704750248789786
LossValid 0.1537916472171313
LossPi 0.19844469848275184
LossValid 0.14705103848539466
Net #2
LossPi 0.39247792571783063
LossValid 0.1882170913884511
LossPi 0.2700418102145195
LossValid 0.16995621990244353
LossPi 0.23789427331089974
LossValid 0.1566994482999131
LossPi 0.2185954747200012
LossValid 0.1554338003982099
LossPi 0.2012778422087431
LossValid 0.13678020038620173
Net #3
LossPi 0.39935771429538724
LossValid 0.2123507173183288
LossPi 0.26990388822555544
LossValid 0.1578029494209621
LossPi 0.24053133794665338
LossValid 0.16098296775807283
LossPi 0.216767865806818
LossValid 0.15840383666842778
LossPi 0.19578411050140856
LossValid 0.1529600324910823
Net #4
LossPi 0.39692436808347703
LossValid 0.19928365710597565
LossPi 0.27839003098011017
LossValid 0.171856771255195
LossPi 0.2507681478559971
LossValid 0.14462277276697952
LossPi 0.2288484447002411
LossValid 0.1552120117445715
LossPi 0.21235273280739783
LossValid 0.12965992737031024
Estimated switch-back threshold: 0.20425573035964706
Estimated switch-to threshold: 0.0035932010505348444
Test Success Rate: 0.2
Epoch 0
LossQ 0.00038318685242294125
TotalEpisodes 0
TotalSuccesses 0
TotalEnvInteracts 0
OnlineBurden 0
NumSwitchToNov 0
NumSwitchToRisk 0
NumSwitchBack 0
len(estimates): 77, New switch thresholds: 0.003090319922193885 0.5188509821891785 0.6448508501052856
len(estimates): 117, New switch thresholds: 0.002944882260635495 0.5407494902610779 0.9881369471549988
len(estimates): 140, New switch thresholds: 0.0032645247410982847 0.5614364147186279 0.9989832043647766
len(estimates): 163, New switch thresholds: 0.0032645247410982847 0.6254543662071228 0.9998186230659485
len(estimates): 175, New switch thresholds: 0.003314297180622816 0.6637841463088989 0.9998947381973267
len(estimates): 193, New switch thresholds: 0.0033470913767814636 0.7353094220161438 0.9999526739120483
len(estimates): 214, New switch thresholds: 0.0033987369388341904 0.8341222405433655 0.9999732971191406
len(estimates): 227, New switch thresholds: 0.0034692424815148115 0.8859679102897644 0.9999804496765137
len(estimates): 244, New switch thresholds: 0.0033987369388341904 0.953546941280365 0.9999865293502808
len(estimates): 256, New switch thresholds: 0.0033987369388341904 0.9736551642417908 0.9999886751174927
len(estimates): 271, New switch thresholds: 0.003331370884552598 0.9881369471549988 0.9999911785125732
len(estimates): 280, New switch thresholds: 0.0033470913767814636 0.9933810234069824 0.9999915361404419
len(estimates): 294, New switch thresholds: 0.0033917012624442577 0.9964677095413208 0.9999923706054688
len(estimates): 310, New switch thresholds: 0.0033202022314071655 0.9980918765068054 0.9999933242797852
len(estimates): 327, New switch thresholds: 0.0032645247410982847 0.9989005327224731 0.9999942779541016
len(estimates): 347, New switch thresholds: 0.0031238992232829332 0.9994245767593384 0.9999948740005493
len(estimates): 348, New switch thresholds: 0.0031264189165085554 0.9993665814399719 0.9999948740005493
Test Success Rate: 0.6
Epoch 1
LossPi 0.2716170389185349
LossQ 0.00044904383678919657
TotalEpisodes 16
TotalSuccesses 16
TotalEnvInteracts 2000
OnlineBurden 1734
NumSwitchToNov 81
NumSwitchToRisk 1
NumSwitchBack 76
len(estimates): 33, New switch thresholds: 0.0027841159608215094 0.9999978542327881 0.9999986886978149
len(estimates): 34, New switch thresholds: 0.0028549039270728827 0.9999971389770508 0.9999986886978149
len(estimates): 35, New switch thresholds: 0.0030368587467819452 0.9999969005584717 0.9999985694885254
len(estimates): 42, New switch thresholds: 0.0028549039270728827 0.9999971389770508 0.999998927116394
len(estimates): 53, New switch thresholds: 0.002819549525156617 0.9999980926513672 0.9999990463256836
len(estimates): 54, New switch thresholds: 0.0028549039270728827 0.9999978542327881 0.9999990463256836
len(estimates): 55, New switch thresholds: 0.0030368587467819452 0.9999971389770508 0.9999990463256836
len(estimates): 56, New switch thresholds: 0.0030368587467819452 0.9999969005584717 0.9999990463256836
len(estimates): 67, New switch thresholds: 0.0028549039270728827 0.9999978542327881 0.9999991655349731
len(estimates): 68, New switch thresholds: 0.0029232127126306295 0.9999971389770508 0.9999991655349731
len(estimates): 69, New switch thresholds: 0.0029232127126306295 0.9999971389770508 0.9999991655349731
len(estimates): 71, New switch thresholds: 0.0030368587467819452 0.9999969005584717 0.9999991655349731
len(estimates): 72, New switch thresholds: 0.0031018625013530254 0.9999964237213135 0.9999991655349731
len(estimates): 73, New switch thresholds: 0.0031018625013530254 0.9999964237213135 0.9999991655349731
Test Success Rate: 0.3
Epoch 2
LossPi 0.27043366116923945
LossQ 0.0007371046907145683
TotalEpisodes 31
TotalSuccesses 31
TotalEnvInteracts 4000
OnlineBurden 3683
NumSwitchToNov 99
NumSwitchToRisk 5
NumSwitchBack 87
len(estimates): 27, New switch thresholds: 0.006044290494173765 0.9999997615814209 1.0
len(estimates): 28, New switch thresholds: 0.0068896980956196785 0.9999996423721313 1.0
len(estimates): 29, New switch thresholds: 0.006044290494173765 0.9999996423721313 1.0
len(estimates): 30, New switch thresholds: 0.006044290494173765 0.5048232674598694 1.0
len(estimates): 31, New switch thresholds: 0.006044290494173765 0.5043734908103943 1.0
len(estimates): 32, New switch thresholds: 0.0068896980956196785 0.504314661026001 1.0
len(estimates): 33, New switch thresholds: 0.0068896980956196785 0.504314661026001 1.0
len(estimates): 34, New switch thresholds: 0.0068896980956196785 0.5042564272880554 1.0
len(estimates): 35, New switch thresholds: 0.0071806940250098705 0.5038892030715942 0.9999998807907104
len(estimates): 36, New switch thresholds: 0.007224471773952246 0.5037036538124084 0.9999998807907104
len(estimates): 37, New switch thresholds: 0.0071806940250098705 0.5037036538124084 0.9999998807907104
len(estimates): 38, New switch thresholds: 0.007224471773952246 0.5037036538124084 0.9999998807907104
Test Success Rate: 0.7
Epoch 3
LossPi 0.2648390367973596
LossQ 0.000740750865716509
TotalEpisodes 46
TotalSuccesses 46
TotalEnvInteracts 6000
OnlineBurden 5673
NumSwitchToNov 122
NumSwitchToRisk 10
NumSwitchBack 99
len(estimates): 36, New switch thresholds: 0.006431860383599997 0.49881240725517273 1.0
len(estimates): 37, New switch thresholds: 0.0063846823759377 0.49881240725517273 1.0
len(estimates): 38, New switch thresholds: 0.0063846823759377 0.49869534373283386 1.0
len(estimates): 39, New switch thresholds: 0.0063846823759377 0.49859532713890076 1.0
len(estimates): 64, New switch thresholds: 0.004418001044541597 0.49918675422668457 0.5006886124610901
len(estimates): 120, New switch thresholds: 0.003283404977992177 0.5004655718803406 0.5682357549667358
len(estimates): 121, New switch thresholds: 0.003283404977992177 0.5004655718803406 0.5520696640014648
Test Success Rate: 0.4
Epoch 4
LossPi 0.2596970458669795
LossQ 0.0008357709950858953
TotalEpisodes 61
TotalSuccesses 60
TotalEnvInteracts 8000
OnlineBurden 7578
NumSwitchToNov 134
NumSwitchToRisk 24
NumSwitchBack 110
len(estimates): 34, New switch thresholds: 0.0017347887624055147 0.8279427886009216 0.9828510284423828
len(estimates): 57, New switch thresholds: 0.0018384124850854278 0.9480507373809814 0.9986236095428467
len(estimates): 71, New switch thresholds: 0.0023294331040233374 0.9718400835990906 0.9998137354850769
len(estimates): 85, New switch thresholds: 0.0025825011543929577 0.9887574315071106 0.9999047517776489
len(estimates): 100, New switch thresholds: 0.0033244513906538486 0.9934705495834351 0.9999597072601318
len(estimates): 112, New switch thresholds: 0.0033244513906538486 0.9955343008041382 0.9999734163284302
len(estimates): 126, New switch thresholds: 0.003259877907112241 0.9978454113006592 0.9999821186065674
len(estimates): 134, New switch thresholds: 0.003269691253080964 0.998289167881012 0.9999904632568359
len(estimates): 135, New switch thresholds: 0.003269691253080964 0.9978454113006592 0.999987006187439
len(estimates): 150, New switch thresholds: 0.0033244513906538486 0.9990731477737427 0.9999935626983643
len(estimates): 151, New switch thresholds: 0.003326820908114314 0.9986236095428467 0.999993085861206
len(estimates): 159, New switch thresholds: 0.003336878027766943 0.9990731477737427 0.9999938011169434
len(estimates): 170, New switch thresholds: 0.0035692770034074783 0.9996402263641357 0.9999948740005493
len(estimates): 181, New switch thresholds: 0.003422671929001808 0.9998130202293396 0.9999954700469971
len(estimates): 192, New switch thresholds: 0.00361199420876801 0.9998137354850769 0.9999963045120239
len(estimates): 193, New switch thresholds: 0.00361199420876801 0.9998137354850769 0.9999961853027344
Test Success Rate: 0.4
Epoch 5
LossPi 0.2538067907717824
LossQ 0.0010427731122743718
TotalEpisodes 76
TotalSuccesses 75
TotalEnvInteracts 10000
OnlineBurden 9454
NumSwitchToNov 199
NumSwitchToRisk 28
NumSwitchBack 163

Keys      	Command
q         	reset simulation
spacebar  	toggle gripper (open/close)
w-a-s-d   	move arm horizontally in x-y plane
r-f       	move arm vertically
z-x       	rotate arm about x-axis
t-g       	rotate arm about y-axis
c-v       	rotate arm about z-axis
ESC       	quit

Warning: Log dir /iliad/u/madeline/thriftydagger/data/nov27_thriftydagger_pick_place_alpha0.5/nov27_thriftydagger_pick_place_alpha0.5_s4 already exists! Storing info there anyway.
[32;1mLogging data to /iliad/u/madeline/thriftydagger/data/nov27_thriftydagger_pick_place_alpha0.5/nov27_thriftydagger_pick_place_alpha0.5_s4/progress.txt[0m
[36;1mSaving config:
[0m
{
    "ac_kwargs":	{},
    "actor_critic":	"Ensemble",
    "algo_sup":	true,
    "batch_size":	100,
    "bc_epochs":	5,
    "bc_only":	false,
    "device_idx":	null,
    "exp_name":	"nov27_thriftydagger_pick_place_alpha0.5",
    "gamma":	0.9999,
    "grad_steps":	500,
    "hg_dagger":	null,
    "hg_oracle_thresh":	0.2,
    "init_model":	null,
    "input_file":	"/iliad/u/madeline/thriftydagger/data/testpickplace/testpickplace_s4/pick-place-data.pkl",
    "iters":	5,
    "logger":	{
        "<thrifty.utils.logx.EpochLogger object at 0x7fd1932bca90>":	{
            "epoch_dict":	{},
            "exp_name":	"nov27_thriftydagger_pick_place_alpha0.5",
            "first_row":	true,
            "log_current_row":	{},
            "log_headers":	[],
            "output_dir":	"/iliad/u/madeline/thriftydagger/data/nov27_thriftydagger_pick_place_alpha0.5/nov27_thriftydagger_pick_place_alpha0.5_s4",
            "output_file":	{
                "<_io.TextIOWrapper name='/iliad/u/madeline/thriftydagger/data/nov27_thriftydagger_pick_place_alpha0.5/nov27_thriftydagger_pick_place_alpha0.5_s4/progress.txt' mode='w' encoding='UTF-8'>":	{
                    "mode":	"w"
                }
            }
        }
    },
    "logger_kwargs":	{
        "exp_name":	"nov27_thriftydagger_pick_place_alpha0.5",
        "output_dir":	"/iliad/u/madeline/thriftydagger/data/nov27_thriftydagger_pick_place_alpha0.5/nov27_thriftydagger_pick_place_alpha0.5_s4"
    },
    "num_nets":	5,
    "num_test_episodes":	10,
    "obs_per_iter":	2000,
    "pi_lr":	0.001,
    "q_learning":	true,
    "replay_size":	30000,
    "robosuite":	true,
    "robosuite_cfg":	{
        "INPUT_DEVICE":	{
            "<robosuite.devices.keyboard.Keyboard object at 0x7fd1401bfb20>":	{
                "_enabled":	false,
                "_pos_step":	0.05,
                "_reset_state":	0,
                "grasp":	false,
                "last_drotation":	"[0. 0. 0.]",
                "last_pos":	"[0. 0. 0.]",
                "pos":	"[0. 0. 0.]",
                "pos_sensitivity":	0.5,
                "raw_drotation":	"[0. 0. 0.]",
                "rot_sensitivity":	3.0,
                "rotation":	"[[-1.  0.  0.]\n [ 0.  1.  0.]\n [ 0.  0. -1.]]"
            }
        },
        "MAX_EP_LEN":	200
    },
    "seed":	4,
    "stochastic_expert":	false,
    "target_rate":	0.5,
    "test_intervention_eps":	null
}
Net #0
LossPi 0.3845713395178318
LossValid 0.1954520212444193
LossPi 0.2731024309694767
LossValid 0.15855553144946516
LossPi 0.24263096064329148
LossValid 0.14926091839638542
LossPi 0.2196571833193302
LossValid 0.14170285392953386
LossPi 0.20223958766460418
LossValid 0.13879194419886354
Net #1
LossPi 0.40690790393948556
LossValid 0.17777561734658373
LossPi 0.2761344813406467
LossValid 0.15892850326866637
LossPi 0.2402078556716442
LossValid 0.14397477563752276
LossPi 0.21704750248789786
LossValid 0.1537916472171313
LossPi 0.19844469848275184
LossValid 0.14705103848539466
Net #2
LossPi 0.39247792571783063
LossValid 0.1882170913884511
LossPi 0.2700418102145195
LossValid 0.16995621990244353
LossPi 0.23789427331089974
LossValid 0.1566994482999131
LossPi 0.2185954747200012
LossValid 0.1554338003982099
LossPi 0.2012778422087431
LossValid 0.13678020038620173
Net #3
LossPi 0.39935771429538724
LossValid 0.2123507173183288
LossPi 0.26990388822555544
LossValid 0.1578029494209621
LossPi 0.24053133794665338
LossValid 0.16098296775807283
LossPi 0.216767865806818
LossValid 0.15840383666842778
LossPi 0.19578411050140856
LossValid 0.1529600324910823
Net #4
LossPi 0.39692436808347703
LossValid 0.19928365710597565
LossPi 0.27839003098011017
LossValid 0.171856771255195
LossPi 0.2507681478559971
LossValid 0.14462277276697952
LossPi 0.2288484447002411
LossValid 0.1552120117445715
LossPi 0.21235273280739783
LossValid 0.12965992737031024
Estimated switch-back threshold: 0.20425573035964706
Estimated switch-to threshold: 0.0017214376712217927
Test Success Rate: 0.2
Epoch 0
LossQ 0.0003861734601608623
TotalEpisodes 0
TotalSuccesses 0
TotalEnvInteracts 0
OnlineBurden 0
NumSwitchToNov 0
NumSwitchToRisk 0
NumSwitchBack 0
len(estimates): 60, New switch thresholds: 0.0020609383936971426 0.7735119462013245 0.8167796730995178
len(estimates): 93, New switch thresholds: 0.0018482438754290342 0.9984737038612366 0.9984737038612366
len(estimates): 109, New switch thresholds: 0.0019261727575212717 0.9997406601905823 0.9997406601905823
len(estimates): 120, New switch thresholds: 0.001956033054739237 0.9998786449432373 0.9999135732650757
len(estimates): 127, New switch thresholds: 0.001945076510310173 0.9999184608459473 0.9999184608459473
len(estimates): 138, New switch thresholds: 0.0019834216218441725 0.9999438524246216 0.9999567270278931
len(estimates): 152, New switch thresholds: 0.002051190473139286 0.9999723434448242 0.9999730587005615
len(estimates): 164, New switch thresholds: 0.002051190473139286 0.9999802112579346 0.999983549118042
len(estimates): 180, New switch thresholds: 0.002017358085140586 0.9999864101409912 0.9999866485595703
len(estimates): 190, New switch thresholds: 0.002017358085140586 0.9999876022338867 0.9999884366989136
len(estimates): 200, New switch thresholds: 0.0019834216218441725 0.9999890327453613 0.9999892711639404
len(estimates): 202, New switch thresholds: 0.0019834216218441725 0.9999890327453613 0.9999892711639404
len(estimates): 210, New switch thresholds: 0.002017358085140586 0.9999905824661255 0.9999908208847046
len(estimates): 224, New switch thresholds: 0.0019696431700140238 0.9999922513961792 0.9999924898147583
len(estimates): 241, New switch thresholds: 0.001945076510310173 0.999994158744812 0.999994158744812
len(estimates): 254, New switch thresholds: 0.001942971022799611 0.9999943971633911 0.9999943971633911
len(estimates): 255, New switch thresholds: 0.001942971022799611 0.9999943971633911 0.9999943971633911
Test Success Rate: 0.3
Epoch 1
LossPi 0.27285333876709145
LossQ 0.0004421278997801164
TotalEpisodes 16
TotalSuccesses 16
TotalEnvInteracts 2000
OnlineBurden 1884
NumSwitchToNov 138
NumSwitchToRisk 1
NumSwitchBack 128
len(estimates): 30, New switch thresholds: 0.00227698078379035 0.9999996423721313 0.9999997615814209
len(estimates): 31, New switch thresholds: 0.00227698078379035 0.9999996423721313 0.9999996423721313
len(estimates): 32, New switch thresholds: 0.002342830179259181 0.9999996423721313 0.9999996423721313
len(estimates): 33, New switch thresholds: 0.00227698078379035 0.9999996423721313 0.9999996423721313
len(estimates): 34, New switch thresholds: 0.00227698078379035 0.9999996423721313 0.9999996423721313
len(estimates): 35, New switch thresholds: 0.00227698078379035 0.9999996423721313 0.9999996423721313
len(estimates): 36, New switch thresholds: 0.002342830179259181 0.9999995231628418 0.9999996423721313
len(estimates): 37, New switch thresholds: 0.00227698078379035 0.9999995231628418 0.9999995231628418
len(estimates): 38, New switch thresholds: 0.002342830179259181 0.9999995231628418 0.9999995231628418
len(estimates): 39, New switch thresholds: 0.002342830179259181 0.9999995231628418 0.9999995231628418
len(estimates): 40, New switch thresholds: 0.0023704960476607084 0.9999994039535522 0.9999995231628418
len(estimates): 41, New switch thresholds: 0.0023704960476607084 0.9999994039535522 0.9999994039535522
len(estimates): 42, New switch thresholds: 0.0024904944002628326 0.9999992847442627 0.9999994039535522
Test Success Rate: 0.2
Epoch 2
LossPi 0.27126887687785284
LossQ 0.0006763272217357917
TotalEpisodes 31
TotalSuccesses 31
TotalEnvInteracts 4000
OnlineBurden 3869
NumSwitchToNov 162
NumSwitchToRisk 4
NumSwitchBack 140
len(estimates): 32, New switch thresholds: 0.0020632122177630663 1.0 1.0
len(estimates): 33, New switch thresholds: 0.0020632122177630663 1.0 1.0
len(estimates): 34, New switch thresholds: 0.0021892038639634848 0.9999998807907104 1.0
len(estimates): 35, New switch thresholds: 0.0021892038639634848 0.9999998807907104 0.9999998807907104
len(estimates): 36, New switch thresholds: 0.0023665311746299267 0.9999998807907104 0.9999998807907104
len(estimates): 37, New switch thresholds: 0.0023665311746299267 0.9999998807907104 0.9999998807907104
Test Success Rate: 0.3
Epoch 3
LossPi 0.2671760624155402
LossQ 0.0007871889124626432
TotalEpisodes 46
TotalSuccesses 46
TotalEnvInteracts 6000
OnlineBurden 5850
NumSwitchToNov 180
NumSwitchToRisk 4
NumSwitchBack 142
Test Success Rate: 0.6
Epoch 4
LossPi 0.260947904966606
LossQ 0.001104567014811182
TotalEpisodes 61
TotalSuccesses 61
TotalEnvInteracts 8000
OnlineBurden 7850
NumSwitchToNov 196
NumSwitchToRisk 6
NumSwitchBack 144
Test Success Rate: 0.3
Epoch 5
LossPi 0.2569506074208021
LossQ 0.001110342796667901
TotalEpisodes 76
TotalSuccesses 76
TotalEnvInteracts 10000
OnlineBurden 9850
NumSwitchToNov 210
NumSwitchToRisk 8
NumSwitchBack 144

Keys      	Command
q         	reset simulation
spacebar  	toggle gripper (open/close)
w-a-s-d   	move arm horizontally in x-y plane
r-f       	move arm vertically
z-x       	rotate arm about x-axis
t-g       	rotate arm about y-axis
c-v       	rotate arm about z-axis
ESC       	quit

Warning: Log dir /iliad/u/madeline/thriftydagger/data/nov27_thriftydagger_pick_place_alpha1.0/nov27_thriftydagger_pick_place_alpha1.0_s4 already exists! Storing info there anyway.
[32;1mLogging data to /iliad/u/madeline/thriftydagger/data/nov27_thriftydagger_pick_place_alpha1.0/nov27_thriftydagger_pick_place_alpha1.0_s4/progress.txt[0m
[36;1mSaving config:
[0m
{
    "ac_kwargs":	{},
    "actor_critic":	"Ensemble",
    "algo_sup":	true,
    "batch_size":	100,
    "bc_epochs":	5,
    "bc_only":	false,
    "device_idx":	null,
    "exp_name":	"nov27_thriftydagger_pick_place_alpha1.0",
    "gamma":	0.9999,
    "grad_steps":	500,
    "hg_dagger":	null,
    "hg_oracle_thresh":	0.2,
    "init_model":	null,
    "input_file":	"/iliad/u/madeline/thriftydagger/data/testpickplace/testpickplace_s4/pick-place-data.pkl",
    "iters":	5,
    "logger":	{
        "<thrifty.utils.logx.EpochLogger object at 0x7ff7e27769a0>":	{
            "epoch_dict":	{},
            "exp_name":	"nov27_thriftydagger_pick_place_alpha1.0",
            "first_row":	true,
            "log_current_row":	{},
            "log_headers":	[],
            "output_dir":	"/iliad/u/madeline/thriftydagger/data/nov27_thriftydagger_pick_place_alpha1.0/nov27_thriftydagger_pick_place_alpha1.0_s4",
            "output_file":	{
                "<_io.TextIOWrapper name='/iliad/u/madeline/thriftydagger/data/nov27_thriftydagger_pick_place_alpha1.0/nov27_thriftydagger_pick_place_alpha1.0_s4/progress.txt' mode='w' encoding='UTF-8'>":	{
                    "mode":	"w"
                }
            }
        }
    },
    "logger_kwargs":	{
        "exp_name":	"nov27_thriftydagger_pick_place_alpha1.0",
        "output_dir":	"/iliad/u/madeline/thriftydagger/data/nov27_thriftydagger_pick_place_alpha1.0/nov27_thriftydagger_pick_place_alpha1.0_s4"
    },
    "num_nets":	5,
    "num_test_episodes":	10,
    "obs_per_iter":	2000,
    "pi_lr":	0.001,
    "q_learning":	true,
    "replay_size":	30000,
    "robosuite":	true,
    "robosuite_cfg":	{
        "INPUT_DEVICE":	{
            "<robosuite.devices.keyboard.Keyboard object at 0x7ff78f6799d0>":	{
                "_enabled":	false,
                "_pos_step":	0.05,
                "_reset_state":	0,
                "grasp":	false,
                "last_drotation":	"[0. 0. 0.]",
                "last_pos":	"[0. 0. 0.]",
                "pos":	"[0. 0. 0.]",
                "pos_sensitivity":	0.5,
                "raw_drotation":	"[0. 0. 0.]",
                "rot_sensitivity":	3.0,
                "rotation":	"[[-1.  0.  0.]\n [ 0.  1.  0.]\n [ 0.  0. -1.]]"
            }
        },
        "MAX_EP_LEN":	200
    },
    "seed":	4,
    "stochastic_expert":	false,
    "target_rate":	1.0,
    "test_intervention_eps":	null
}
Net #0
LossPi 0.3845713395178318
LossValid 0.1954520212444193
LossPi 0.2731024309694767
LossValid 0.15855553144946516
LossPi 0.24263096064329148
LossValid 0.14926091839638542
LossPi 0.2196571833193302
LossValid 0.14170285392953386
LossPi 0.20223958766460418
LossValid 0.13879194419886354
Net #1
LossPi 0.40690790393948556
LossValid 0.17777561734658373
LossPi 0.2761344813406467
LossValid 0.15892850326866637
LossPi 0.2402078556716442
LossValid 0.14397477563752276
LossPi 0.21704750248789786
LossValid 0.1537916472171313
LossPi 0.19844469848275184
LossValid 0.14705103848539466
Net #2
LossPi 0.39247792571783063
LossValid 0.1882170913884511
LossPi 0.2700418102145195
LossValid 0.16995621990244353
LossPi 0.23789427331089974
LossValid 0.1566994482999131
LossPi 0.2185954747200012
LossValid 0.1554338003982099
LossPi 0.2012778422087431
LossValid 0.13678020038620173
Net #3
LossPi 0.39935771429538724
LossValid 0.2123507173183288
LossPi 0.26990388822555544
LossValid 0.1578029494209621
LossPi 0.24053133794665338
LossValid 0.16098296775807283
LossPi 0.216767865806818
LossValid 0.15840383666842778
LossPi 0.19578411050140856
LossValid 0.1529600324910823
Net #4
LossPi 0.39692436808347703
LossValid 0.19928365710597565
LossPi 0.27839003098011017
LossValid 0.171856771255195
LossPi 0.2507681478559971
LossValid 0.14462277276697952
LossPi 0.2288484447002411
LossValid 0.1552120117445715
LossPi 0.21235273280739783
LossValid 0.12965992737031024
Estimated switch-back threshold: 0.20425573035964706
Estimated switch-to threshold: 0.00013798545114696026
Test Success Rate: 0.2
Epoch 0
LossQ 0.0003972988066016023
TotalEpisodes 0
TotalSuccesses 0
TotalEnvInteracts 0
OnlineBurden 0
NumSwitchToNov 0
NumSwitchToRisk 0
NumSwitchBack 0
len(estimates): 52, New switch thresholds: 0.0008692741394042969 0.9999996423721313 0.7250468730926514
len(estimates): 74, New switch thresholds: 0.0008692741394042969 0.9999997615814209 0.9963490962982178
len(estimates): 90, New switch thresholds: 0.0008692741394042969 0.9999997615814209 0.9994582533836365
len(estimates): 100, New switch thresholds: 0.0008692741394042969 0.9999997615814209 0.9998169541358948
len(estimates): 105, New switch thresholds: 0.0008692741394042969 0.9999997615814209 0.9998169541358948
len(estimates): 115, New switch thresholds: 0.0008692741394042969 0.9999997615814209 0.9998965263366699
len(estimates): 131, New switch thresholds: 0.0008692741394042969 0.9999997615814209 0.9999449253082275
len(estimates): 140, New switch thresholds: 0.0008692741394042969 0.9999997615814209 0.9999550580978394
len(estimates): 154, New switch thresholds: 0.0007743412279523909 0.9999997615814209 0.9999725818634033
len(estimates): 160, New switch thresholds: 0.0007743412279523909 0.9999997615814209 0.9999732971191406
len(estimates): 170, New switch thresholds: 0.0007227900787256658 0.9999997615814209 0.9999759197235107
len(estimates): 175, New switch thresholds: 0.0007227900787256658 0.9999997615814209 0.9999759197235107
len(estimates): 183, New switch thresholds: 0.0007227900787256658 0.9999997615814209 0.9999779462814331
len(estimates): 194, New switch thresholds: 0.0005301017663441598 0.9999997615814209 0.9999817609786987
len(estimates): 209, New switch thresholds: 0.0005301017663441598 1.0 0.999984622001648
len(estimates): 219, New switch thresholds: 0.0005301017663441598 1.0 0.9999865293502808
len(estimates): 220, New switch thresholds: 0.0005301017663441598 1.0 0.9999865293502808
Test Success Rate: 0.5
Epoch 1
LossPi 0.27615861999938884
LossQ 0.0004885005917156741
TotalEpisodes 16
TotalSuccesses 16
TotalEnvInteracts 2000
OnlineBurden 2000
NumSwitchToNov 215
NumSwitchToRisk 5
NumSwitchBack 203
len(estimates): 28, New switch thresholds: 0.0003040934097953141 1.0 0.9999986886978149
len(estimates): 29, New switch thresholds: 0.0003040934097953141 1.0 0.9999984502792358
len(estimates): 30, New switch thresholds: 0.0003040934097953141 1.0 0.9999984502792358
len(estimates): 31, New switch thresholds: 0.0003040934097953141 1.0 0.9999983310699463
len(estimates): 32, New switch thresholds: 0.0003040934097953141 1.0 0.9999983310699463
len(estimates): 33, New switch thresholds: 0.0003040934097953141 1.0 0.999997615814209
len(estimates): 34, New switch thresholds: 0.0003040934097953141 1.0 0.999997615814209
len(estimates): 35, New switch thresholds: 0.0003040934097953141 1.0 0.9999974966049194
len(estimates): 45, New switch thresholds: 0.0003040934097953141 1.0 0.9999986886978149
len(estimates): 46, New switch thresholds: 0.0003040934097953141 1.0 0.9999986886978149
len(estimates): 47, New switch thresholds: 0.0003040934097953141 1.0 0.9999984502792358
len(estimates): 53, New switch thresholds: 0.0003040934097953141 1.0 0.9999990463256836
len(estimates): 54, New switch thresholds: 0.0003040934097953141 1.0 0.9999990463256836
Test Success Rate: 0.4
Epoch 2
LossPi 0.2754129659358944
LossQ 0.0008309884623020116
TotalEpisodes 31
TotalSuccesses 31
TotalEnvInteracts 4000
OnlineBurden 4000
NumSwitchToNov 263
NumSwitchToRisk 11
NumSwitchBack 241
len(estimates): 33, New switch thresholds: 0.00020977621898055077 1.0 0.9999998807907104
len(estimates): 34, New switch thresholds: 0.00020977621898055077 1.0 0.9999998807907104
len(estimates): 39, New switch thresholds: 0.00020977621898055077 1.0 0.9999998807907104
len(estimates): 40, New switch thresholds: 0.00020977621898055077 1.0 0.9999998807907104
len(estimates): 42, New switch thresholds: 0.00020977621898055077 1.0 0.9999998807907104
len(estimates): 45, New switch thresholds: 0.00020977621898055077 1.0 0.9999998807907104
len(estimates): 46, New switch thresholds: 0.00020977621898055077 1.0 0.9999998807907104
len(estimates): 47, New switch thresholds: 0.00020977621898055077 1.0 0.9999998807907104
len(estimates): 48, New switch thresholds: 0.00020977621898055077 1.0 0.9999998807907104
len(estimates): 49, New switch thresholds: 0.00020977621898055077 1.0 0.9999997615814209
len(estimates): 54, New switch thresholds: 0.00020977621898055077 1.0 0.9999998807907104
Test Success Rate: 0.6
Epoch 3
LossPi 0.26572684780173006
LossQ 0.0006322337732861433
TotalEpisodes 47
TotalSuccesses 47
TotalEnvInteracts 6000
OnlineBurden 6000
NumSwitchToNov 314
NumSwitchToRisk 14
NumSwitchBack 279
len(estimates): 27, New switch thresholds: 0.0003866224142257124 1.0 1.0
len(estimates): 28, New switch thresholds: 0.0003866224142257124 1.0 1.0
len(estimates): 29, New switch thresholds: 0.0003866224142257124 1.0 1.0
len(estimates): 30, New switch thresholds: 0.0003866224142257124 1.0 1.0
len(estimates): 31, New switch thresholds: 0.0003866224142257124 1.0 1.0
len(estimates): 32, New switch thresholds: 0.0003866224142257124 1.0 1.0
len(estimates): 33, New switch thresholds: 0.0003866224142257124 1.0 1.0
len(estimates): 34, New switch thresholds: 0.0003866224142257124 1.0 1.0
len(estimates): 35, New switch thresholds: 0.0003866224142257124 1.0 1.0
len(estimates): 36, New switch thresholds: 0.0003866224142257124 1.0 1.0
len(estimates): 37, New switch thresholds: 0.0003866224142257124 1.0 1.0
Test Success Rate: 0.5
Epoch 4
LossPi 0.263042959827847
LossQ 0.0006049897583648635
TotalEpisodes 63
TotalSuccesses 63
TotalEnvInteracts 8000
OnlineBurden 8000
NumSwitchToNov 351
NumSwitchToRisk 14
NumSwitchBack 300
Test Success Rate: 0.4
Epoch 5
LossPi 0.25777945161163807
LossQ 0.0009153816503925555
TotalEpisodes 79
TotalSuccesses 79
TotalEnvInteracts 10000
OnlineBurden 10000
NumSwitchToNov 368
NumSwitchToRisk 14
NumSwitchBack 300
