
Keys      	Command
q         	reset simulation
spacebar  	toggle gripper (open/close)
w-a-s-d   	move arm horizontally in x-y plane
r-f       	move arm vertically
z-x       	rotate arm about x-axis
t-g       	rotate arm about y-axis
c-v       	rotate arm about z-axis
ESC       	quit

Warning: Log dir /iliad/u/madeline/thriftydagger/data/dec1_retrain_hgdagger_pick_place_threshold0.01/dec1_retrain_hgdagger_pick_place_threshold0.01_s4 already exists! Storing info there anyway.
[32;1mLogging data to /iliad/u/madeline/thriftydagger/data/dec1_retrain_hgdagger_pick_place_threshold0.01/dec1_retrain_hgdagger_pick_place_threshold0.01_s4/progress.txt[0m
[36;1mSaving config:
[0m
{
    "ac_kwargs":	{},
    "actor_critic":	"Ensemble",
    "algo_sup":	true,
    "batch_size":	100,
    "bc_epochs":	5,
    "bc_only":	false,
    "device_idx":	null,
    "exp_name":	"dec1_retrain_hgdagger_pick_place_threshold0.01",
    "gamma":	0.9999,
    "grad_steps":	500,
    "hg_dagger":	"hg_dagger_wait",
    "hg_oracle_thresh":	0.01,
    "init_model":	null,
    "input_file":	"/iliad/u/madeline/thriftydagger/data/testpickplace/testpickplace_s4/pick-place-data.pkl",
    "iters":	5,
    "logger":	{
        "<thrifty.utils.logx.EpochLogger object at 0x7f9d59a277f0>":	{
            "epoch_dict":	{},
            "exp_name":	"dec1_retrain_hgdagger_pick_place_threshold0.01",
            "first_row":	true,
            "log_current_row":	{},
            "log_headers":	[],
            "output_dir":	"/iliad/u/madeline/thriftydagger/data/dec1_retrain_hgdagger_pick_place_threshold0.01/dec1_retrain_hgdagger_pick_place_threshold0.01_s4",
            "output_file":	{
                "<_io.TextIOWrapper name='/iliad/u/madeline/thriftydagger/data/dec1_retrain_hgdagger_pick_place_threshold0.01/dec1_retrain_hgdagger_pick_place_threshold0.01_s4/progress.txt' mode='w' encoding='UTF-8'>":	{
                    "mode":	"w"
                }
            }
        }
    },
    "logger_kwargs":	{
        "exp_name":	"dec1_retrain_hgdagger_pick_place_threshold0.01",
        "output_dir":	"/iliad/u/madeline/thriftydagger/data/dec1_retrain_hgdagger_pick_place_threshold0.01/dec1_retrain_hgdagger_pick_place_threshold0.01_s4"
    },
    "num_nets":	1,
    "num_test_episodes":	10,
    "obs_per_iter":	2000,
    "pi_lr":	0.001,
    "q_learning":	false,
    "replay_size":	30000,
    "robosuite":	true,
    "robosuite_cfg":	{
        "INPUT_DEVICE":	{
            "<robosuite.devices.keyboard.Keyboard object at 0x7f9d06928970>":	{
                "_enabled":	false,
                "_pos_step":	0.05,
                "_reset_state":	0,
                "grasp":	false,
                "last_drotation":	"[0. 0. 0.]",
                "last_pos":	"[0. 0. 0.]",
                "pos":	"[0. 0. 0.]",
                "pos_sensitivity":	0.5,
                "raw_drotation":	"[0. 0. 0.]",
                "rot_sensitivity":	3.0,
                "rotation":	"[[-1.  0.  0.]\n [ 0.  1.  0.]\n [ 0.  0. -1.]]"
            }
        },
        "MAX_EP_LEN":	200
    },
    "seed":	4,
    "stochastic_expert":	false,
    "target_rate":	0.01,
    "test_intervention_eps":	null
}
LossPi 0.40451200303435325
LossValid 0.18130991350197326
LossPi 0.28759104979038236
LossValid 0.1653553422300057
LossPi 0.2614388683438301
LossValid 0.15383562841929355
LossPi 0.242165689766407
LossValid 0.13943583949838914
LossPi 0.23159145444631576
LossValid 0.13127370284399423
Estimated switch-back threshold: 0.22297705088143113
Estimated switch-to threshold: 0.0
Epoch 0
TotalEpisodes 0
TotalSuccesses 0
TotalEnvInteracts 0
OnlineBurden 0
NumSwitchToNov 0
NumSwitchToRisk 0
NumSwitchBack 0
len(estimates): 29, New switch thresholds: 0.0 0.47999247908592224 0.48185449838638306
len(estimates): 45, New switch thresholds: 0.0 0.47999247908592224 0.48230403661727905
len(estimates): 60, New switch thresholds: 0.0 0.47999247908592224 0.48482006788253784
len(estimates): 74, New switch thresholds: 0.0 0.47999247908592224 0.48492327332496643
len(estimates): 92, New switch thresholds: 0.0 0.47999247908592224 0.48492327332496643
len(estimates): 97, New switch thresholds: 0.0 0.47999247908592224 0.4850347340106964
len(estimates): 108, New switch thresholds: 0.0 0.4803463816642761 0.48534443974494934
len(estimates): 124, New switch thresholds: 0.0 0.4803463816642761 0.48582273721694946
len(estimates): 135, New switch thresholds: 0.0 0.4803463816642761 0.48583343625068665
len(estimates): 143, New switch thresholds: 0.0 0.4803077280521393 0.48573723435401917
len(estimates): 149, New switch thresholds: 0.0 0.4803077280521393 0.48583343625068665
len(estimates): 155, New switch thresholds: 0.0 0.4803077280521393 0.48598238825798035
len(estimates): 169, New switch thresholds: 0.0 0.4803077280521393 0.48622632026672363
len(estimates): 186, New switch thresholds: 0.0 0.4803077280521393 0.4860738515853882
len(estimates): 187, New switch thresholds: 0.0 0.4803077280521393 0.4860738515853882
Epoch 1
LossPi 0.2904118251899878
TotalEpisodes 16
TotalSuccesses 16
TotalEnvInteracts 2000
OnlineBurden 1889
NumSwitchToNov 76
NumSwitchToRisk 0
NumSwitchBack 59
len(estimates): 33, New switch thresholds: 0.0 0.49692270159721375 0.502312958240509
len(estimates): 57, New switch thresholds: 0.0 0.49692270159721375 0.5021159648895264
len(estimates): 70, New switch thresholds: 0.0 0.49692270159721375 0.5020413994789124
len(estimates): 93, New switch thresholds: 0.0 0.4910932183265686 0.4999346137046814
len(estimates): 102, New switch thresholds: 0.0 0.4913519322872162 0.5005138516426086
len(estimates): 112, New switch thresholds: 0.0 0.4913519322872162 0.501998245716095
len(estimates): 128, New switch thresholds: 0.0 0.4913519322872162 0.5016913414001465
len(estimates): 157, New switch thresholds: 0.0 0.4910932183265686 0.5008948445320129
len(estimates): 169, New switch thresholds: 0.0 0.4910932183265686 0.5004941821098328
len(estimates): 181, New switch thresholds: 0.0 0.4910932183265686 0.5002778768539429
len(estimates): 189, New switch thresholds: 0.0 0.4910932183265686 0.4999237060546875
len(estimates): 193, New switch thresholds: 0.0 0.4910932183265686 0.49988624453544617
len(estimates): 202, New switch thresholds: 0.0 0.49110743403434753 0.5002778768539429
len(estimates): 222, New switch thresholds: 0.0 0.49110743403434753 0.49995774030685425
len(estimates): 248, New switch thresholds: 0.0 0.49110743403434753 0.4999237060546875
Epoch 2
LossPi 0.2866218225274767
TotalEpisodes 32
TotalSuccesses 32
TotalEnvInteracts 4000
OnlineBurden 3730
NumSwitchToNov 165
NumSwitchToRisk 0
NumSwitchBack 131
len(estimates): 28, New switch thresholds: 0.0 0.45153889060020447 0.4624888002872467
len(estimates): 39, New switch thresholds: 0.0 0.45153889060020447 0.4624888002872467
len(estimates): 62, New switch thresholds: 0.0 0.44974154233932495 0.4624633491039276
len(estimates): 73, New switch thresholds: 0.0 0.44974154233932495 0.46259555220603943
len(estimates): 89, New switch thresholds: 0.0 0.44974154233932495 0.46255022287368774
len(estimates): 107, New switch thresholds: 0.0 0.4504562020301819 0.46268364787101746
len(estimates): 118, New switch thresholds: 0.0 0.4504562020301819 0.46292251348495483
len(estimates): 143, New switch thresholds: 0.0 0.4504562020301819 0.4627445936203003
len(estimates): 158, New switch thresholds: 0.0 0.4504562020301819 0.46292251348495483
len(estimates): 174, New switch thresholds: 0.0 0.4504562020301819 0.46268364787101746
len(estimates): 185, New switch thresholds: 0.0 0.4504562020301819 0.46277475357055664
len(estimates): 202, New switch thresholds: 0.0 0.45066460967063904 0.4636678397655487
len(estimates): 216, New switch thresholds: 0.0 0.44974154233932495 0.46292251348495483
len(estimates): 227, New switch thresholds: 0.0 0.44974154233932495 0.4635624289512634
len(estimates): 239, New switch thresholds: 0.0 0.44974154233932495 0.4639243185520172
len(estimates): 240, New switch thresholds: 0.0 0.44974154233932495 0.4639243185520172
Epoch 3
LossPi 0.2806324130743742
TotalEpisodes 48
TotalSuccesses 48
TotalEnvInteracts 6000
OnlineBurden 5580
NumSwitchToNov 255
NumSwitchToRisk 0
NumSwitchBack 204
len(estimates): 26, New switch thresholds: 0.0 0.47959810495376587 0.4886583387851715
len(estimates): 52, New switch thresholds: 0.0 0.47959810495376587 0.48827990889549255
len(estimates): 80, New switch thresholds: 0.0 0.47959810495376587 0.4887339472770691
len(estimates): 115, New switch thresholds: 0.0 0.4805453419685364 0.48883259296417236
len(estimates): 134, New switch thresholds: 0.0 0.4805453419685364 0.48903489112854004
len(estimates): 164, New switch thresholds: 0.0 0.4785035252571106 0.4886016249656677
len(estimates): 189, New switch thresholds: 0.0 0.4785035252571106 0.4889679551124573
len(estimates): 216, New switch thresholds: 0.0 0.4789029657840729 0.48897644877433777
len(estimates): 251, New switch thresholds: 0.0 0.47889354825019836 0.48881715536117554
len(estimates): 274, New switch thresholds: 0.0 0.4785035252571106 0.4890899658203125
len(estimates): 294, New switch thresholds: 0.0 0.4785035252571106 0.48879340291023254
len(estimates): 308, New switch thresholds: 0.0 0.47889354825019836 0.48881715536117554
len(estimates): 341, New switch thresholds: 0.0 0.47889354825019836 0.48897644877433777
len(estimates): 383, New switch thresholds: 0.0 0.47889354825019836 0.48934268951416016
len(estimates): 409, New switch thresholds: 0.0 0.4789029657840729 0.4892667233943939
len(estimates): 432, New switch thresholds: 0.0 0.4789029657840729 0.4892248213291168
Epoch 4
LossPi 0.27915958793626894
TotalEpisodes 63
TotalSuccesses 63
TotalEnvInteracts 8000
OnlineBurden 7354
NumSwitchToNov 461
NumSwitchToRisk 0
NumSwitchBack 394
len(estimates): 30, New switch thresholds: 0.0 0.4755246043205261 0.476798415184021
len(estimates): 54, New switch thresholds: 0.0 0.4755246043205261 0.4798327684402466
len(estimates): 88, New switch thresholds: 0.0 0.46900278329849243 0.47657299041748047
len(estimates): 112, New switch thresholds: 0.0 0.46900665760040283 0.4789552390575409
len(estimates): 136, New switch thresholds: 0.0 0.46900665760040283 0.4801781177520752
len(estimates): 158, New switch thresholds: 0.0 0.46900665760040283 0.48042601346969604
len(estimates): 183, New switch thresholds: 0.0 0.4687463045120239 0.480123370885849
len(estimates): 201, New switch thresholds: 0.0 0.46882474422454834 0.4802931547164917
len(estimates): 239, New switch thresholds: 0.0 0.46882474422454834 0.48089662194252014
len(estimates): 261, New switch thresholds: 0.0 0.46882474422454834 0.4802931547164917
len(estimates): 286, New switch thresholds: 0.0 0.46882474422454834 0.48082900047302246
len(estimates): 304, New switch thresholds: 0.0 0.46900278329849243 0.48121073842048645
len(estimates): 337, New switch thresholds: 0.0 0.4686797857284546 0.4813864827156067
len(estimates): 359, New switch thresholds: 0.0 0.4686797857284546 0.48114660382270813
len(estimates): 385, New switch thresholds: 0.0 0.4686797857284546 0.48141035437583923
len(estimates): 407, New switch thresholds: 0.0 0.4687114655971527 0.48156267404556274
len(estimates): 423, New switch thresholds: 0.0 0.4687114655971527 0.4816755950450897
Epoch 5
LossPi 0.2722331341326237
TotalEpisodes 79
TotalSuccesses 79
TotalEnvInteracts 10000
OnlineBurden 9168
NumSwitchToNov 698
NumSwitchToRisk 0
NumSwitchBack 614

Keys      	Command
q         	reset simulation
spacebar  	toggle gripper (open/close)
w-a-s-d   	move arm horizontally in x-y plane
r-f       	move arm vertically
z-x       	rotate arm about x-axis
t-g       	rotate arm about y-axis
c-v       	rotate arm about z-axis
ESC       	quit

Warning: Log dir /iliad/u/madeline/thriftydagger/data/dec1_retrain_hgdagger_pick_place_threshold0.1/dec1_retrain_hgdagger_pick_place_threshold0.1_s4 already exists! Storing info there anyway.
[32;1mLogging data to /iliad/u/madeline/thriftydagger/data/dec1_retrain_hgdagger_pick_place_threshold0.1/dec1_retrain_hgdagger_pick_place_threshold0.1_s4/progress.txt[0m
[36;1mSaving config:
[0m
{
    "ac_kwargs":	{},
    "actor_critic":	"Ensemble",
    "algo_sup":	true,
    "batch_size":	100,
    "bc_epochs":	5,
    "bc_only":	false,
    "device_idx":	null,
    "exp_name":	"dec1_retrain_hgdagger_pick_place_threshold0.1",
    "gamma":	0.9999,
    "grad_steps":	500,
    "hg_dagger":	"hg_dagger_wait",
    "hg_oracle_thresh":	0.1,
    "init_model":	null,
    "input_file":	"/iliad/u/madeline/thriftydagger/data/testpickplace/testpickplace_s4/pick-place-data.pkl",
    "iters":	5,
    "logger":	{
        "<thrifty.utils.logx.EpochLogger object at 0x7f38ca5354f0>":	{
            "epoch_dict":	{},
            "exp_name":	"dec1_retrain_hgdagger_pick_place_threshold0.1",
            "first_row":	true,
            "log_current_row":	{},
            "log_headers":	[],
            "output_dir":	"/iliad/u/madeline/thriftydagger/data/dec1_retrain_hgdagger_pick_place_threshold0.1/dec1_retrain_hgdagger_pick_place_threshold0.1_s4",
            "output_file":	{
                "<_io.TextIOWrapper name='/iliad/u/madeline/thriftydagger/data/dec1_retrain_hgdagger_pick_place_threshold0.1/dec1_retrain_hgdagger_pick_place_threshold0.1_s4/progress.txt' mode='w' encoding='UTF-8'>":	{
                    "mode":	"w"
                }
            }
        }
    },
    "logger_kwargs":	{
        "exp_name":	"dec1_retrain_hgdagger_pick_place_threshold0.1",
        "output_dir":	"/iliad/u/madeline/thriftydagger/data/dec1_retrain_hgdagger_pick_place_threshold0.1/dec1_retrain_hgdagger_pick_place_threshold0.1_s4"
    },
    "num_nets":	1,
    "num_test_episodes":	10,
    "obs_per_iter":	2000,
    "pi_lr":	0.001,
    "q_learning":	false,
    "replay_size":	30000,
    "robosuite":	true,
    "robosuite_cfg":	{
        "INPUT_DEVICE":	{
            "<robosuite.devices.keyboard.Keyboard object at 0x7f3877437820>":	{
                "_enabled":	false,
                "_pos_step":	0.05,
                "_reset_state":	0,
                "grasp":	false,
                "last_drotation":	"[0. 0. 0.]",
                "last_pos":	"[0. 0. 0.]",
                "pos":	"[0. 0. 0.]",
                "pos_sensitivity":	0.5,
                "raw_drotation":	"[0. 0. 0.]",
                "rot_sensitivity":	3.0,
                "rotation":	"[[-1.  0.  0.]\n [ 0.  1.  0.]\n [ 0.  0. -1.]]"
            }
        },
        "MAX_EP_LEN":	200
    },
    "seed":	4,
    "stochastic_expert":	false,
    "target_rate":	0.01,
    "test_intervention_eps":	null
}
LossPi 0.40451200303435325
LossValid 0.18130991350197326
LossPi 0.28759104979038236
LossValid 0.1653553422300057
LossPi 0.2614388683438301
LossValid 0.15383562841929355
LossPi 0.242165689766407
LossValid 0.13943583949838914
LossPi 0.23159145444631576
LossValid 0.13127370284399423
Estimated switch-back threshold: 0.22297705088143113
Estimated switch-to threshold: 0.0
Epoch 0
TotalEpisodes 0
TotalSuccesses 0
TotalEnvInteracts 0
OnlineBurden 0
NumSwitchToNov 0
NumSwitchToRisk 0
NumSwitchBack 0
len(estimates): 65, New switch thresholds: 0.0 0.4749058187007904 0.4808829724788666
len(estimates): 134, New switch thresholds: 0.0 0.475283145904541 0.4799494445323944
len(estimates): 190, New switch thresholds: 0.0 0.475283145904541 0.4795178174972534
len(estimates): 238, New switch thresholds: 0.0 0.47553011775016785 0.4803577661514282
len(estimates): 295, New switch thresholds: 0.0 0.47553011775016785 0.48199012875556946
len(estimates): 336, New switch thresholds: 0.0 0.47565650939941406 0.48353496193885803
len(estimates): 399, New switch thresholds: 0.0 0.475283145904541 0.4827865660190582
len(estimates): 444, New switch thresholds: 0.0 0.47553011775016785 0.4837435185909271
len(estimates): 496, New switch thresholds: 0.0 0.47553011775016785 0.48436272144317627
len(estimates): 537, New switch thresholds: 0.0 0.47565650939941406 0.48482730984687805
len(estimates): 597, New switch thresholds: 0.0 0.47565650939941406 0.48520106077194214
len(estimates): 656, New switch thresholds: 0.0 0.47586870193481445 0.4848616123199463
len(estimates): 720, New switch thresholds: 0.0 0.47595348954200745 0.48566871881484985
len(estimates): 767, New switch thresholds: 0.0 0.47595348954200745 0.4858579635620117
len(estimates): 829, New switch thresholds: 0.0 0.4759953022003174 0.48619431257247925
len(estimates): 885, New switch thresholds: 0.0 0.4759953022003174 0.48605549335479736
Epoch 1
LossPi 0.30384825193385284
TotalEpisodes 15
TotalSuccesses 15
TotalEnvInteracts 2000
OnlineBurden 1438
NumSwitchToNov 323
NumSwitchToRisk 0
NumSwitchBack 307
len(estimates): 85, New switch thresholds: 0.0 0.4955834448337555 0.501541256904602
len(estimates): 180, New switch thresholds: 0.0 0.49568405747413635 0.5024534463882446
len(estimates): 260, New switch thresholds: 0.0 0.4955834448337555 0.5023837089538574
len(estimates): 353, New switch thresholds: 0.0 0.4955962002277374 0.5028106570243835
len(estimates): 453, New switch thresholds: 0.0 0.49568405747413635 0.5031362771987915
len(estimates): 531, New switch thresholds: 0.0 0.49586138129234314 0.503342866897583
len(estimates): 629, New switch thresholds: 0.0 0.4908426105976105 0.5029635429382324
len(estimates): 729, New switch thresholds: 0.0 0.49094900488853455 0.5024534463882446
len(estimates): 818, New switch thresholds: 0.0 0.49187931418418884 0.5022022128105164
len(estimates): 883, New switch thresholds: 0.0 0.49187931418418884 0.5021148920059204
len(estimates): 957, New switch thresholds: 0.0 0.491362065076828 0.5019723773002625
len(estimates): 1042, New switch thresholds: 0.0 0.49138912558555603 0.5022444128990173
len(estimates): 1144, New switch thresholds: 0.0 0.4914001226425171 0.5021543502807617
len(estimates): 1235, New switch thresholds: 0.0 0.49143311381340027 0.5022842288017273
len(estimates): 1275, New switch thresholds: 0.0 0.49143311381340027 0.5022231936454773
Epoch 2
LossPi 0.31727099231737
TotalEpisodes 29
TotalSuccesses 29
TotalEnvInteracts 4000
OnlineBurden 2547
NumSwitchToNov 707
NumSwitchToRisk 0
NumSwitchBack 677
len(estimates): 87, New switch thresholds: 0.0 0.452686071395874 0.46090853214263916
len(estimates): 155, New switch thresholds: 0.0 0.45369958877563477 0.461330771446228
len(estimates): 210, New switch thresholds: 0.0 0.45231154561042786 0.4613073170185089
len(estimates): 271, New switch thresholds: 0.0 0.45231154561042786 0.4608725309371948
len(estimates): 325, New switch thresholds: 0.0 0.452614426612854 0.4613198935985565
len(estimates): 394, New switch thresholds: 0.0 0.4498700499534607 0.46040967106819153
len(estimates): 456, New switch thresholds: 0.0 0.4501741826534271 0.45964986085891724
len(estimates): 512, New switch thresholds: 0.0 0.4504210948944092 0.45989540219306946
len(estimates): 570, New switch thresholds: 0.0 0.4504210948944092 0.46021488308906555
len(estimates): 627, New switch thresholds: 0.0 0.4506247043609619 0.46040967106819153
len(estimates): 690, New switch thresholds: 0.0 0.4506247043609619 0.460572212934494
len(estimates): 751, New switch thresholds: 0.0 0.4499054253101349 0.46016305685043335
len(estimates): 794, New switch thresholds: 0.0 0.4499054253101349 0.4604097306728363
len(estimates): 859, New switch thresholds: 0.0 0.4501502811908722 0.46081480383872986
len(estimates): 941, New switch thresholds: 0.0 0.4501741826534271 0.46021488308906555
len(estimates): 1015, New switch thresholds: 0.0 0.45033422112464905 0.4602726399898529
len(estimates): 1022, New switch thresholds: 0.0 0.45033422112464905 0.46025562286376953
Epoch 3
LossPi 0.3206124220825732
TotalEpisodes 45
TotalSuccesses 45
TotalEnvInteracts 6000
OnlineBurden 3854
NumSwitchToNov 1036
NumSwitchToRisk 0
NumSwitchBack 990
len(estimates): 77, New switch thresholds: 0.0 0.48094797134399414 0.4903545379638672
len(estimates): 128, New switch thresholds: 0.0 0.4795590937137604 0.48734068870544434
len(estimates): 224, New switch thresholds: 0.0 0.47922688722610474 0.4885885417461395
len(estimates): 312, New switch thresholds: 0.0 0.4784582853317261 0.4893421232700348
len(estimates): 407, New switch thresholds: 0.0 0.4736030101776123 0.48941782116889954
len(estimates): 459, New switch thresholds: 0.0 0.4736030101776123 0.4899347424507141
len(estimates): 545, New switch thresholds: 0.0 0.47382792830467224 0.4900815486907959
len(estimates): 629, New switch thresholds: 0.0 0.47404053807258606 0.49016618728637695
len(estimates): 703, New switch thresholds: 0.0 0.47464898228645325 0.49011361598968506
len(estimates): 792, New switch thresholds: 0.0 0.47413721680641174 0.48970988392829895
len(estimates): 855, New switch thresholds: 0.0 0.47464898228645325 0.48970988392829895
len(estimates): 935, New switch thresholds: 0.0 0.47471022605895996 0.4891459345817566
len(estimates): 988, New switch thresholds: 0.0 0.47471022605895996 0.48913252353668213
len(estimates): 1081, New switch thresholds: 0.0 0.47541454434394836 0.4893481135368347
len(estimates): 1154, New switch thresholds: 0.0 0.4756077527999878 0.4897249937057495
len(estimates): 1168, New switch thresholds: 0.0 0.4756077527999878 0.489632785320282
Epoch 4
LossPi 0.31607478021913105
TotalEpisodes 60
TotalSuccesses 60
TotalEnvInteracts 8000
OnlineBurden 5006
NumSwitchToNov 1356
NumSwitchToRisk 0
NumSwitchBack 1294
len(estimates): 82, New switch thresholds: 0.0 0.482187420129776 0.48734256625175476
len(estimates): 187, New switch thresholds: 0.0 0.47376883029937744 0.4863528311252594
len(estimates): 248, New switch thresholds: 0.0 0.4738014340400696 0.4848940074443817
len(estimates): 353, New switch thresholds: 0.0 0.4738297462463379 0.4836767911911011
len(estimates): 426, New switch thresholds: 0.0 0.47388768196105957 0.4842321276664734
len(estimates): 511, New switch thresholds: 0.0 0.47392532229423523 0.4847179353237152
len(estimates): 573, New switch thresholds: 0.0 0.47018367052078247 0.48416879773139954
len(estimates): 642, New switch thresholds: 0.0 0.4703027009963989 0.4840224087238312
len(estimates): 709, New switch thresholds: 0.0 0.47031664848327637 0.4845797121524811
len(estimates): 785, New switch thresholds: 0.0 0.4635225534439087 0.48379841446876526
len(estimates): 853, New switch thresholds: 0.0 0.46352311968803406 0.483302503824234
len(estimates): 937, New switch thresholds: 0.0 0.46352651715278625 0.4826575815677643
len(estimates): 1009, New switch thresholds: 0.0 0.4635290801525116 0.4831685423851013
len(estimates): 1096, New switch thresholds: 0.0 0.4635290801525116 0.4826332628726959
len(estimates): 1171, New switch thresholds: 0.0 0.4635317325592041 0.48300784826278687
len(estimates): 1201, New switch thresholds: 0.0 0.4635865092277527 0.48302605748176575
Epoch 5
LossPi 0.3121061092376709
TotalEpisodes 75
TotalSuccesses 75
TotalEnvInteracts 10000
OnlineBurden 6097
NumSwitchToNov 1648
NumSwitchToRisk 0
NumSwitchBack 1571

Keys      	Command
q         	reset simulation
spacebar  	toggle gripper (open/close)
w-a-s-d   	move arm horizontally in x-y plane
r-f       	move arm vertically
z-x       	rotate arm about x-axis
t-g       	rotate arm about y-axis
c-v       	rotate arm about z-axis
ESC       	quit


Keys      	Command
q         	reset simulation
spacebar  	toggle gripper (open/close)
w-a-s-d   	move arm horizontally in x-y plane
r-f       	move arm vertically
z-x       	rotate arm about x-axis
t-g       	rotate arm about y-axis
c-v       	rotate arm about z-axis
ESC       	quit

Warning: Log dir /iliad/u/madeline/thriftydagger/data/dec1_retrain_hgdagger_pick_place_threshold0.5/dec1_retrain_hgdagger_pick_place_threshold0.5_s4 already exists! Storing info there anyway.
[32;1mLogging data to /iliad/u/madeline/thriftydagger/data/dec1_retrain_hgdagger_pick_place_threshold0.5/dec1_retrain_hgdagger_pick_place_threshold0.5_s4/progress.txt[0m
[36;1mSaving config:
[0m
{
    "ac_kwargs":	{},
    "actor_critic":	"Ensemble",
    "algo_sup":	true,
    "batch_size":	100,
    "bc_epochs":	5,
    "bc_only":	false,
    "device_idx":	null,
    "exp_name":	"dec1_retrain_hgdagger_pick_place_threshold0.5",
    "gamma":	0.9999,
    "grad_steps":	500,
    "hg_dagger":	"hg_dagger_wait",
    "hg_oracle_thresh":	0.5,
    "init_model":	null,
    "input_file":	"/iliad/u/madeline/thriftydagger/data/testpickplace/testpickplace_s4/pick-place-data.pkl",
    "iters":	5,
    "logger":	{
        "<thrifty.utils.logx.EpochLogger object at 0x7fb55f927430>":	{
            "epoch_dict":	{},
            "exp_name":	"dec1_retrain_hgdagger_pick_place_threshold0.5",
            "first_row":	true,
            "log_current_row":	{},
            "log_headers":	[],
            "output_dir":	"/iliad/u/madeline/thriftydagger/data/dec1_retrain_hgdagger_pick_place_threshold0.5/dec1_retrain_hgdagger_pick_place_threshold0.5_s4",
            "output_file":	{
                "<_io.TextIOWrapper name='/iliad/u/madeline/thriftydagger/data/dec1_retrain_hgdagger_pick_place_threshold0.5/dec1_retrain_hgdagger_pick_place_threshold0.5_s4/progress.txt' mode='w' encoding='UTF-8'>":	{
                    "mode":	"w"
                }
            }
        }
    },
    "logger_kwargs":	{
        "exp_name":	"dec1_retrain_hgdagger_pick_place_threshold0.5",
        "output_dir":	"/iliad/u/madeline/thriftydagger/data/dec1_retrain_hgdagger_pick_place_threshold0.5/dec1_retrain_hgdagger_pick_place_threshold0.5_s4"
    },
    "num_nets":	1,
    "num_test_episodes":	10,
    "obs_per_iter":	2000,
    "pi_lr":	0.001,
    "q_learning":	false,
    "replay_size":	30000,
    "robosuite":	true,
    "robosuite_cfg":	{
        "INPUT_DEVICE":	{
            "<robosuite.devices.keyboard.Keyboard object at 0x7fb50c829820>":	{
                "_enabled":	false,
                "_pos_step":	0.05,
                "_reset_state":	0,
                "grasp":	false,
                "last_drotation":	"[0. 0. 0.]",
                "last_pos":	"[0. 0. 0.]",
                "pos":	"[0. 0. 0.]",
                "pos_sensitivity":	0.5,
                "raw_drotation":	"[0. 0. 0.]",
                "rot_sensitivity":	3.0,
                "rotation":	"[[-1.  0.  0.]\n [ 0.  1.  0.]\n [ 0.  0. -1.]]"
            }
        },
        "MAX_EP_LEN":	200
    },
    "seed":	4,
    "stochastic_expert":	false,
    "target_rate":	0.01,
    "test_intervention_eps":	null
}
LossPi 0.40451200303435325
LossValid 0.18130991350197326
LossPi 0.28759104979038236
LossValid 0.1653553422300057
LossPi 0.2614388683438301
LossValid 0.15383562841929355
LossPi 0.242165689766407
LossValid 0.13943583949838914
LossPi 0.23159145444631576
LossValid 0.13127370284399423
Estimated switch-back threshold: 0.22297705088143113
Estimated switch-to threshold: 0.0
Epoch 0
TotalEpisodes 0
TotalSuccesses 0
TotalEnvInteracts 0
OnlineBurden 0
NumSwitchToNov 0
NumSwitchToRisk 0
NumSwitchBack 0
len(estimates): 143, New switch thresholds: 0.0 0.4839261472225189 0.4910612106323242
len(estimates): 276, New switch thresholds: 0.0 0.4830496311187744 0.4932107925415039
len(estimates): 374, New switch thresholds: 0.0 0.47889214754104614 0.4882449209690094
len(estimates): 505, New switch thresholds: 0.0 0.4794048070907593 0.4910167157649994
len(estimates): 639, New switch thresholds: 0.0 0.47960078716278076 0.4922375977039337
len(estimates): 777, New switch thresholds: 0.0 0.47970888018608093 0.4932727515697479
len(estimates): 885, New switch thresholds: 0.0 0.476509153842926 0.4917483925819397
len(estimates): 1021, New switch thresholds: 0.0 0.47658494114875793 0.4923137128353119
len(estimates): 1158, New switch thresholds: 0.0 0.4765995740890503 0.4937977194786072
len(estimates): 1287, New switch thresholds: 0.0 0.47661998867988586 0.49424228072166443
len(estimates): 1410, New switch thresholds: 0.0 0.4769149720668793 0.49386313557624817
len(estimates): 1544, New switch thresholds: 0.0 0.4769255816936493 0.494005411863327
len(estimates): 1551, New switch thresholds: 0.0 0.4769255816936493 0.4940384030342102
Epoch 1
LossPi 0.30412975880503657
TotalEpisodes 12
TotalSuccesses 10
TotalEnvInteracts 2000
OnlineBurden 721
NumSwitchToNov 272
NumSwitchToRisk 0
NumSwitchBack 261
len(estimates): 115, New switch thresholds: 0.0 0.4914962351322174 0.5004842877388
len(estimates): 246, New switch thresholds: 0.0 0.4915764033794403 0.49847498536109924
len(estimates): 390, New switch thresholds: 0.0 0.49171149730682373 0.4979625940322876
len(estimates): 500, New switch thresholds: 0.0 0.4917551279067993 0.498468816280365
len(estimates): 643, New switch thresholds: 0.0 0.49198293685913086 0.498500794172287
len(estimates): 783, New switch thresholds: 0.0 0.49202755093574524 0.498500794172287
len(estimates): 923, New switch thresholds: 0.0 0.49235472083091736 0.49846121668815613
len(estimates): 1107, New switch thresholds: 0.0 0.4881267249584198 0.49768123030662537
len(estimates): 1254, New switch thresholds: 0.0 0.48815086483955383 0.4984263479709625
len(estimates): 1415, New switch thresholds: 0.0 0.48815664649009705 0.49759453535079956
len(estimates): 1504, New switch thresholds: 0.0 0.48816102743148804 0.49762412905693054
Epoch 2
LossPi 0.2973653396793774
TotalEpisodes 22
TotalSuccesses 13
TotalEnvInteracts 4000
OnlineBurden 1568
NumSwitchToNov 623
NumSwitchToRisk 0
NumSwitchBack 605
len(estimates): 118, New switch thresholds: 0.0 0.46284160017967224 0.4684534966945648
len(estimates): 240, New switch thresholds: 0.0 0.4465441107749939 0.4660232663154602
len(estimates): 416, New switch thresholds: 0.0 0.4514268934726715 0.46643781661987305
len(estimates): 604, New switch thresholds: 0.0 0.45142924785614014 0.4655311703681946
len(estimates): 741, New switch thresholds: 0.0 0.4514300525188446 0.4652329981327057
len(estimates): 892, New switch thresholds: 0.0 0.4473241865634918 0.4645620882511139
len(estimates): 1080, New switch thresholds: 0.0 0.44768303632736206 0.46491679549217224
len(estimates): 1270, New switch thresholds: 0.0 0.44845619797706604 0.4649050831794739
len(estimates): 1405, New switch thresholds: 0.0 0.4492577016353607 0.4647666811943054
len(estimates): 1538, New switch thresholds: 0.0 0.44973719120025635 0.4647086262702942
len(estimates): 1630, New switch thresholds: 0.0 0.45020389556884766 0.4646602272987366
Epoch 3
LossPi 0.2983780516497791
TotalEpisodes 32
TotalSuccesses 16
TotalEnvInteracts 6000
OnlineBurden 2162
NumSwitchToNov 847
NumSwitchToRisk 0
NumSwitchBack 825
len(estimates): 173, New switch thresholds: 0.0 0.4765537679195404 0.4794459044933319
len(estimates): 301, New switch thresholds: 0.0 0.47676485776901245 0.47987693548202515
len(estimates): 480, New switch thresholds: 0.0 0.47674617171287537 0.4832651913166046
len(estimates): 667, New switch thresholds: 0.0 0.47676485776901245 0.4833458960056305
len(estimates): 836, New switch thresholds: 0.0 0.47684887051582336 0.48330745100975037
len(estimates): 983, New switch thresholds: 0.0 0.476869136095047 0.48351889848709106
len(estimates): 1133, New switch thresholds: 0.0 0.4769825339317322 0.4843672811985016
len(estimates): 1296, New switch thresholds: 0.0 0.47698888182640076 0.484298437833786
len(estimates): 1449, New switch thresholds: 0.0 0.4740023910999298 0.48384764790534973
len(estimates): 1563, New switch thresholds: 0.0 0.474030464887619 0.48435360193252563
len(estimates): 1628, New switch thresholds: 0.0 0.47404804825782776 0.4843241274356842
Epoch 4
LossPi 0.2944403436150816
TotalEpisodes 42
TotalSuccesses 17
TotalEnvInteracts 8000
OnlineBurden 2810
NumSwitchToNov 1123
NumSwitchToRisk 0
NumSwitchBack 1099
len(estimates): 197, New switch thresholds: 0.0 0.4813401401042938 0.48436203598976135
len(estimates): 394, New switch thresholds: 0.0 0.4754406213760376 0.48189836740493774
len(estimates): 578, New switch thresholds: 0.0 0.47509193420410156 0.48099881410598755
len(estimates): 688, New switch thresholds: 0.0 0.47136566042900085 0.4812740087509155
len(estimates): 875, New switch thresholds: 0.0 0.47156858444213867 0.481205552816391
len(estimates): 971, New switch thresholds: 0.0 0.47181329131126404 0.48144426941871643
len(estimates): 1097, New switch thresholds: 0.0 0.4720495641231537 0.48180684447288513
len(estimates): 1210, New switch thresholds: 0.0 0.47214820981025696 0.48149988055229187
len(estimates): 1401, New switch thresholds: 0.0 0.4750887155532837 0.4820671081542969
len(estimates): 1576, New switch thresholds: 0.0 0.472076416015625 0.48262324929237366
len(estimates): 1667, New switch thresholds: 0.0 0.4720982611179352 0.4823428690433502
len(estimates): 1745, New switch thresholds: 0.0 0.47211864590644836 0.4822930097579956
Epoch 5
LossPi 0.29349524534642696
TotalEpisodes 53
TotalSuccesses 23
TotalEnvInteracts 10000
OnlineBurden 3203
NumSwitchToNov 1261
NumSwitchToRisk 0
NumSwitchBack 1230

Keys      	Command
q         	reset simulation
spacebar  	toggle gripper (open/close)
w-a-s-d   	move arm horizontally in x-y plane
r-f       	move arm vertically
z-x       	rotate arm about x-axis
t-g       	rotate arm about y-axis
c-v       	rotate arm about z-axis
ESC       	quit

Warning: Log dir /iliad/u/madeline/thriftydagger/data/dec1_retrain_hgdagger_pick_place_threshold1.0/dec1_retrain_hgdagger_pick_place_threshold1.0_s4 already exists! Storing info there anyway.
[32;1mLogging data to /iliad/u/madeline/thriftydagger/data/dec1_retrain_hgdagger_pick_place_threshold1.0/dec1_retrain_hgdagger_pick_place_threshold1.0_s4/progress.txt[0m
[36;1mSaving config:
[0m
{
    "ac_kwargs":	{},
    "actor_critic":	"Ensemble",
    "algo_sup":	true,
    "batch_size":	100,
    "bc_epochs":	5,
    "bc_only":	false,
    "device_idx":	null,
    "exp_name":	"dec1_retrain_hgdagger_pick_place_threshold1.0",
    "gamma":	0.9999,
    "grad_steps":	500,
    "hg_dagger":	"hg_dagger_wait",
    "hg_oracle_thresh":	1.0,
    "init_model":	null,
    "input_file":	"/iliad/u/madeline/thriftydagger/data/testpickplace/testpickplace_s4/pick-place-data.pkl",
    "iters":	5,
    "logger":	{
        "<thrifty.utils.logx.EpochLogger object at 0x7faa69545130>":	{
            "epoch_dict":	{},
            "exp_name":	"dec1_retrain_hgdagger_pick_place_threshold1.0",
            "first_row":	true,
            "log_current_row":	{},
            "log_headers":	[],
            "output_dir":	"/iliad/u/madeline/thriftydagger/data/dec1_retrain_hgdagger_pick_place_threshold1.0/dec1_retrain_hgdagger_pick_place_threshold1.0_s4",
            "output_file":	{
                "<_io.TextIOWrapper name='/iliad/u/madeline/thriftydagger/data/dec1_retrain_hgdagger_pick_place_threshold1.0/dec1_retrain_hgdagger_pick_place_threshold1.0_s4/progress.txt' mode='w' encoding='UTF-8'>":	{
                    "mode":	"w"
                }
            }
        }
    },
    "logger_kwargs":	{
        "exp_name":	"dec1_retrain_hgdagger_pick_place_threshold1.0",
        "output_dir":	"/iliad/u/madeline/thriftydagger/data/dec1_retrain_hgdagger_pick_place_threshold1.0/dec1_retrain_hgdagger_pick_place_threshold1.0_s4"
    },
    "num_nets":	1,
    "num_test_episodes":	10,
    "obs_per_iter":	2000,
    "pi_lr":	0.001,
    "q_learning":	false,
    "replay_size":	30000,
    "robosuite":	true,
    "robosuite_cfg":	{
        "INPUT_DEVICE":	{
            "<robosuite.devices.keyboard.Keyboard object at 0x7faa16447970>":	{
                "_enabled":	false,
                "_pos_step":	0.05,
                "_reset_state":	0,
                "grasp":	false,
                "last_drotation":	"[0. 0. 0.]",
                "last_pos":	"[0. 0. 0.]",
                "pos":	"[0. 0. 0.]",
                "pos_sensitivity":	0.5,
                "raw_drotation":	"[0. 0. 0.]",
                "rot_sensitivity":	3.0,
                "rotation":	"[[-1.  0.  0.]\n [ 0.  1.  0.]\n [ 0.  0. -1.]]"
            }
        },
        "MAX_EP_LEN":	200
    },
    "seed":	4,
    "stochastic_expert":	false,
    "target_rate":	0.01,
    "test_intervention_eps":	null
}
LossPi 0.40451200303435325
LossValid 0.18130991350197326
LossPi 0.28759104979038236
LossValid 0.1653553422300057
LossPi 0.2614388683438301
LossValid 0.15383562841929355
LossPi 0.242165689766407
LossValid 0.13943583949838914
LossPi 0.23159145444631576
LossValid 0.13127370284399423
Estimated switch-back threshold: 0.22297705088143113
Estimated switch-to threshold: 0.0
Epoch 0
TotalEpisodes 0
TotalSuccesses 0
TotalEnvInteracts 0
OnlineBurden 0
NumSwitchToNov 0
NumSwitchToRisk 0
NumSwitchBack 0
len(estimates): 173, New switch thresholds: 0.0 0.4839261472225189 0.4942684769630432
len(estimates): 299, New switch thresholds: 0.0 0.4839510917663574 0.4953030049800873
len(estimates): 446, New switch thresholds: 0.0 0.4840189516544342 0.4963225722312927
len(estimates): 609, New switch thresholds: 0.0 0.4840772747993469 0.4975773096084595
len(estimates): 760, New switch thresholds: 0.0 0.48408111929893494 0.4970085620880127
len(estimates): 927, New switch thresholds: 0.0 0.4841412603855133 0.4966526925563812
len(estimates): 1042, New switch thresholds: 0.0 0.47644147276878357 0.4961148798465729
len(estimates): 1171, New switch thresholds: 0.0 0.4765045940876007 0.49633756279945374
len(estimates): 1326, New switch thresholds: 0.0 0.47670724987983704 0.4969691038131714
len(estimates): 1481, New switch thresholds: 0.0 0.47681280970573425 0.4966496229171753
len(estimates): 1607, New switch thresholds: 0.0 0.47697940468788147 0.4963859021663666
Epoch 1
LossPi 0.2797580365190903
TotalEpisodes 10
TotalSuccesses 4
TotalEnvInteracts 2000
OnlineBurden 732
NumSwitchToNov 339
NumSwitchToRisk 0
NumSwitchBack 331
len(estimates): 133, New switch thresholds: 0.0 0.4962036907672882 0.5023342967033386
len(estimates): 267, New switch thresholds: 0.0 0.49623143672943115 0.503196656703949
len(estimates): 435, New switch thresholds: 0.0 0.49654051661491394 0.504641592502594
len(estimates): 593, New switch thresholds: 0.0 0.49570590257644653 0.5039018988609314
len(estimates): 753, New switch thresholds: 0.0 0.49316948652267456 0.5031826496124268
len(estimates): 825, New switch thresholds: 0.0 0.4933171272277832 0.5030850172042847
len(estimates): 983, New switch thresholds: 0.0 0.49347665905952454 0.5030031204223633
len(estimates): 997, New switch thresholds: 0.0 0.49347665905952454 0.5029541254043579
len(estimates): 1161, New switch thresholds: 0.0 0.49373379349708557 0.5019876956939697
len(estimates): 1341, New switch thresholds: 0.0 0.49388018250465393 0.5012375116348267
len(estimates): 1383, New switch thresholds: 0.0 0.49388018250465393 0.5012134909629822
Epoch 2
LossPi 0.27247453676377026
TotalEpisodes 20
TotalSuccesses 6
TotalEnvInteracts 4000
OnlineBurden 1575
NumSwitchToNov 565
NumSwitchToRisk 0
NumSwitchBack 549
len(estimates): 193, New switch thresholds: 0.0 0.4489135146141052 0.46101415157318115
len(estimates): 355, New switch thresholds: 0.0 0.44917139410972595 0.46161383390426636
len(estimates): 508, New switch thresholds: 0.0 0.4495379328727722 0.4626483619213104
len(estimates): 692, New switch thresholds: 0.0 0.4498591423034668 0.46305909752845764
len(estimates): 863, New switch thresholds: 0.0 0.4503321945667267 0.46375560760498047
len(estimates): 1045, New switch thresholds: 0.0 0.45123186707496643 0.4631733298301697
len(estimates): 1234, New switch thresholds: 0.0 0.4516598582267761 0.46374472975730896
len(estimates): 1432, New switch thresholds: 0.0 0.4525298774242401 0.46394869685173035
len(estimates): 1611, New switch thresholds: 0.0 0.4515419900417328 0.46401968598365784
len(estimates): 1790, New switch thresholds: 0.0 0.4516598582267761 0.46413731575012207
Epoch 3
LossPi 0.27133322279155253
TotalEpisodes 30
TotalSuccesses 6
TotalEnvInteracts 6000
OnlineBurden 1958
NumSwitchToNov 738
NumSwitchToRisk 0
NumSwitchBack 722
len(estimates): 174, New switch thresholds: 0.0 0.4777145981788635 0.4821527302265167
len(estimates): 373, New switch thresholds: 0.0 0.4781254529953003 0.4836878478527069
len(estimates): 529, New switch thresholds: 0.0 0.47821927070617676 0.482942670583725
len(estimates): 702, New switch thresholds: 0.0 0.4783949851989746 0.4826436936855316
len(estimates): 894, New switch thresholds: 0.0 0.4731638431549072 0.4817938506603241
len(estimates): 1026, New switch thresholds: 0.0 0.47320812940597534 0.48145249485969543
len(estimates): 1190, New switch thresholds: 0.0 0.47323495149612427 0.4815279543399811
len(estimates): 1375, New switch thresholds: 0.0 0.4732825756072998 0.48232221603393555
len(estimates): 1528, New switch thresholds: 0.0 0.47332295775413513 0.4825042188167572
len(estimates): 1684, New switch thresholds: 0.0 0.4733438491821289 0.48226988315582275
Epoch 4
LossPi 0.26602368235753643
TotalEpisodes 40
TotalSuccesses 6
TotalEnvInteracts 8000
OnlineBurden 2508
NumSwitchToNov 972
NumSwitchToRisk 0
NumSwitchBack 955
len(estimates): 174, New switch thresholds: 0.0 0.47502514719963074 0.4843737781047821
len(estimates): 302, New switch thresholds: 0.0 0.4752137064933777 0.4843536615371704
len(estimates): 470, New switch thresholds: 0.0 0.47538986802101135 0.48365098237991333
len(estimates): 618, New switch thresholds: 0.0 0.47549107670783997 0.48424047231674194
len(estimates): 814, New switch thresholds: 0.0 0.4712117612361908 0.4843906760215759
len(estimates): 994, New switch thresholds: 0.0 0.4712527394294739 0.48421406745910645
len(estimates): 1194, New switch thresholds: 0.0 0.47133466601371765 0.4838376045227051
len(estimates): 1365, New switch thresholds: 0.0 0.471473753452301 0.4841795265674591
len(estimates): 1555, New switch thresholds: 0.0 0.4716096818447113 0.4843604564666748
len(estimates): 1731, New switch thresholds: 0.0 0.47172072529792786 0.48443832993507385
len(estimates): 1810, New switch thresholds: 0.0 0.471757709980011 0.4843721091747284
Epoch 5
LossPi 0.26050374302864077
TotalEpisodes 50
TotalSuccesses 9
TotalEnvInteracts 10000
OnlineBurden 2844
NumSwitchToNov 1118
NumSwitchToRisk 0
NumSwitchBack 1099

Keys      	Command
q         	reset simulation
spacebar  	toggle gripper (open/close)
w-a-s-d   	move arm horizontally in x-y plane
r-f       	move arm vertically
z-x       	rotate arm about x-axis
t-g       	rotate arm about y-axis
c-v       	rotate arm about z-axis
ESC       	quit

Warning: Log dir /iliad/u/madeline/thriftydagger/data/dec1_retrain_hgdagger_pick_place_threshold2.0/dec1_retrain_hgdagger_pick_place_threshold2.0_s4 already exists! Storing info there anyway.
[32;1mLogging data to /iliad/u/madeline/thriftydagger/data/dec1_retrain_hgdagger_pick_place_threshold2.0/dec1_retrain_hgdagger_pick_place_threshold2.0_s4/progress.txt[0m
[36;1mSaving config:
[0m
{
    "ac_kwargs":	{},
    "actor_critic":	"Ensemble",
    "algo_sup":	true,
    "batch_size":	100,
    "bc_epochs":	5,
    "bc_only":	false,
    "device_idx":	null,
    "exp_name":	"dec1_retrain_hgdagger_pick_place_threshold2.0",
    "gamma":	0.9999,
    "grad_steps":	500,
    "hg_dagger":	"hg_dagger_wait",
    "hg_oracle_thresh":	2.0,
    "init_model":	null,
    "input_file":	"/iliad/u/madeline/thriftydagger/data/testpickplace/testpickplace_s4/pick-place-data.pkl",
    "iters":	5,
    "logger":	{
        "<thrifty.utils.logx.EpochLogger object at 0x7fa25fe64e80>":	{
            "epoch_dict":	{},
            "exp_name":	"dec1_retrain_hgdagger_pick_place_threshold2.0",
            "first_row":	true,
            "log_current_row":	{},
            "log_headers":	[],
            "output_dir":	"/iliad/u/madeline/thriftydagger/data/dec1_retrain_hgdagger_pick_place_threshold2.0/dec1_retrain_hgdagger_pick_place_threshold2.0_s4",
            "output_file":	{
                "<_io.TextIOWrapper name='/iliad/u/madeline/thriftydagger/data/dec1_retrain_hgdagger_pick_place_threshold2.0/dec1_retrain_hgdagger_pick_place_threshold2.0_s4/progress.txt' mode='w' encoding='UTF-8'>":	{
                    "mode":	"w"
                }
            }
        }
    },
    "logger_kwargs":	{
        "exp_name":	"dec1_retrain_hgdagger_pick_place_threshold2.0",
        "output_dir":	"/iliad/u/madeline/thriftydagger/data/dec1_retrain_hgdagger_pick_place_threshold2.0/dec1_retrain_hgdagger_pick_place_threshold2.0_s4"
    },
    "num_nets":	1,
    "num_test_episodes":	10,
    "obs_per_iter":	2000,
    "pi_lr":	0.001,
    "q_learning":	false,
    "replay_size":	30000,
    "robosuite":	true,
    "robosuite_cfg":	{
        "INPUT_DEVICE":	{
            "<robosuite.devices.keyboard.Keyboard object at 0x7fa20cd5de20>":	{
                "_enabled":	false,
                "_pos_step":	0.05,
                "_reset_state":	0,
                "grasp":	false,
                "last_drotation":	"[0. 0. 0.]",
                "last_pos":	"[0. 0. 0.]",
                "pos":	"[0. 0. 0.]",
                "pos_sensitivity":	0.5,
                "raw_drotation":	"[0. 0. 0.]",
                "rot_sensitivity":	3.0,
                "rotation":	"[[-1.  0.  0.]\n [ 0.  1.  0.]\n [ 0.  0. -1.]]"
            }
        },
        "MAX_EP_LEN":	200
    },
    "seed":	4,
    "stochastic_expert":	false,
    "target_rate":	0.01,
    "test_intervention_eps":	null
}
LossPi 0.40451200303435325
LossValid 0.18130991350197326
LossPi 0.28759104979038236
LossValid 0.1653553422300057
LossPi 0.2614388683438301
LossValid 0.15383562841929355
LossPi 0.242165689766407
LossValid 0.13943583949838914
LossPi 0.23159145444631576
LossValid 0.13127370284399423
Estimated switch-back threshold: 0.22297705088143113
Estimated switch-to threshold: 0.0
Epoch 0
TotalEpisodes 0
TotalSuccesses 0
TotalEnvInteracts 0
OnlineBurden 0
NumSwitchToNov 0
NumSwitchToRisk 0
NumSwitchBack 0
len(estimates): 44, New switch thresholds: 0.0 0.4833235442638397 0.48779812455177307
len(estimates): 207, New switch thresholds: 0.0 0.48341992497444153 0.49381086230278015
len(estimates): 361, New switch thresholds: 0.0 0.4836113750934601 0.49681735038757324
len(estimates): 501, New switch thresholds: 0.0 0.48370346426963806 0.4961264431476593
len(estimates): 676, New switch thresholds: 0.0 0.48385167121887207 0.49340179562568665
len(estimates): 783, New switch thresholds: 0.0 0.4840359389781952 0.4938713312149048
len(estimates): 937, New switch thresholds: 0.0 0.4806029796600342 0.49221867322921753
len(estimates): 1101, New switch thresholds: 0.0 0.4810127913951874 0.49356260895729065
len(estimates): 1269, New switch thresholds: 0.0 0.4811660349369049 0.49449044466018677
len(estimates): 1421, New switch thresholds: 0.0 0.48181095719337463 0.4957254230976105
Epoch 1
LossPi 0.27119673702617486
TotalEpisodes 10
TotalSuccesses 0
TotalEnvInteracts 2000
OnlineBurden 825
NumSwitchToNov 246
NumSwitchToRisk 0
NumSwitchBack 243
len(estimates): 192, New switch thresholds: 0.0 0.49138113856315613 0.4931737780570984
len(estimates): 391, New switch thresholds: 0.0 0.4914267957210541 0.4967552125453949
len(estimates): 572, New switch thresholds: 0.0 0.4914639890193939 0.4955877661705017
len(estimates): 760, New switch thresholds: 0.0 0.49150925874710083 0.4997633099555969
len(estimates): 956, New switch thresholds: 0.0 0.4915921986103058 0.4974644184112549
len(estimates): 1156, New switch thresholds: 0.0 0.49159473180770874 0.4967744052410126
len(estimates): 1317, New switch thresholds: 0.0 0.49138113856315613 0.4968178868293762
len(estimates): 1517, New switch thresholds: 0.0 0.4914267957210541 0.49754998087882996
len(estimates): 1716, New switch thresholds: 0.0 0.4888848662376404 0.4968215823173523
len(estimates): 1916, New switch thresholds: 0.0 0.4889352321624756 0.49672040343284607
Epoch 2
LossPi 0.2599615923911333
TotalEpisodes 20
TotalSuccesses 0
TotalEnvInteracts 4000
OnlineBurden 987
NumSwitchToNov 324
NumSwitchToRisk 0
NumSwitchBack 320
len(estimates): 196, New switch thresholds: 0.0 0.4534686505794525 0.47132837772369385
len(estimates): 393, New switch thresholds: 0.0 0.44698163866996765 0.4634445607662201
len(estimates): 592, New switch thresholds: 0.0 0.44744330644607544 0.46891090273857117
len(estimates): 792, New switch thresholds: 0.0 0.4482465982437134 0.4655214846134186
len(estimates): 991, New switch thresholds: 0.0 0.4486863315105438 0.46664950251579285
len(estimates): 1172, New switch thresholds: 0.0 0.44876840710639954 0.4660601317882538
len(estimates): 1372, New switch thresholds: 0.0 0.4490252435207367 0.46525123715400696
len(estimates): 1572, New switch thresholds: 0.0 0.44939157366752625 0.46481019258499146
len(estimates): 1764, New switch thresholds: 0.0 0.4494762718677521 0.4642605185508728
len(estimates): 1964, New switch thresholds: 0.0 0.4503534734249115 0.4646364748477936
Epoch 3
LossPi 0.25585394890233876
TotalEpisodes 30
TotalSuccesses 0
TotalEnvInteracts 6000
OnlineBurden 1053
NumSwitchToNov 354
NumSwitchToRisk 0
NumSwitchBack 349
len(estimates): 200, New switch thresholds: 0.0 0.4734797179698944 0.4742031395435333
len(estimates): 371, New switch thresholds: 0.0 0.47356483340263367 0.47949403524398804
len(estimates): 538, New switch thresholds: 0.0 0.4737444818019867 0.4823334813117981
len(estimates): 738, New switch thresholds: 0.0 0.473867267370224 0.4798084497451782
len(estimates): 929, New switch thresholds: 0.0 0.47393596172332764 0.48243317008018494
len(estimates): 1124, New switch thresholds: 0.0 0.47400549054145813 0.48182356357574463
len(estimates): 1320, New switch thresholds: 0.0 0.47405511140823364 0.48402342200279236
len(estimates): 1485, New switch thresholds: 0.0 0.47407546639442444 0.48466283082962036
len(estimates): 1685, New switch thresholds: 0.0 0.47408902645111084 0.4837932884693146
len(estimates): 1873, New switch thresholds: 0.0 0.474090039730072 0.48284411430358887
Epoch 4
LossPi 0.25367965209815235
TotalEpisodes 40
TotalSuccesses 0
TotalEnvInteracts 8000
OnlineBurden 1282
NumSwitchToNov 456
NumSwitchToRisk 0
NumSwitchBack 451
len(estimates): 199, New switch thresholds: 0.0 0.475893497467041 0.4903269112110138
len(estimates): 399, New switch thresholds: 0.0 0.4760822355747223 0.48261314630508423
len(estimates): 588, New switch thresholds: 0.0 0.4771857261657715 0.48267167806625366
len(estimates): 776, New switch thresholds: 0.0 0.4774169921875 0.48154741525650024
len(estimates): 975, New switch thresholds: 0.0 0.47724249958992004 0.48199132084846497
len(estimates): 1164, New switch thresholds: 0.0 0.47633039951324463 0.4816521406173706
len(estimates): 1360, New switch thresholds: 0.0 0.476184219121933 0.4822874069213867
len(estimates): 1558, New switch thresholds: 0.0 0.4742199778556824 0.48295846581459045
len(estimates): 1749, New switch thresholds: 0.0 0.4758419990539551 0.48320272564888
len(estimates): 1949, New switch thresholds: 0.0 0.4741162359714508 0.48224058747291565
Epoch 5
LossPi 0.24357628520280122
TotalEpisodes 50
TotalSuccesses 0
TotalEnvInteracts 10000
OnlineBurden 1384
NumSwitchToNov 507
NumSwitchToRisk 0
NumSwitchBack 502

Keys      	Command
q         	reset simulation
spacebar  	toggle gripper (open/close)
w-a-s-d   	move arm horizontally in x-y plane
r-f       	move arm vertically
z-x       	rotate arm about x-axis
t-g       	rotate arm about y-axis
c-v       	rotate arm about z-axis
ESC       	quit

Warning: Log dir /iliad/u/madeline/thriftydagger/data/dec1_retrain_hgdagger_pick_place_threshold5.0/dec1_retrain_hgdagger_pick_place_threshold5.0_s4 already exists! Storing info there anyway.
[32;1mLogging data to /iliad/u/madeline/thriftydagger/data/dec1_retrain_hgdagger_pick_place_threshold5.0/dec1_retrain_hgdagger_pick_place_threshold5.0_s4/progress.txt[0m
[36;1mSaving config:
[0m
{
    "ac_kwargs":	{},
    "actor_critic":	"Ensemble",
    "algo_sup":	true,
    "batch_size":	100,
    "bc_epochs":	5,
    "bc_only":	false,
    "device_idx":	null,
    "exp_name":	"dec1_retrain_hgdagger_pick_place_threshold5.0",
    "gamma":	0.9999,
    "grad_steps":	500,
    "hg_dagger":	"hg_dagger_wait",
    "hg_oracle_thresh":	5.0,
    "init_model":	null,
    "input_file":	"/iliad/u/madeline/thriftydagger/data/testpickplace/testpickplace_s4/pick-place-data.pkl",
    "iters":	5,
    "logger":	{
        "<thrifty.utils.logx.EpochLogger object at 0x7f93d4a7d040>":	{
            "epoch_dict":	{},
            "exp_name":	"dec1_retrain_hgdagger_pick_place_threshold5.0",
            "first_row":	true,
            "log_current_row":	{},
            "log_headers":	[],
            "output_dir":	"/iliad/u/madeline/thriftydagger/data/dec1_retrain_hgdagger_pick_place_threshold5.0/dec1_retrain_hgdagger_pick_place_threshold5.0_s4",
            "output_file":	{
                "<_io.TextIOWrapper name='/iliad/u/madeline/thriftydagger/data/dec1_retrain_hgdagger_pick_place_threshold5.0/dec1_retrain_hgdagger_pick_place_threshold5.0_s4/progress.txt' mode='w' encoding='UTF-8'>":	{
                    "mode":	"w"
                }
            }
        }
    },
    "logger_kwargs":	{
        "exp_name":	"dec1_retrain_hgdagger_pick_place_threshold5.0",
        "output_dir":	"/iliad/u/madeline/thriftydagger/data/dec1_retrain_hgdagger_pick_place_threshold5.0/dec1_retrain_hgdagger_pick_place_threshold5.0_s4"
    },
    "num_nets":	1,
    "num_test_episodes":	10,
    "obs_per_iter":	2000,
    "pi_lr":	0.001,
    "q_learning":	false,
    "replay_size":	30000,
    "robosuite":	true,
    "robosuite_cfg":	{
        "INPUT_DEVICE":	{
            "<robosuite.devices.keyboard.Keyboard object at 0x7f92fa2ade20>":	{
                "_enabled":	false,
                "_pos_step":	0.05,
                "_reset_state":	0,
                "grasp":	false,
                "last_drotation":	"[0. 0. 0.]",
                "last_pos":	"[0. 0. 0.]",
                "pos":	"[0. 0. 0.]",
                "pos_sensitivity":	0.5,
                "raw_drotation":	"[0. 0. 0.]",
                "rot_sensitivity":	3.0,
                "rotation":	"[[-1.  0.  0.]\n [ 0.  1.  0.]\n [ 0.  0. -1.]]"
            }
        },
        "MAX_EP_LEN":	200
    },
    "seed":	4,
    "stochastic_expert":	false,
    "target_rate":	0.01,
    "test_intervention_eps":	null
}
LossPi 0.40451200303435325
LossValid 0.18130991350197326
LossPi 0.28759104979038236
LossValid 0.1653553422300057
LossPi 0.2614388683438301
LossValid 0.15383562841929355
LossPi 0.242165689766407
LossValid 0.13943583949838914
LossPi 0.23159145444631576
LossValid 0.13127370284399423
Estimated switch-back threshold: 0.22297705088143113
Estimated switch-to threshold: 0.0
Epoch 0
TotalEpisodes 0
TotalSuccesses 0
TotalEnvInteracts 0
OnlineBurden 0
NumSwitchToNov 0
NumSwitchToRisk 0
NumSwitchBack 0
len(estimates): 199, New switch thresholds: 0.0 0.4798269271850586 0.49081698060035706
len(estimates): 347, New switch thresholds: 0.0 0.4798636734485626 0.4888775050640106
len(estimates): 547, New switch thresholds: 0.0 0.4801805317401886 0.4908960163593292
len(estimates): 687, New switch thresholds: 0.0 0.48026376962661743 0.4917721450328827
len(estimates): 831, New switch thresholds: 0.0 0.48059022426605225 0.4918253719806671
len(estimates): 975, New switch thresholds: 0.0 0.4806254506111145 0.4908199608325958
len(estimates): 1175, New switch thresholds: 0.0 0.47726836800575256 0.48994672298431396
len(estimates): 1297, New switch thresholds: 0.0 0.47728705406188965 0.4904637932777405
len(estimates): 1447, New switch thresholds: 0.0 0.4773307740688324 0.4910968542098999
len(estimates): 1647, New switch thresholds: 0.0 0.4773677587509155 0.4914546608924866
len(estimates): 1841, New switch thresholds: 0.0 0.47760847210884094 0.49138176441192627
Epoch 1
LossPi 0.2754753160874049
TotalEpisodes 10
TotalSuccesses 3
TotalEnvInteracts 2000
OnlineBurden 263
NumSwitchToNov 104
NumSwitchToRisk 0
NumSwitchBack 104
len(estimates): 200, New switch thresholds: 0.0 0.49596622586250305 0.5052796602249146
len(estimates): 400, New switch thresholds: 0.0 0.49151352047920227 0.5016268491744995
len(estimates): 600, New switch thresholds: 0.0 0.49228158593177795 0.5039235353469849
len(estimates): 800, New switch thresholds: 0.0 0.4924105703830719 0.5038831233978271
len(estimates): 971, New switch thresholds: 0.0 0.49151352047920227 0.5029361248016357
len(estimates): 1133, New switch thresholds: 0.0 0.4895767569541931 0.5021049380302429
len(estimates): 1332, New switch thresholds: 0.0 0.48972436785697937 0.5022988319396973
len(estimates): 1532, New switch thresholds: 0.0 0.4900563955307007 0.501998782157898
len(estimates): 1732, New switch thresholds: 0.0 0.49049636721611023 0.5022686123847961
len(estimates): 1912, New switch thresholds: 0.0 0.49057379364967346 0.502629816532135
Epoch 2
LossPi 0.26461689839618546
TotalEpisodes 20
TotalSuccesses 3
TotalEnvInteracts 4000
OnlineBurden 405
NumSwitchToNov 158
NumSwitchToRisk 0
NumSwitchBack 157
len(estimates): 200, New switch thresholds: 0.0 0.4516089856624603 0.45668482780456543
len(estimates): 400, New switch thresholds: 0.0 0.4516907036304474 0.46210354566574097
len(estimates): 600, New switch thresholds: 0.0 0.45175859332084656 0.46408674120903015
len(estimates): 743, New switch thresholds: 0.0 0.4519946277141571 0.464309960603714
len(estimates): 943, New switch thresholds: 0.0 0.4523204267024994 0.4648111164569855
len(estimates): 1067, New switch thresholds: 0.0 0.4523243308067322 0.4647849500179291
len(estimates): 1181, New switch thresholds: 0.0 0.4509042501449585 0.46439671516418457
len(estimates): 1381, New switch thresholds: 0.0 0.45110636949539185 0.46465858817100525
len(estimates): 1570, New switch thresholds: 0.0 0.45152682065963745 0.46475380659103394
len(estimates): 1770, New switch thresholds: 0.0 0.4516089856624603 0.4651590585708618
len(estimates): 1969, New switch thresholds: 0.0 0.450851708650589 0.4652101993560791
len(estimates): 1988, New switch thresholds: 0.0 0.450851708650589 0.4651796519756317
Epoch 3
LossPi 0.2585390168968588
TotalEpisodes 31
TotalSuccesses 6
TotalEnvInteracts 6000
OnlineBurden 422
NumSwitchToNov 163
NumSwitchToRisk 0
NumSwitchBack 162
len(estimates): 200, New switch thresholds: 0.0 0.47830238938331604 0.49636757373809814
len(estimates): 400, New switch thresholds: 0.0 0.47863611578941345 0.4952353835105896
len(estimates): 600, New switch thresholds: 0.0 0.47897428274154663 0.4954177737236023
len(estimates): 800, New switch thresholds: 0.0 0.47925716638565063 0.4945930540561676
len(estimates): 1000, New switch thresholds: 0.0 0.47943609952926636 0.4954177737236023
len(estimates): 1130, New switch thresholds: 0.0 0.4794473350048065 0.4947923719882965
len(estimates): 1269, New switch thresholds: 0.0 0.4794867932796478 0.49348190426826477
len(estimates): 1469, New switch thresholds: 0.0 0.47951310873031616 0.4939691126346588
len(estimates): 1669, New switch thresholds: 0.0 0.47955116629600525 0.493807315826416
len(estimates): 1869, New switch thresholds: 0.0 0.478863388299942 0.4939691126346588
len(estimates): 1995, New switch thresholds: 0.0 0.47897428274154663 0.49414223432540894
len(estimates): 2000, New switch thresholds: 0.0 0.47897428274154663 0.49411633610725403
Epoch 4
LossPi 0.24986878591279188
TotalEpisodes 42
TotalSuccesses 9
TotalEnvInteracts 8000
OnlineBurden 422
NumSwitchToNov 163
NumSwitchToRisk 0
NumSwitchBack 162
len(estimates): 200, New switch thresholds: 0.0 0.48066017031669617 0.492213636636734
len(estimates): 400, New switch thresholds: 0.0 0.47680285573005676 0.48766180872917175
len(estimates): 600, New switch thresholds: 0.0 0.4713778495788574 0.4868053197860718
len(estimates): 712, New switch thresholds: 0.0 0.47138747572898865 0.48682701587677
len(estimates): 912, New switch thresholds: 0.0 0.4637534022331238 0.4850330650806427
len(estimates): 1058, New switch thresholds: 0.0 0.4641847610473633 0.48432937264442444
len(estimates): 1258, New switch thresholds: 0.0 0.4644084572792053 0.4835377335548401
len(estimates): 1458, New switch thresholds: 0.0 0.46485447883605957 0.48426854610443115
len(estimates): 1658, New switch thresholds: 0.0 0.46559643745422363 0.4833942949771881
len(estimates): 1771, New switch thresholds: 0.0 0.4658242166042328 0.48384395241737366
len(estimates): 1886, New switch thresholds: 0.0 0.465846985578537 0.4832044541835785
len(estimates): 2000, New switch thresholds: 0.0 0.4658566415309906 0.48272740840911865
Epoch 5
LossPi 0.24177285198569298
TotalEpisodes 53
TotalSuccesses 13
TotalEnvInteracts 10000
OnlineBurden 422
NumSwitchToNov 163
NumSwitchToRisk 0
NumSwitchBack 162
