/iliad/group/cluster-support/anaconda/main/anaconda3/envs/thriftydagger/lib/python3.8/site-packages/gym/logger.py:34: UserWarning: [33mWARN: Box bound precision lowered by casting to float32[0m
  warnings.warn(colorize("%s: %s" % ("WARN", msg % args), "yellow"))
Traceback (most recent call last):
  File "run_thriftydagger.py", line 194, in <module>
    os.makedirs(logger_kwargs['output_dir'])
  File "/iliad/group/cluster-support/anaconda/main/anaconda3/envs/thriftydagger/lib/python3.8/os.py", line 223, in makedirs
    mkdir(name, mode)
FileExistsError: [Errno 17] File exists: '/iliad/u/madeline/thriftydagger/data/dec1_retrain_pick_place_tau_sup0.032_tau_auto0.01/dec1_retrain_pick_place_tau_sup0.032_tau_auto0.01_s4'
/iliad/group/cluster-support/anaconda/main/anaconda3/envs/thriftydagger/lib/python3.8/site-packages/gym/logger.py:34: UserWarning: [33mWARN: Box bound precision lowered by casting to float32[0m
  warnings.warn(colorize("%s: %s" % ("WARN", msg % args), "yellow"))
/iliad/group/cluster-support/anaconda/main/anaconda3/envs/thriftydagger/lib/python3.8/site-packages/gym/logger.py:34: UserWarning: [33mWARN: Box bound precision lowered by casting to float32[0m
  warnings.warn(colorize("%s: %s" % ("WARN", msg % args), "yellow"))
/iliad/group/cluster-support/anaconda/main/anaconda3/envs/thriftydagger/lib/python3.8/site-packages/gym/logger.py:34: UserWarning: [33mWARN: Box bound precision lowered by casting to float32[0m
  warnings.warn(colorize("%s: %s" % ("WARN", msg % args), "yellow"))
/iliad/group/cluster-support/anaconda/main/anaconda3/envs/thriftydagger/lib/python3.8/site-packages/gym/logger.py:34: UserWarning: [33mWARN: Box bound precision lowered by casting to float32[0m
  warnings.warn(colorize("%s: %s" % ("WARN", msg % args), "yellow"))
/iliad/group/cluster-support/anaconda/main/anaconda3/envs/thriftydagger/lib/python3.8/site-packages/gym/logger.py:34: UserWarning: [33mWARN: Box bound precision lowered by casting to float32[0m
  warnings.warn(colorize("%s: %s" % ("WARN", msg % args), "yellow"))
/iliad/group/cluster-support/anaconda/main/anaconda3/envs/thriftydagger/lib/python3.8/site-packages/gym/logger.py:34: UserWarning: [33mWARN: Box bound precision lowered by casting to float32[0m
  warnings.warn(colorize("%s: %s" % ("WARN", msg % args), "yellow"))
/iliad/group/cluster-support/anaconda/main/anaconda3/envs/thriftydagger/lib/python3.8/site-packages/gym/logger.py:34: UserWarning: [33mWARN: Box bound precision lowered by casting to float32[0m
  warnings.warn(colorize("%s: %s" % ("WARN", msg % args), "yellow"))
/iliad/group/cluster-support/anaconda/main/anaconda3/envs/thriftydagger/lib/python3.8/site-packages/gym/logger.py:34: UserWarning: [33mWARN: Box bound precision lowered by casting to float32[0m
  warnings.warn(colorize("%s: %s" % ("WARN", msg % args), "yellow"))
/iliad/group/cluster-support/anaconda/main/anaconda3/envs/thriftydagger/lib/python3.8/site-packages/gym/logger.py:34: UserWarning: [33mWARN: Box bound precision lowered by casting to float32[0m
  warnings.warn(colorize("%s: %s" % ("WARN", msg % args), "yellow"))
/iliad/group/cluster-support/anaconda/main/anaconda3/envs/thriftydagger/lib/python3.8/site-packages/gym/logger.py:34: UserWarning: [33mWARN: Box bound precision lowered by casting to float32[0m
  warnings.warn(colorize("%s: %s" % ("WARN", msg % args), "yellow"))
/iliad/group/cluster-support/anaconda/main/anaconda3/envs/thriftydagger/lib/python3.8/site-packages/gym/logger.py:34: UserWarning: [33mWARN: Box bound precision lowered by casting to float32[0m
  warnings.warn(colorize("%s: %s" % ("WARN", msg % args), "yellow"))
/iliad/group/cluster-support/anaconda/main/anaconda3/envs/thriftydagger/lib/python3.8/site-packages/gym/logger.py:34: UserWarning: [33mWARN: Box bound precision lowered by casting to float32[0m
  warnings.warn(colorize("%s: %s" % ("WARN", msg % args), "yellow"))
/iliad/group/cluster-support/anaconda/main/anaconda3/envs/thriftydagger/lib/python3.8/site-packages/gym/logger.py:34: UserWarning: [33mWARN: Box bound precision lowered by casting to float32[0m
  warnings.warn(colorize("%s: %s" % ("WARN", msg % args), "yellow"))
/iliad/group/cluster-support/anaconda/main/anaconda3/envs/thriftydagger/lib/python3.8/site-packages/gym/logger.py:34: UserWarning: [33mWARN: Box bound precision lowered by casting to float32[0m
  warnings.warn(colorize("%s: %s" % ("WARN", msg % args), "yellow"))
/iliad/group/cluster-support/anaconda/main/anaconda3/envs/thriftydagger/lib/python3.8/site-packages/gym/logger.py:34: UserWarning: [33mWARN: Box bound precision lowered by casting to float32[0m
  warnings.warn(colorize("%s: %s" % ("WARN", msg % args), "yellow"))
/iliad/group/cluster-support/anaconda/main/anaconda3/envs/thriftydagger/lib/python3.8/site-packages/gym/logger.py:34: UserWarning: [33mWARN: Box bound precision lowered by casting to float32[0m
  warnings.warn(colorize("%s: %s" % ("WARN", msg % args), "yellow"))
/iliad/group/cluster-support/anaconda/main/anaconda3/envs/thriftydagger/lib/python3.8/site-packages/gym/logger.py:34: UserWarning: [33mWARN: Box bound precision lowered by casting to float32[0m
  warnings.warn(colorize("%s: %s" % ("WARN", msg % args), "yellow"))
/iliad/group/cluster-support/anaconda/main/anaconda3/envs/thriftydagger/lib/python3.8/site-packages/gym/logger.py:34: UserWarning: [33mWARN: Box bound precision lowered by casting to float32[0m
  warnings.warn(colorize("%s: %s" % ("WARN", msg % args), "yellow"))
/iliad/group/cluster-support/anaconda/main/anaconda3/envs/thriftydagger/lib/python3.8/site-packages/gym/logger.py:34: UserWarning: [33mWARN: Box bound precision lowered by casting to float32[0m
  warnings.warn(colorize("%s: %s" % ("WARN", msg % args), "yellow"))
/iliad/group/cluster-support/anaconda/main/anaconda3/envs/thriftydagger/lib/python3.8/site-packages/gym/logger.py:34: UserWarning: [33mWARN: Box bound precision lowered by casting to float32[0m
  warnings.warn(colorize("%s: %s" % ("WARN", msg % args), "yellow"))
/iliad/group/cluster-support/anaconda/main/anaconda3/envs/thriftydagger/lib/python3.8/site-packages/gym/logger.py:34: UserWarning: [33mWARN: Box bound precision lowered by casting to float32[0m
  warnings.warn(colorize("%s: %s" % ("WARN", msg % args), "yellow"))
/iliad/group/cluster-support/anaconda/main/anaconda3/envs/thriftydagger/lib/python3.8/site-packages/gym/logger.py:34: UserWarning: [33mWARN: Box bound precision lowered by casting to float32[0m
  warnings.warn(colorize("%s: %s" % ("WARN", msg % args), "yellow"))
/iliad/group/cluster-support/anaconda/main/anaconda3/envs/thriftydagger/lib/python3.8/site-packages/gym/logger.py:34: UserWarning: [33mWARN: Box bound precision lowered by casting to float32[0m
  warnings.warn(colorize("%s: %s" % ("WARN", msg % args), "yellow"))
/iliad/group/cluster-support/anaconda/main/anaconda3/envs/thriftydagger/lib/python3.8/site-packages/gym/logger.py:34: UserWarning: [33mWARN: Box bound precision lowered by casting to float32[0m
  warnings.warn(colorize("%s: %s" % ("WARN", msg % args), "yellow"))
