
Keys      	Command
q         	reset simulation
spacebar  	toggle gripper (open/close)
w-a-s-d   	move arm horizontally in x-y plane
r-f       	move arm vertically
z-x       	rotate arm about x-axis
t-g       	rotate arm about y-axis
c-v       	rotate arm about z-axis
ESC       	quit

Warning: Log dir /iliad/u/madeline/thriftydagger/data/dec1_retrain_thriftydagger_pick_place_alpha0.0001/dec1_retrain_thriftydagger_pick_place_alpha0.0001_s4 already exists! Storing info there anyway.
[32;1mLogging data to /iliad/u/madeline/thriftydagger/data/dec1_retrain_thriftydagger_pick_place_alpha0.0001/dec1_retrain_thriftydagger_pick_place_alpha0.0001_s4/progress.txt[0m
[36;1mSaving config:
[0m
{
    "ac_kwargs":	{},
    "actor_critic":	"Ensemble",
    "algo_sup":	true,
    "batch_size":	100,
    "bc_epochs":	5,
    "bc_only":	false,
    "device_idx":	null,
    "exp_name":	"dec1_retrain_thriftydagger_pick_place_alpha0.0001",
    "gamma":	0.9999,
    "grad_steps":	500,
    "hg_dagger":	null,
    "hg_oracle_thresh":	0.2,
    "init_model":	null,
    "input_file":	"/iliad/u/madeline/thriftydagger/data/testpickplace/testpickplace_s4/pick-place-data.pkl",
    "iters":	5,
    "logger":	{
        "<thrifty.utils.logx.EpochLogger object at 0x7fc5696a2e80>":	{
            "epoch_dict":	{},
            "exp_name":	"dec1_retrain_thriftydagger_pick_place_alpha0.0001",
            "first_row":	true,
            "log_current_row":	{},
            "log_headers":	[],
            "output_dir":	"/iliad/u/madeline/thriftydagger/data/dec1_retrain_thriftydagger_pick_place_alpha0.0001/dec1_retrain_thriftydagger_pick_place_alpha0.0001_s4",
            "output_file":	{
                "<_io.TextIOWrapper name='/iliad/u/madeline/thriftydagger/data/dec1_retrain_thriftydagger_pick_place_alpha0.0001/dec1_retrain_thriftydagger_pick_place_alpha0.0001_s4/progress.txt' mode='w' encoding='UTF-8'>":	{
                    "mode":	"w"
                }
            }
        }
    },
    "logger_kwargs":	{
        "exp_name":	"dec1_retrain_thriftydagger_pick_place_alpha0.0001",
        "output_dir":	"/iliad/u/madeline/thriftydagger/data/dec1_retrain_thriftydagger_pick_place_alpha0.0001/dec1_retrain_thriftydagger_pick_place_alpha0.0001_s4"
    },
    "num_nets":	5,
    "num_test_episodes":	10,
    "obs_per_iter":	2000,
    "pi_lr":	0.001,
    "q_learning":	true,
    "replay_size":	30000,
    "robosuite":	true,
    "robosuite_cfg":	{
        "INPUT_DEVICE":	{
            "<robosuite.devices.keyboard.Keyboard object at 0x7fc5165a1e20>":	{
                "_enabled":	false,
                "_pos_step":	0.05,
                "_reset_state":	0,
                "grasp":	false,
                "last_drotation":	"[0. 0. 0.]",
                "last_pos":	"[0. 0. 0.]",
                "pos":	"[0. 0. 0.]",
                "pos_sensitivity":	0.5,
                "raw_drotation":	"[0. 0. 0.]",
                "rot_sensitivity":	3.0,
                "rotation":	"[[-1.  0.  0.]\n [ 0.  1.  0.]\n [ 0.  0. -1.]]"
            }
        },
        "MAX_EP_LEN":	200
    },
    "seed":	4,
    "stochastic_expert":	false,
    "target_rate":	0.0001,
    "test_intervention_eps":	null
}
Net #0
LossPi 0.3845713395178318
LossValid 0.1954520212444193
LossPi 0.2731024309694767
LossValid 0.15855553144946516
LossPi 0.24263096064329148
LossValid 0.14926091839638542
LossPi 0.2196571833193302
LossValid 0.14170285392953386
LossPi 0.20223958766460418
LossValid 0.13879194419886354
Net #1
LossPi 0.40690790393948556
LossValid 0.17777561734658373
LossPi 0.2761344813406467
LossValid 0.15892850326866637
LossPi 0.2402078556716442
LossValid 0.14397477563752276
LossPi 0.21704750248789786
LossValid 0.1537916472171313
LossPi 0.19844469848275184
LossValid 0.14705103848539466
Net #2
LossPi 0.39247792571783063
LossValid 0.1882170913884511
LossPi 0.2700418102145195
LossValid 0.16995621990244353
LossPi 0.23789427331089974
LossValid 0.1566994482999131
LossPi 0.2185954747200012
LossValid 0.1554338003982099
LossPi 0.2012778422087431
LossValid 0.13678020038620173
Net #3
LossPi 0.39935771429538724
LossValid 0.2123507173183288
LossPi 0.26990388822555544
LossValid 0.1578029494209621
LossPi 0.24053133794665338
LossValid 0.16098296775807283
LossPi 0.216767865806818
LossValid 0.15840383666842778
LossPi 0.19578411050140856
LossValid 0.1529600324910823
Net #4
LossPi 0.39692436808347703
LossValid 0.19928365710597565
LossPi 0.27839003098011017
LossValid 0.171856771255195
LossPi 0.2507681478559971
LossValid 0.14462277276697952
LossPi 0.2288484447002411
LossValid 0.1552120117445715
LossPi 0.21235273280739783
LossValid 0.12965992737031024
Estimated switch-back threshold: 0.20425573035964706
Estimated switch-to threshold: 0.034512072801589966
Test Success Rate: 0.2
Epoch 0
LossQ 0.00039580617748676103
TotalEpisodes 0
TotalSuccesses 0
TotalEnvInteracts 0
OnlineBurden 0
NumSwitchToNov 0
NumSwitchToRisk 0
NumSwitchBack 0
len(estimates): 175, New switch thresholds: 0.035263195633888245 0.4893852770328522 0.5218214392662048
len(estimates): 298, New switch thresholds: 0.10142694413661957 0.4868759512901306 0.9961581826210022
len(estimates): 323, New switch thresholds: 0.10142694413661957 0.48257988691329956 0.9978850483894348
len(estimates): 523, New switch thresholds: 0.10142694413661957 0.48257988691329956 0.506320059299469
len(estimates): 637, New switch thresholds: 0.10402549058198929 0.4673280715942383 0.5141023993492126
len(estimates): 837, New switch thresholds: 0.10402549058198929 0.4673280715942383 0.5062690377235413
len(estimates): 1037, New switch thresholds: 0.10402549058198929 0.4673280715942383 0.5153899788856506
len(estimates): 1166, New switch thresholds: 0.10402549058198929 0.4673280715942383 0.5135360360145569
len(estimates): 1285, New switch thresholds: 0.10402549058198929 0.4673280715942383 0.5179835557937622
len(estimates): 1485, New switch thresholds: 0.10402549058198929 0.4673280715942383 0.5279684066772461
len(estimates): 1685, New switch thresholds: 0.10402549058198929 0.4673280715942383 0.5063349008560181
len(estimates): 1756, New switch thresholds: 0.10402549058198929 0.4673280715942383 0.5056689381599426
Test Success Rate: 0.0
Epoch 1
LossPi 0.2591205980524421
LossQ 0.000733799274463272
TotalEpisodes 11
TotalSuccesses 4
TotalEnvInteracts 2000
OnlineBurden 252
NumSwitchToNov 6
NumSwitchToRisk 2
NumSwitchBack 8
len(estimates): 117, New switch thresholds: 0.07113818824291229 0.4959581792354584 0.5170943737030029
len(estimates): 232, New switch thresholds: 0.07239782810211182 0.4888645112514496 0.6254749894142151
len(estimates): 363, New switch thresholds: 0.07239782810211182 0.48024463653564453 0.5607054233551025
len(estimates): 500, New switch thresholds: 0.10404787212610245 0.48024463653564453 0.5088001489639282
len(estimates): 543, New switch thresholds: 0.1096247062087059 0.48024463653564453 0.5044136047363281
len(estimates): 658, New switch thresholds: 0.1096247062087059 0.4765399992465973 0.5047567486763
len(estimates): 858, New switch thresholds: 0.1096247062087059 0.4765399992465973 0.5003240704536438
len(estimates): 1034, New switch thresholds: 0.1096247062087059 0.47001364827156067 0.5003504753112793
len(estimates): 1234, New switch thresholds: 0.1096247062087059 0.47001364827156067 0.5019301772117615
len(estimates): 1434, New switch thresholds: 0.1096247062087059 0.47001364827156067 0.5024977922439575
len(estimates): 1549, New switch thresholds: 0.1096247062087059 0.47001364827156067 0.502575159072876
len(estimates): 1568, New switch thresholds: 0.12606245279312134 0.47001364827156067 0.502448320388794
Test Success Rate: 0.2
Epoch 2
LossPi 0.25501814544541496
LossQ 0.0013324840003917416
TotalEpisodes 22
TotalSuccesses 8
TotalEnvInteracts 4000
OnlineBurden 695
NumSwitchToNov 10
NumSwitchToRisk 9
NumSwitchBack 13
len(estimates): 114, New switch thresholds: 0.05323249474167824 0.4696040153503418 0.492316871881485
len(estimates): 157, New switch thresholds: 0.05323249474167824 0.4683128893375397 0.49160224199295044
len(estimates): 256, New switch thresholds: 0.05323249474167824 0.4671950042247772 0.4914768934249878
len(estimates): 456, New switch thresholds: 0.05323249474167824 0.4671950042247772 0.497201532125473
len(estimates): 535, New switch thresholds: 0.0591258704662323 0.4671950042247772 0.497201532125473
len(estimates): 735, New switch thresholds: 0.0591258704662323 0.4671950042247772 0.497201532125473
len(estimates): 815, New switch thresholds: 0.06424026191234589 0.4671950042247772 0.497201532125473
len(estimates): 1015, New switch thresholds: 0.06424026191234589 0.4671950042247772 0.497201532125473
len(estimates): 1146, New switch thresholds: 0.0643601268529892 0.4671950042247772 0.497201532125473
len(estimates): 1276, New switch thresholds: 0.10426490008831024 0.4671950042247772 0.497201532125473
len(estimates): 1429, New switch thresholds: 0.10426490008831024 0.4671950042247772 0.497201532125473
Test Success Rate: 0.2
Epoch 3
LossPi 0.24633843680471182
LossQ 0.0017035809758202958
TotalEpisodes 32
TotalSuccesses 11
TotalEnvInteracts 6000
OnlineBurden 1273
NumSwitchToNov 14
NumSwitchToRisk 12
NumSwitchBack 16
len(estimates): 117, New switch thresholds: 0.08233622461557388 0.4712827205657959 0.49570080637931824
len(estimates): 144, New switch thresholds: 0.08233622461557388 0.47123751044273376 0.4906468093395233
len(estimates): 255, New switch thresholds: 0.08233622461557388 0.47123751044273376 0.490182101726532
len(estimates): 348, New switch thresholds: 0.08233622461557388 0.44357556104660034 0.48975613713264465
len(estimates): 414, New switch thresholds: 0.08233622461557388 0.4435708522796631 0.48945674300193787
len(estimates): 582, New switch thresholds: 0.08501690626144409 0.4435708522796631 0.490182101726532
len(estimates): 782, New switch thresholds: 0.08501690626144409 0.4435708522796631 0.49191704392433167
len(estimates): 901, New switch thresholds: 0.08900360763072968 0.4435708522796631 0.49101072549819946
len(estimates): 1084, New switch thresholds: 0.08900360763072968 0.437700092792511 0.4906214475631714
len(estimates): 1178, New switch thresholds: 0.08900360763072968 0.43736010789871216 0.490151971578598
len(estimates): 1261, New switch thresholds: 0.14217399060726166 0.41729453206062317 0.4902384877204895
len(estimates): 1322, New switch thresholds: 0.14217399060726166 0.41729453206062317 0.4903930723667145
Test Success Rate: 0.1
Epoch 4
LossPi 0.2340481283734242
LossQ 0.001838137898047571
TotalEpisodes 43
TotalSuccesses 15
TotalEnvInteracts 8000
OnlineBurden 1959
NumSwitchToNov 17
NumSwitchToRisk 17
NumSwitchBack 19
len(estimates): 76, New switch thresholds: 0.14749209582805634 0.48849186301231384 0.4906275272369385
len(estimates): 190, New switch thresholds: 0.14749209582805634 0.48849186301231384 0.4964812099933624
len(estimates): 340, New switch thresholds: 0.14749209582805634 0.48432019352912903 0.49722787737846375
len(estimates): 403, New switch thresholds: 0.14749209582805634 0.48332634568214417 0.49686819314956665
len(estimates): 574, New switch thresholds: 0.14749209582805634 0.48332634568214417 0.49730655550956726
len(estimates): 622, New switch thresholds: 0.14749209582805634 0.48294657468795776 0.4970453083515167
len(estimates): 800, New switch thresholds: 0.14749209582805634 0.48267534375190735 0.4959717392921448
len(estimates): 965, New switch thresholds: 0.14749209582805634 0.4786396622657776 0.49616900086402893
len(estimates): 983, New switch thresholds: 0.14749209582805634 0.4775180220603943 0.49617913365364075
len(estimates): 1131, New switch thresholds: 0.14749209582805634 0.4775180220603943 0.49666133522987366
len(estimates): 1331, New switch thresholds: 0.14749209582805634 0.4775180220603943 0.4953194856643677
Test Success Rate: 0.1
Epoch 5
LossPi 0.22647587589353324
LossQ 0.0021646238540695777
TotalEpisodes 54
TotalSuccesses 19
TotalEnvInteracts 10000
OnlineBurden 2636
NumSwitchToNov 18
NumSwitchToRisk 24
NumSwitchBack 21

Keys      	Command
q         	reset simulation
spacebar  	toggle gripper (open/close)
w-a-s-d   	move arm horizontally in x-y plane
r-f       	move arm vertically
z-x       	rotate arm about x-axis
t-g       	rotate arm about y-axis
c-v       	rotate arm about z-axis
ESC       	quit

Warning: Log dir /iliad/u/madeline/thriftydagger/data/dec1_retrain_thriftydagger_pick_place_alpha0.0005/dec1_retrain_thriftydagger_pick_place_alpha0.0005_s4 already exists! Storing info there anyway.
[32;1mLogging data to /iliad/u/madeline/thriftydagger/data/dec1_retrain_thriftydagger_pick_place_alpha0.0005/dec1_retrain_thriftydagger_pick_place_alpha0.0005_s4/progress.txt[0m
[36;1mSaving config:
[0m
{
    "ac_kwargs":	{},
    "actor_critic":	"Ensemble",
    "algo_sup":	true,
    "batch_size":	100,
    "bc_epochs":	5,
    "bc_only":	false,
    "device_idx":	null,
    "exp_name":	"dec1_retrain_thriftydagger_pick_place_alpha0.0005",
    "gamma":	0.9999,
    "grad_steps":	500,
    "hg_dagger":	null,
    "hg_oracle_thresh":	0.2,
    "init_model":	null,
    "input_file":	"/iliad/u/madeline/thriftydagger/data/testpickplace/testpickplace_s4/pick-place-data.pkl",
    "iters":	5,
    "logger":	{
        "<thrifty.utils.logx.EpochLogger object at 0x7fcf5c244490>":	{
            "epoch_dict":	{},
            "exp_name":	"dec1_retrain_thriftydagger_pick_place_alpha0.0005",
            "first_row":	true,
            "log_current_row":	{},
            "log_headers":	[],
            "output_dir":	"/iliad/u/madeline/thriftydagger/data/dec1_retrain_thriftydagger_pick_place_alpha0.0005/dec1_retrain_thriftydagger_pick_place_alpha0.0005_s4",
            "output_file":	{
                "<_io.TextIOWrapper name='/iliad/u/madeline/thriftydagger/data/dec1_retrain_thriftydagger_pick_place_alpha0.0005/dec1_retrain_thriftydagger_pick_place_alpha0.0005_s4/progress.txt' mode='w' encoding='UTF-8'>":	{
                    "mode":	"w"
                }
            }
        }
    },
    "logger_kwargs":	{
        "exp_name":	"dec1_retrain_thriftydagger_pick_place_alpha0.0005",
        "output_dir":	"/iliad/u/madeline/thriftydagger/data/dec1_retrain_thriftydagger_pick_place_alpha0.0005/dec1_retrain_thriftydagger_pick_place_alpha0.0005_s4"
    },
    "num_nets":	5,
    "num_test_episodes":	10,
    "obs_per_iter":	2000,
    "pi_lr":	0.001,
    "q_learning":	true,
    "replay_size":	30000,
    "robosuite":	true,
    "robosuite_cfg":	{
        "INPUT_DEVICE":	{
            "<robosuite.devices.keyboard.Keyboard object at 0x7fce81a5be20>":	{
                "_enabled":	false,
                "_pos_step":	0.05,
                "_reset_state":	0,
                "grasp":	false,
                "last_drotation":	"[0. 0. 0.]",
                "last_pos":	"[0. 0. 0.]",
                "pos":	"[0. 0. 0.]",
                "pos_sensitivity":	0.5,
                "raw_drotation":	"[0. 0. 0.]",
                "rot_sensitivity":	3.0,
                "rotation":	"[[-1.  0.  0.]\n [ 0.  1.  0.]\n [ 0.  0. -1.]]"
            }
        },
        "MAX_EP_LEN":	200
    },
    "seed":	4,
    "stochastic_expert":	false,
    "target_rate":	0.0005,
    "test_intervention_eps":	null
}
Net #0
LossPi 0.3845713395178318
LossValid 0.1954520212444193
LossPi 0.2731024309694767
LossValid 0.15855553144946516
LossPi 0.24263096064329148
LossValid 0.14926091839638542
LossPi 0.2196571833193302
LossValid 0.14170285392953386
LossPi 0.20223958766460418
LossValid 0.13879194419886354
Net #1
LossPi 0.40690790393948556
LossValid 0.17777561734658373
LossPi 0.2761344813406467
LossValid 0.15892850326866637
LossPi 0.2402078556716442
LossValid 0.14397477563752276
LossPi 0.21704750248789786
LossValid 0.1537916472171313
LossPi 0.19844469848275184
LossValid 0.14705103848539466
Net #2
LossPi 0.39247792571783063
LossValid 0.1882170913884511
LossPi 0.2700418102145195
LossValid 0.16995621990244353
LossPi 0.23789427331089974
LossValid 0.1566994482999131
LossPi 0.2185954747200012
LossValid 0.1554338003982099
LossPi 0.2012778422087431
LossValid 0.13678020038620173
Net #3
LossPi 0.39935771429538724
LossValid 0.2123507173183288
LossPi 0.26990388822555544
LossValid 0.1578029494209621
LossPi 0.24053133794665338
LossValid 0.16098296775807283
LossPi 0.216767865806818
LossValid 0.15840383666842778
LossPi 0.19578411050140856
LossValid 0.1529600324910823
Net #4
LossPi 0.39692436808347703
LossValid 0.19928365710597565
LossPi 0.27839003098011017
LossValid 0.171856771255195
LossPi 0.2507681478559971
LossValid 0.14462277276697952
LossPi 0.2288484447002411
LossValid 0.1552120117445715
LossPi 0.21235273280739783
LossValid 0.12965992737031024
Estimated switch-back threshold: 0.20425573035964706
Estimated switch-to threshold: 0.034512072801589966
Test Success Rate: 0.2
Epoch 0
LossQ 0.00041946199975536274
TotalEpisodes 0
TotalSuccesses 0
TotalEnvInteracts 0
OnlineBurden 0
NumSwitchToNov 0
NumSwitchToRisk 0
NumSwitchBack 0
len(estimates): 176, New switch thresholds: 0.047633908689022064 0.49282118678092957 0.5101844668388367
len(estimates): 302, New switch thresholds: 0.047633908689022064 0.48883044719696045 0.9822852611541748
len(estimates): 331, New switch thresholds: 0.047633908689022064 0.4841322600841522 0.9926906228065491
len(estimates): 405, New switch thresholds: 0.053539421409368515 0.4841322600841522 0.5897549986839294
len(estimates): 494, New switch thresholds: 0.10402549058198929 0.48235324025154114 0.6668131351470947
len(estimates): 694, New switch thresholds: 0.10402549058198929 0.48235324025154114 0.5102855563163757
len(estimates): 894, New switch thresholds: 0.10402549058198929 0.48235324025154114 0.5225564241409302
len(estimates): 1023, New switch thresholds: 0.10402549058198929 0.48235324025154114 0.5209441781044006
len(estimates): 1142, New switch thresholds: 0.10402549058198929 0.48235324025154114 0.5250974893569946
len(estimates): 1342, New switch thresholds: 0.10402549058198929 0.48235324025154114 0.5320677161216736
len(estimates): 1542, New switch thresholds: 0.10402549058198929 0.48235324025154114 0.5098710060119629
len(estimates): 1613, New switch thresholds: 0.10402549058198929 0.48235324025154114 0.5081313252449036
Test Success Rate: 0.1
Epoch 1
LossPi 0.2652545050596197
LossQ 0.0007804597819343871
TotalEpisodes 11
TotalSuccesses 4
TotalEnvInteracts 2000
OnlineBurden 393
NumSwitchToNov 4
NumSwitchToRisk 2
NumSwitchBack 5
len(estimates): 144, New switch thresholds: 0.05679965019226074 0.49445441365242004 0.4964122176170349
len(estimates): 271, New switch thresholds: 0.11336503177881241 0.4883589446544647 0.5071359872817993
len(estimates): 307, New switch thresholds: 0.12874452769756317 0.4883589446544647 0.5033387541770935
len(estimates): 428, New switch thresholds: 0.12874452769756317 0.4883589446544647 0.5034860968589783
len(estimates): 628, New switch thresholds: 0.12874452769756317 0.4883589446544647 0.4975091814994812
len(estimates): 760, New switch thresholds: 0.12874452769756317 0.4883589446544647 0.49771222472190857
len(estimates): 941, New switch thresholds: 0.14046666026115417 0.4883589446544647 0.4984959363937378
len(estimates): 1131, New switch thresholds: 0.14046666026115417 0.4870404303073883 0.4965546131134033
len(estimates): 1331, New switch thresholds: 0.14046666026115417 0.4870404303073883 0.4963408410549164
len(estimates): 1446, New switch thresholds: 0.14128169417381287 0.4870404303073883 0.49624261260032654
len(estimates): 1577, New switch thresholds: 0.14128169417381287 0.4870404303073883 0.4963434934616089
len(estimates): 1649, New switch thresholds: 0.14128169417381287 0.4870404303073883 0.49630361795425415
Test Success Rate: 0.4
Epoch 2
LossPi 0.25509217324980665
LossQ 0.0014688122885042685
TotalEpisodes 22
TotalSuccesses 8
TotalEnvInteracts 4000
OnlineBurden 750
NumSwitchToNov 8
NumSwitchToRisk 4
NumSwitchBack 8
len(estimates): 49, New switch thresholds: 0.028223540633916855 0.4770456850528717 0.9982113838195801
len(estimates): 103, New switch thresholds: 0.028223540633916855 0.4764425754547119 0.99793940782547
len(estimates): 141, New switch thresholds: 0.028223540633916855 0.47627004981040955 0.9259575605392456
len(estimates): 198, New switch thresholds: 0.032282035797834396 0.47627004981040955 0.801717221736908
len(estimates): 271, New switch thresholds: 0.032282035797834396 0.47414255142211914 0.9187037944793701
len(estimates): 337, New switch thresholds: 0.033850084990262985 0.47414255142211914 0.9095597863197327
len(estimates): 405, New switch thresholds: 0.033850084990262985 0.4551941752433777 0.4924270510673523
len(estimates): 508, New switch thresholds: 0.05969597026705742 0.4551941752433777 0.4927157461643219
len(estimates): 708, New switch thresholds: 0.05969597026705742 0.4551941752433777 0.49062544107437134
len(estimates): 746, New switch thresholds: 0.18090946972370148 0.06854525953531265 0.4906148910522461
len(estimates): 874, New switch thresholds: 0.18090946972370148 0.06854525953531265 0.4909070134162903
len(estimates): 998, New switch thresholds: 0.18090946972370148 0.06854525953531265 0.49079033732414246
len(estimates): 1188, New switch thresholds: 0.18090946972370148 0.06854525953531265 0.48983004689216614
Test Success Rate: 0.4
Epoch 3
LossPi 0.25213773595653477
LossQ 0.001728846828811911
TotalEpisodes 34
TotalSuccesses 17
TotalEnvInteracts 6000
OnlineBurden 1571
NumSwitchToNov 12
NumSwitchToRisk 9
NumSwitchBack 15
len(estimates): 200, New switch thresholds: 0.08615951240062714 0.4817520081996918 0.49213191866874695
len(estimates): 400, New switch thresholds: 0.08615951240062714 0.4817520081996918 0.49348416924476624
len(estimates): 423, New switch thresholds: 0.08615951240062714 0.47469979524612427 0.49329113960266113
len(estimates): 536, New switch thresholds: 0.08615951240062714 0.47469979524612427 0.4937552809715271
len(estimates): 648, New switch thresholds: 0.08615951240062714 0.47469979524612427 0.4945524036884308
len(estimates): 760, New switch thresholds: 0.08615951240062714 0.47469979524612427 0.4968714416027069
len(estimates): 801, New switch thresholds: 0.08615951240062714 0.4746083617210388 0.4945400655269623
len(estimates): 864, New switch thresholds: 0.08615951240062714 0.4722420871257782 0.4950353801250458
len(estimates): 915, New switch thresholds: 0.08615951240062714 0.47168561816215515 0.4939674139022827
len(estimates): 1115, New switch thresholds: 0.08615951240062714 0.47168561816215515 0.49770891666412354
len(estimates): 1315, New switch thresholds: 0.08615951240062714 0.47168561816215515 0.49854862689971924
len(estimates): 1435, New switch thresholds: 0.08615951240062714 0.47168561816215515 0.4984522759914398
len(estimates): 1436, New switch thresholds: 0.08615951240062714 0.47168561816215515 0.4984522759914398
Test Success Rate: 0.1
Epoch 4
LossPi 0.23564319976071516
LossQ 0.0018173406737227197
TotalEpisodes 46
TotalSuccesses 22
TotalEnvInteracts 8000
OnlineBurden 2139
NumSwitchToNov 12
NumSwitchToRisk 13
NumSwitchBack 16
len(estimates): 151, New switch thresholds: 0.014935387298464775 0.4716823399066925 0.47398337721824646
len(estimates): 255, New switch thresholds: 0.03849198669195175 0.4716823399066925 0.48639944195747375
len(estimates): 385, New switch thresholds: 0.04018625617027283 0.4716823399066925 0.49066492915153503
len(estimates): 506, New switch thresholds: 0.04018625617027283 0.4715632200241089 0.49064749479293823
len(estimates): 655, New switch thresholds: 0.04018625617027283 0.4703848361968994 0.4901425838470459
len(estimates): 855, New switch thresholds: 0.04018625617027283 0.4703848361968994 0.4909771680831909
len(estimates): 972, New switch thresholds: 0.04018625617027283 0.4703848361968994 0.4909771680831909
len(estimates): 1117, New switch thresholds: 0.040523361414670944 0.4703848361968994 0.4909771680831909
len(estimates): 1254, New switch thresholds: 0.040523361414670944 0.46825140714645386 0.4905751347541809
len(estimates): 1302, New switch thresholds: 0.1032777801156044 0.46825140714645386 0.49050071835517883
len(estimates): 1421, New switch thresholds: 0.1032777801156044 0.46581360697746277 0.49074921011924744
len(estimates): 1543, New switch thresholds: 0.1032777801156044 0.46581360697746277 0.49046915769577026
Test Success Rate: 0.4
Epoch 5
LossPi 0.2347477374190092
LossQ 0.0019514214984720456
TotalEpisodes 57
TotalSuccesses 27
TotalEnvInteracts 10000
OnlineBurden 2610
NumSwitchToNov 20
NumSwitchToRisk 19
NumSwitchBack 28

Keys      	Command
q         	reset simulation
spacebar  	toggle gripper (open/close)
w-a-s-d   	move arm horizontally in x-y plane
r-f       	move arm vertically
z-x       	rotate arm about x-axis
t-g       	rotate arm about y-axis
c-v       	rotate arm about z-axis
ESC       	quit

Warning: Log dir /iliad/u/madeline/thriftydagger/data/dec1_retrain_thriftydagger_pick_place_alpha0.001/dec1_retrain_thriftydagger_pick_place_alpha0.001_s4 already exists! Storing info there anyway.
[32;1mLogging data to /iliad/u/madeline/thriftydagger/data/dec1_retrain_thriftydagger_pick_place_alpha0.001/dec1_retrain_thriftydagger_pick_place_alpha0.001_s4/progress.txt[0m
[36;1mSaving config:
[0m
{
    "ac_kwargs":	{},
    "actor_critic":	"Ensemble",
    "algo_sup":	true,
    "batch_size":	100,
    "bc_epochs":	5,
    "bc_only":	false,
    "device_idx":	null,
    "exp_name":	"dec1_retrain_thriftydagger_pick_place_alpha0.001",
    "gamma":	0.9999,
    "grad_steps":	500,
    "hg_dagger":	null,
    "hg_oracle_thresh":	0.2,
    "init_model":	null,
    "input_file":	"/iliad/u/madeline/thriftydagger/data/testpickplace/testpickplace_s4/pick-place-data.pkl",
    "iters":	5,
    "logger":	{
        "<thrifty.utils.logx.EpochLogger object at 0x7f996aae3520>":	{
            "epoch_dict":	{},
            "exp_name":	"dec1_retrain_thriftydagger_pick_place_alpha0.001",
            "first_row":	true,
            "log_current_row":	{},
            "log_headers":	[],
            "output_dir":	"/iliad/u/madeline/thriftydagger/data/dec1_retrain_thriftydagger_pick_place_alpha0.001/dec1_retrain_thriftydagger_pick_place_alpha0.001_s4",
            "output_file":	{
                "<_io.TextIOWrapper name='/iliad/u/madeline/thriftydagger/data/dec1_retrain_thriftydagger_pick_place_alpha0.001/dec1_retrain_thriftydagger_pick_place_alpha0.001_s4/progress.txt' mode='w' encoding='UTF-8'>":	{
                    "mode":	"w"
                }
            }
        }
    },
    "logger_kwargs":	{
        "exp_name":	"dec1_retrain_thriftydagger_pick_place_alpha0.001",
        "output_dir":	"/iliad/u/madeline/thriftydagger/data/dec1_retrain_thriftydagger_pick_place_alpha0.001/dec1_retrain_thriftydagger_pick_place_alpha0.001_s4"
    },
    "num_nets":	5,
    "num_test_episodes":	10,
    "obs_per_iter":	2000,
    "pi_lr":	0.001,
    "q_learning":	true,
    "replay_size":	30000,
    "robosuite":	true,
    "robosuite_cfg":	{
        "INPUT_DEVICE":	{
            "<robosuite.devices.keyboard.Keyboard object at 0x7f99179ea820>":	{
                "_enabled":	false,
                "_pos_step":	0.05,
                "_reset_state":	0,
                "grasp":	false,
                "last_drotation":	"[0. 0. 0.]",
                "last_pos":	"[0. 0. 0.]",
                "pos":	"[0. 0. 0.]",
                "pos_sensitivity":	0.5,
                "raw_drotation":	"[0. 0. 0.]",
                "rot_sensitivity":	3.0,
                "rotation":	"[[-1.  0.  0.]\n [ 0.  1.  0.]\n [ 0.  0. -1.]]"
            }
        },
        "MAX_EP_LEN":	200
    },
    "seed":	4,
    "stochastic_expert":	false,
    "target_rate":	0.001,
    "test_intervention_eps":	null
}
Net #0
LossPi 0.3845713395178318
LossValid 0.1954520212444193
LossPi 0.2731024309694767
LossValid 0.15855553144946516
LossPi 0.24263096064329148
LossValid 0.14926091839638542
LossPi 0.2196571833193302
LossValid 0.14170285392953386
LossPi 0.20223958766460418
LossValid 0.13879194419886354
Net #1
LossPi 0.40690790393948556
LossValid 0.17777561734658373
LossPi 0.2761344813406467
LossValid 0.15892850326866637
LossPi 0.2402078556716442
LossValid 0.14397477563752276
LossPi 0.21704750248789786
LossValid 0.1537916472171313
LossPi 0.19844469848275184
LossValid 0.14705103848539466
Net #2
LossPi 0.39247792571783063
LossValid 0.1882170913884511
LossPi 0.2700418102145195
LossValid 0.16995621990244353
LossPi 0.23789427331089974
LossValid 0.1566994482999131
LossPi 0.2185954747200012
LossValid 0.1554338003982099
LossPi 0.2012778422087431
LossValid 0.13678020038620173
Net #3
LossPi 0.39935771429538724
LossValid 0.2123507173183288
LossPi 0.26990388822555544
LossValid 0.1578029494209621
LossPi 0.24053133794665338
LossValid 0.16098296775807283
LossPi 0.216767865806818
LossValid 0.15840383666842778
LossPi 0.19578411050140856
LossValid 0.1529600324910823
Net #4
LossPi 0.39692436808347703
LossValid 0.19928365710597565
LossPi 0.27839003098011017
LossValid 0.171856771255195
LossPi 0.2507681478559971
LossValid 0.14462277276697952
LossPi 0.2288484447002411
LossValid 0.1552120117445715
LossPi 0.21235273280739783
LossValid 0.12965992737031024
Estimated switch-back threshold: 0.20425573035964706
Estimated switch-to threshold: 0.034512072801589966
Test Success Rate: 0.2
Epoch 0
LossQ 0.0003816174935570757
TotalEpisodes 0
TotalSuccesses 0
TotalEnvInteracts 0
OnlineBurden 0
NumSwitchToNov 0
NumSwitchToRisk 0
NumSwitchBack 0
len(estimates): 180, New switch thresholds: 0.047633908689022064 0.4944893419742584 0.5120555758476257
len(estimates): 303, New switch thresholds: 0.10142694413661957 0.4873388111591339 0.9514722228050232
len(estimates): 333, New switch thresholds: 0.10142694413661957 0.4826050400733948 0.9965648055076599
len(estimates): 533, New switch thresholds: 0.10142694413661957 0.4826050400733948 0.5064478516578674
len(estimates): 642, New switch thresholds: 0.10402549058198929 0.4826050400733948 0.5079512000083923
len(estimates): 842, New switch thresholds: 0.10402549058198929 0.4826050400733948 0.5050598382949829
len(estimates): 1042, New switch thresholds: 0.10263510793447495 0.4861132800579071 0.507660984992981
len(estimates): 1103, New switch thresholds: 0.10263510793447495 0.48367825150489807 0.5125600099563599
len(estimates): 1222, New switch thresholds: 0.10263510793447495 0.48367825150489807 0.5159053206443787
len(estimates): 1422, New switch thresholds: 0.10263510793447495 0.48367825150489807 0.522589385509491
len(estimates): 1622, New switch thresholds: 0.10263510793447495 0.48367825150489807 0.5067495703697205
len(estimates): 1700, New switch thresholds: 0.10263510793447495 0.48367825150489807 0.5060938596725464
Test Success Rate: 0.2
Epoch 1
LossPi 0.2618887636274099
LossQ 0.0008321421608044694
TotalEpisodes 11
TotalSuccesses 4
TotalEnvInteracts 2000
OnlineBurden 310
NumSwitchToNov 7
NumSwitchToRisk 3
NumSwitchBack 10
len(estimates): 71, New switch thresholds: 0.10707452148199081 0.49631547927856445 0.4984897971153259
len(estimates): 140, New switch thresholds: 0.10707452148199081 0.4962664246559143 0.4977152347564697
len(estimates): 289, New switch thresholds: 0.10707452148199081 0.4843234419822693 0.5002132654190063
len(estimates): 334, New switch thresholds: 0.11868883669376373 0.4843234419822693 0.49905455112457275
len(estimates): 534, New switch thresholds: 0.11868883669376373 0.4843234419822693 0.4993976354598999
len(estimates): 734, New switch thresholds: 0.11868883669376373 0.4843234419822693 0.4984653890132904
len(estimates): 934, New switch thresholds: 0.11868883669376373 0.4843234419822693 0.4980469048023224
len(estimates): 1008, New switch thresholds: 0.11868883669376373 0.48883146047592163 0.4980386197566986
len(estimates): 1129, New switch thresholds: 0.13518232107162476 0.48883146047592163 0.49811503291130066
len(estimates): 1277, New switch thresholds: 0.13518232107162476 0.48883146047592163 0.49828025698661804
len(estimates): 1329, New switch thresholds: 0.13518232107162476 0.48883146047592163 0.4981898367404938
Test Success Rate: 0.1
Epoch 2
LossPi 0.2536364161052874
LossQ 0.0011929108981236277
TotalEpisodes 21
TotalSuccesses 5
TotalEnvInteracts 4000
OnlineBurden 988
NumSwitchToNov 11
NumSwitchToRisk 6
NumSwitchBack 12
len(estimates): 144, New switch thresholds: 0.15533027052879333 0.4929834306240082 0.5014912486076355
len(estimates): 305, New switch thresholds: 0.15533027052879333 0.4929407835006714 0.5017591714859009
len(estimates): 403, New switch thresholds: 0.16546200215816498 0.4929407835006714 0.5037742853164673
len(estimates): 603, New switch thresholds: 0.16546200215816498 0.4929407835006714 0.5056126713752747
len(estimates): 716, New switch thresholds: 0.16546200215816498 0.49152329564094543 0.5087817907333374
len(estimates): 809, New switch thresholds: 0.16546200215816498 0.49127718806266785 0.5059354305267334
len(estimates): 924, New switch thresholds: 0.16546200215816498 0.49127718806266785 0.5059354305267334
len(estimates): 1049, New switch thresholds: 0.15533027052879333 0.4912334084510803 0.50620436668396
len(estimates): 1188, New switch thresholds: 0.15533027052879333 0.4897007346153259 0.5059752464294434
len(estimates): 1219, New switch thresholds: 0.15533027052879333 0.4894316494464874 0.5055686235427856
len(estimates): 1352, New switch thresholds: 0.15533027052879333 0.4894316494464874 0.5045686364173889
Test Success Rate: 0.2
Epoch 3
LossPi 0.25222335454784334
LossQ 0.0013423014936418257
TotalEpisodes 31
TotalSuccesses 8
TotalEnvInteracts 6000
OnlineBurden 1646
NumSwitchToNov 13
NumSwitchToRisk 14
NumSwitchBack 17
len(estimates): 200, New switch thresholds: 0.09274657815694809 0.4918554127216339 0.4929238259792328
len(estimates): 331, New switch thresholds: 0.09274657815694809 0.46618154644966125 0.4929238259792328
len(estimates): 531, New switch thresholds: 0.09274657815694809 0.46618154644966125 0.4929238259792328
len(estimates): 731, New switch thresholds: 0.09274657815694809 0.46618154644966125 0.4929238259792328
len(estimates): 841, New switch thresholds: 0.09750010073184967 0.46618154644966125 0.4929238259792328
len(estimates): 965, New switch thresholds: 0.09750010073184967 0.4656771719455719 0.4929238259792328
len(estimates): 1105, New switch thresholds: 0.09274657815694809 0.4656771719455719 0.4929238259792328
len(estimates): 1245, New switch thresholds: 0.09750010073184967 0.4606251120567322 0.4929238259792328
len(estimates): 1311, New switch thresholds: 0.10090526193380356 0.4606251120567322 0.4929238259792328
len(estimates): 1452, New switch thresholds: 0.10090526193380356 0.45908957719802856 0.4929238259792328
len(estimates): 1505, New switch thresholds: 0.10090526193380356 0.4590566158294678 0.4929238259792328
Test Success Rate: 0.1
Epoch 4
LossPi 0.2532574878182676
LossQ 0.0014856651718066132
TotalEpisodes 41
TotalSuccesses 13
TotalEnvInteracts 8000
OnlineBurden 2158
NumSwitchToNov 16
NumSwitchToRisk 28
NumSwitchBack 26
len(estimates): 112, New switch thresholds: 0.07005853205919266 0.45664337277412415 0.49067503213882446
len(estimates): 221, New switch thresholds: 0.07005853205919266 0.45664337277412415 0.4904259145259857
len(estimates): 421, New switch thresholds: 0.07005853205919266 0.45664337277412415 0.48816370964050293
len(estimates): 621, New switch thresholds: 0.07005853205919266 0.45664337277412415 0.4874287545681
len(estimates): 732, New switch thresholds: 0.08428537100553513 0.45664337277412415 0.487640917301178
len(estimates): 932, New switch thresholds: 0.08428537100553513 0.45664337277412415 0.4883683919906616
len(estimates): 1132, New switch thresholds: 0.07488321512937546 0.4580049514770508 0.4874166250228882
len(estimates): 1332, New switch thresholds: 0.07488321512937546 0.4580049514770508 0.488582968711853
len(estimates): 1378, New switch thresholds: 0.07488321512937546 0.45664337277412415 0.48849743604660034
len(estimates): 1484, New switch thresholds: 0.08372776955366135 0.45664337277412415 0.4886839985847473
len(estimates): 1604, New switch thresholds: 0.08428537100553513 0.45664337277412415 0.48878246545791626
len(estimates): 1644, New switch thresholds: 0.08428537100553513 0.45664337277412415 0.4887620210647583
Test Success Rate: 0.0
Epoch 5
LossPi 0.24300969010949136
LossQ 0.0016148372105157251
TotalEpisodes 52
TotalSuccesses 16
TotalEnvInteracts 10000
OnlineBurden 2519
NumSwitchToNov 19
NumSwitchToRisk 30
NumSwitchBack 29

Keys      	Command
q         	reset simulation
spacebar  	toggle gripper (open/close)
w-a-s-d   	move arm horizontally in x-y plane
r-f       	move arm vertically
z-x       	rotate arm about x-axis
t-g       	rotate arm about y-axis
c-v       	rotate arm about z-axis
ESC       	quit


Keys      	Command
q         	reset simulation
spacebar  	toggle gripper (open/close)
w-a-s-d   	move arm horizontally in x-y plane
r-f       	move arm vertically
z-x       	rotate arm about x-axis
t-g       	rotate arm about y-axis
c-v       	rotate arm about z-axis
ESC       	quit

Warning: Log dir /iliad/u/madeline/thriftydagger/data/dec1_retrain_thriftydagger_pick_place_alpha0.1/dec1_retrain_thriftydagger_pick_place_alpha0.1_s4 already exists! Storing info there anyway.
[32;1mLogging data to /iliad/u/madeline/thriftydagger/data/dec1_retrain_thriftydagger_pick_place_alpha0.1/dec1_retrain_thriftydagger_pick_place_alpha0.1_s4/progress.txt[0m
[36;1mSaving config:
[0m
{
    "ac_kwargs":	{},
    "actor_critic":	"Ensemble",
    "algo_sup":	true,
    "batch_size":	100,
    "bc_epochs":	5,
    "bc_only":	false,
    "device_idx":	null,
    "exp_name":	"dec1_retrain_thriftydagger_pick_place_alpha0.1",
    "gamma":	0.9999,
    "grad_steps":	500,
    "hg_dagger":	null,
    "hg_oracle_thresh":	0.2,
    "init_model":	null,
    "input_file":	"/iliad/u/madeline/thriftydagger/data/testpickplace/testpickplace_s4/pick-place-data.pkl",
    "iters":	5,
    "logger":	{
        "<thrifty.utils.logx.EpochLogger object at 0x7f8641b14e80>":	{
            "epoch_dict":	{},
            "exp_name":	"dec1_retrain_thriftydagger_pick_place_alpha0.1",
            "first_row":	true,
            "log_current_row":	{},
            "log_headers":	[],
            "output_dir":	"/iliad/u/madeline/thriftydagger/data/dec1_retrain_thriftydagger_pick_place_alpha0.1/dec1_retrain_thriftydagger_pick_place_alpha0.1_s4",
            "output_file":	{
                "<_io.TextIOWrapper name='/iliad/u/madeline/thriftydagger/data/dec1_retrain_thriftydagger_pick_place_alpha0.1/dec1_retrain_thriftydagger_pick_place_alpha0.1_s4/progress.txt' mode='w' encoding='UTF-8'>":	{
                    "mode":	"w"
                }
            }
        }
    },
    "logger_kwargs":	{
        "exp_name":	"dec1_retrain_thriftydagger_pick_place_alpha0.1",
        "output_dir":	"/iliad/u/madeline/thriftydagger/data/dec1_retrain_thriftydagger_pick_place_alpha0.1/dec1_retrain_thriftydagger_pick_place_alpha0.1_s4"
    },
    "num_nets":	5,
    "num_test_episodes":	10,
    "obs_per_iter":	2000,
    "pi_lr":	0.001,
    "q_learning":	true,
    "replay_size":	30000,
    "robosuite":	true,
    "robosuite_cfg":	{
        "INPUT_DEVICE":	{
            "<robosuite.devices.keyboard.Keyboard object at 0x7f85eea12e20>":	{
                "_enabled":	false,
                "_pos_step":	0.05,
                "_reset_state":	0,
                "grasp":	false,
                "last_drotation":	"[0. 0. 0.]",
                "last_pos":	"[0. 0. 0.]",
                "pos":	"[0. 0. 0.]",
                "pos_sensitivity":	0.5,
                "raw_drotation":	"[0. 0. 0.]",
                "rot_sensitivity":	3.0,
                "rotation":	"[[-1.  0.  0.]\n [ 0.  1.  0.]\n [ 0.  0. -1.]]"
            }
        },
        "MAX_EP_LEN":	200
    },
    "seed":	4,
    "stochastic_expert":	false,
    "target_rate":	0.1,
    "test_intervention_eps":	null
}
Net #0
LossPi 0.3845713395178318
LossValid 0.1954520212444193
LossPi 0.2731024309694767
LossValid 0.15855553144946516
LossPi 0.24263096064329148
LossValid 0.14926091839638542
LossPi 0.2196571833193302
LossValid 0.14170285392953386
LossPi 0.20223958766460418
LossValid 0.13879194419886354
Net #1
LossPi 0.40690790393948556
LossValid 0.17777561734658373
LossPi 0.2761344813406467
LossValid 0.15892850326866637
LossPi 0.2402078556716442
LossValid 0.14397477563752276
LossPi 0.21704750248789786
LossValid 0.1537916472171313
LossPi 0.19844469848275184
LossValid 0.14705103848539466
Net #2
LossPi 0.39247792571783063
LossValid 0.1882170913884511
LossPi 0.2700418102145195
LossValid 0.16995621990244353
LossPi 0.23789427331089974
LossValid 0.1566994482999131
LossPi 0.2185954747200012
LossValid 0.1554338003982099
LossPi 0.2012778422087431
LossValid 0.13678020038620173
Net #3
LossPi 0.39935771429538724
LossValid 0.2123507173183288
LossPi 0.26990388822555544
LossValid 0.1578029494209621
LossPi 0.24053133794665338
LossValid 0.16098296775807283
LossPi 0.216767865806818
LossValid 0.15840383666842778
LossPi 0.19578411050140856
LossValid 0.1529600324910823
Net #4
LossPi 0.39692436808347703
LossValid 0.19928365710597565
LossPi 0.27839003098011017
LossValid 0.171856771255195
LossPi 0.2507681478559971
LossValid 0.14462277276697952
LossPi 0.2288484447002411
LossValid 0.1552120117445715
LossPi 0.21235273280739783
LossValid 0.12965992737031024
Estimated switch-back threshold: 0.20425573035964706
Estimated switch-to threshold: 0.005950320046395063
Test Success Rate: 0.2
Epoch 0
LossQ 0.0003934039221230296
TotalEpisodes 0
TotalSuccesses 0
TotalEnvInteracts 0
OnlineBurden 0
NumSwitchToNov 0
NumSwitchToRisk 0
NumSwitchBack 0
len(estimates): 128, New switch thresholds: 0.005503393243998289 0.5027640461921692 0.9901741743087769
len(estimates): 156, New switch thresholds: 0.005503393243998289 0.5061076283454895 0.9998635053634644
len(estimates): 170, New switch thresholds: 0.005588720552623272 0.5061076283454895 0.9999538660049438
len(estimates): 185, New switch thresholds: 0.005673137493431568 0.5075410008430481 0.9999730587005615
len(estimates): 191, New switch thresholds: 0.005673137493431568 0.5075410008430481 0.999975323677063
len(estimates): 205, New switch thresholds: 0.0057575032114982605 0.5075410008430481 0.9999806880950928
len(estimates): 225, New switch thresholds: 0.00592329865321517 0.5087919235229492 0.999987006187439
len(estimates): 246, New switch thresholds: 0.00600141566246748 0.5092983841896057 0.9999895095825195
len(estimates): 262, New switch thresholds: 0.00600141566246748 0.5118196606636047 0.9999910593032837
len(estimates): 273, New switch thresholds: 0.006129163783043623 0.5118196606636047 0.9999920129776001
len(estimates): 285, New switch thresholds: 0.00600141566246748 0.5118196606636047 0.9999926090240479
len(estimates): 291, New switch thresholds: 0.00592329865321517 0.5118196606636047 0.9999932050704956
len(estimates): 303, New switch thresholds: 0.00600141566246748 0.5118196606636047 0.9999935626983643
len(estimates): 317, New switch thresholds: 0.00592329865321517 0.5118196606636047 0.999994158744812
len(estimates): 334, New switch thresholds: 0.005779797676950693 0.5124586820602417 0.9999949932098389
len(estimates): 335, New switch thresholds: 0.0058410027995705605 0.5118196606636047 0.9999948740005493
Test Success Rate: 0.1
Epoch 1
LossPi 0.2671308259963989
LossQ 0.0004017394150205473
TotalEpisodes 15
TotalSuccesses 14
TotalEnvInteracts 2000
OnlineBurden 1702
NumSwitchToNov 32
NumSwitchToRisk 5
NumSwitchBack 33
len(estimates): 31, New switch thresholds: 0.004967491142451763 0.9999983310699463 0.9999994039535522
len(estimates): 32, New switch thresholds: 0.004967491142451763 0.9999974966049194 0.9999994039535522
len(estimates): 33, New switch thresholds: 0.005652228835970163 0.4982558786869049 0.9999994039535522
len(estimates): 41, New switch thresholds: 0.005652228835970163 0.4982558786869049 0.9999995231628418
len(estimates): 42, New switch thresholds: 0.007343756500631571 0.4982396066188812 0.9999995231628418
len(estimates): 43, New switch thresholds: 0.007815279066562653 0.4980965852737427 0.9999994039535522
len(estimates): 44, New switch thresholds: 0.007815279066562653 0.49758437275886536 0.9999994039535522
len(estimates): 45, New switch thresholds: 0.008670147508382797 0.49758437275886536 0.9999994039535522
len(estimates): 99, New switch thresholds: 0.007827318273484707 0.49850553274154663 0.9999974966049194
len(estimates): 100, New switch thresholds: 0.008670147508382797 0.49850553274154663 0.9999974966049194
len(estimates): 101, New switch thresholds: 0.007827318273484707 0.49850553274154663 0.5035251379013062
len(estimates): 290, New switch thresholds: 0.004693079274147749 0.49992990493774414 0.9996870756149292
len(estimates): 312, New switch thresholds: 0.004610439296811819 0.5001142621040344 0.9997877478599548
len(estimates): 333, New switch thresholds: 0.00463309558108449 0.5001981258392334 0.9998831748962402
len(estimates): 334, New switch thresholds: 0.004693079274147749 0.5001142621040344 0.9998831748962402
Test Success Rate: 0.4
Epoch 2
LossPi 0.26521398987429484
LossQ 0.0007169728548756847
TotalEpisodes 30
TotalSuccesses 28
TotalEnvInteracts 4000
OnlineBurden 3392
NumSwitchToNov 53
NumSwitchToRisk 8
NumSwitchBack 47
len(estimates): 42, New switch thresholds: 0.0057735503651201725 0.9999611377716064 0.9999926090240479
len(estimates): 43, New switch thresholds: 0.0057735503651201725 0.9999555349349976 0.9999916553497314
len(estimates): 44, New switch thresholds: 0.0059939487837255 0.5038314461708069 0.9999916553497314
len(estimates): 58, New switch thresholds: 0.008235960267484188 0.5038314461708069 0.9999943971633911
len(estimates): 59, New switch thresholds: 0.008574258536100388 0.5032742619514465 0.999994158744812
len(estimates): 60, New switch thresholds: 0.008574258536100388 0.5029619336128235 0.999994158744812
len(estimates): 61, New switch thresholds: 0.008235960267484188 0.5029619336128235 0.9999935626983643
len(estimates): 62, New switch thresholds: 0.008574258536100388 0.5029619336128235 0.9999935626983643
len(estimates): 69, New switch thresholds: 0.00893061701208353 0.5029202699661255 0.9999943971633911
len(estimates): 70, New switch thresholds: 0.00893061701208353 0.5028347373008728 0.9999943971633911
len(estimates): 79, New switch thresholds: 0.00893061701208353 0.5028347373008728 0.9999948740005493
len(estimates): 80, New switch thresholds: 0.009033835493028164 0.5023821592330933 0.9999948740005493
len(estimates): 87, New switch thresholds: 0.009033835493028164 0.5023821592330933 0.999995231628418
len(estimates): 122, New switch thresholds: 0.008235960267484188 0.5029202699661255 0.999993085861206
len(estimates): 123, New switch thresholds: 0.008574258536100388 0.5028347373008728 0.9999926090240479
Test Success Rate: 0.3
Epoch 3
LossPi 0.2613064853191376
LossQ 0.0007917438075057908
TotalEpisodes 46
TotalSuccesses 44
TotalEnvInteracts 6000
OnlineBurden 5295
NumSwitchToNov 75
NumSwitchToRisk 12
NumSwitchBack 63
len(estimates): 33, New switch thresholds: 0.010700853541493416 0.49513423442840576 0.999998927116394
len(estimates): 72, New switch thresholds: 0.009151631966233253 0.49541544914245605 0.49709904193878174
len(estimates): 123, New switch thresholds: 0.0075585669837892056 0.49565136432647705 0.5392215847969055
len(estimates): 188, New switch thresholds: 0.006002574227750301 0.4960029423236847 0.5858549475669861
len(estimates): 222, New switch thresholds: 0.005901171360164881 0.4963024854660034 0.8225165605545044
len(estimates): 249, New switch thresholds: 0.0063015855848789215 0.49634864926338196 0.8813821077346802
len(estimates): 280, New switch thresholds: 0.0072051458992064 0.49639424681663513 0.9109756350517273
len(estimates): 307, New switch thresholds: 0.0068025654181838036 0.4964846670627594 0.9405380487442017
len(estimates): 331, New switch thresholds: 0.006408155430108309 0.4964960217475891 0.9550676941871643
len(estimates): 332, New switch thresholds: 0.006626657210290432 0.4964940845966339 0.9550676941871643
Test Success Rate: 0.3
Epoch 4
LossPi 0.25788630870315765
LossQ 0.0009202396885357666
TotalEpisodes 61
TotalSuccesses 59
TotalEnvInteracts 8000
OnlineBurden 6998
NumSwitchToNov 102
NumSwitchToRisk 20
NumSwitchBack 88
len(estimates): 46, New switch thresholds: 0.010719084180891514 0.9887070655822754 0.9997432827949524
len(estimates): 65, New switch thresholds: 0.010719084180891514 0.9924507737159729 0.9999547004699707
len(estimates): 66, New switch thresholds: 0.010719084180891514 0.9887070655822754 0.9999547004699707
len(estimates): 69, New switch thresholds: 0.010719084180891514 0.9884698390960693 0.9999547004699707
len(estimates): 76, New switch thresholds: 0.010568907484412193 0.9884698390960693 0.9999692440032959
len(estimates): 82, New switch thresholds: 0.010568907484412193 0.9884698390960693 0.9999754428863525
len(estimates): 96, New switch thresholds: 0.010568907484412193 0.9884698390960693 0.9999821186065674
len(estimates): 97, New switch thresholds: 0.010568907484412193 0.9808562397956848 0.9999804496765137
len(estimates): 106, New switch thresholds: 0.010568907484412193 0.9808562397956848 0.9999828338623047
len(estimates): 107, New switch thresholds: 0.010568907484412193 0.48943376541137695 0.9999825954437256
len(estimates): 110, New switch thresholds: 0.010568907484412193 0.48884740471839905 0.9999828338623047
len(estimates): 111, New switch thresholds: 0.009993583895266056 0.48884740471839905 0.9999825954437256
len(estimates): 139, New switch thresholds: 0.009959426708519459 0.48943376541137695 0.9999392032623291
len(estimates): 179, New switch thresholds: 0.009959426708519459 0.4896131157875061 0.9994580149650574
len(estimates): 180, New switch thresholds: 0.009959426708519459 0.4895873963832855 0.9994580149650574
Test Success Rate: 0.0
Epoch 5
LossPi 0.25342525014162065
LossQ 0.0009125292774387708
TotalEpisodes 76
TotalSuccesses 74
TotalEnvInteracts 10000
OnlineBurden 8859
NumSwitchToNov 131
NumSwitchToRisk 32
NumSwitchBack 117

Keys      	Command
q         	reset simulation
spacebar  	toggle gripper (open/close)
w-a-s-d   	move arm horizontally in x-y plane
r-f       	move arm vertically
z-x       	rotate arm about x-axis
t-g       	rotate arm about y-axis
c-v       	rotate arm about z-axis
ESC       	quit

Warning: Log dir /iliad/u/madeline/thriftydagger/data/dec1_retrain_thriftydagger_pick_place_alpha0.25/dec1_retrain_thriftydagger_pick_place_alpha0.25_s4 already exists! Storing info there anyway.
[32;1mLogging data to /iliad/u/madeline/thriftydagger/data/dec1_retrain_thriftydagger_pick_place_alpha0.25/dec1_retrain_thriftydagger_pick_place_alpha0.25_s4/progress.txt[0m
[36;1mSaving config:
[0m
{
    "ac_kwargs":	{},
    "actor_critic":	"Ensemble",
    "algo_sup":	true,
    "batch_size":	100,
    "bc_epochs":	5,
    "bc_only":	false,
    "device_idx":	null,
    "exp_name":	"dec1_retrain_thriftydagger_pick_place_alpha0.25",
    "gamma":	0.9999,
    "grad_steps":	500,
    "hg_dagger":	null,
    "hg_oracle_thresh":	0.2,
    "init_model":	null,
    "input_file":	"/iliad/u/madeline/thriftydagger/data/testpickplace/testpickplace_s4/pick-place-data.pkl",
    "iters":	5,
    "logger":	{
        "<thrifty.utils.logx.EpochLogger object at 0x7fa23a06b490>":	{
            "epoch_dict":	{},
            "exp_name":	"dec1_retrain_thriftydagger_pick_place_alpha0.25",
            "first_row":	true,
            "log_current_row":	{},
            "log_headers":	[],
            "output_dir":	"/iliad/u/madeline/thriftydagger/data/dec1_retrain_thriftydagger_pick_place_alpha0.25/dec1_retrain_thriftydagger_pick_place_alpha0.25_s4",
            "output_file":	{
                "<_io.TextIOWrapper name='/iliad/u/madeline/thriftydagger/data/dec1_retrain_thriftydagger_pick_place_alpha0.25/dec1_retrain_thriftydagger_pick_place_alpha0.25_s4/progress.txt' mode='w' encoding='UTF-8'>":	{
                    "mode":	"w"
                }
            }
        }
    },
    "logger_kwargs":	{
        "exp_name":	"dec1_retrain_thriftydagger_pick_place_alpha0.25",
        "output_dir":	"/iliad/u/madeline/thriftydagger/data/dec1_retrain_thriftydagger_pick_place_alpha0.25/dec1_retrain_thriftydagger_pick_place_alpha0.25_s4"
    },
    "num_nets":	5,
    "num_test_episodes":	10,
    "obs_per_iter":	2000,
    "pi_lr":	0.001,
    "q_learning":	true,
    "replay_size":	30000,
    "robosuite":	true,
    "robosuite_cfg":	{
        "INPUT_DEVICE":	{
            "<robosuite.devices.keyboard.Keyboard object at 0x7fa15f883e20>":	{
                "_enabled":	false,
                "_pos_step":	0.05,
                "_reset_state":	0,
                "grasp":	false,
                "last_drotation":	"[0. 0. 0.]",
                "last_pos":	"[0. 0. 0.]",
                "pos":	"[0. 0. 0.]",
                "pos_sensitivity":	0.5,
                "raw_drotation":	"[0. 0. 0.]",
                "rot_sensitivity":	3.0,
                "rotation":	"[[-1.  0.  0.]\n [ 0.  1.  0.]\n [ 0.  0. -1.]]"
            }
        },
        "MAX_EP_LEN":	200
    },
    "seed":	4,
    "stochastic_expert":	false,
    "target_rate":	0.25,
    "test_intervention_eps":	null
}
Net #0
LossPi 0.3845713395178318
LossValid 0.1954520212444193
LossPi 0.2731024309694767
LossValid 0.15855553144946516
LossPi 0.24263096064329148
LossValid 0.14926091839638542
LossPi 0.2196571833193302
LossValid 0.14170285392953386
LossPi 0.20223958766460418
LossValid 0.13879194419886354
Net #1
LossPi 0.40690790393948556
LossValid 0.17777561734658373
LossPi 0.2761344813406467
LossValid 0.15892850326866637
LossPi 0.2402078556716442
LossValid 0.14397477563752276
LossPi 0.21704750248789786
LossValid 0.1537916472171313
LossPi 0.19844469848275184
LossValid 0.14705103848539466
Net #2
LossPi 0.39247792571783063
LossValid 0.1882170913884511
LossPi 0.2700418102145195
LossValid 0.16995621990244353
LossPi 0.23789427331089974
LossValid 0.1566994482999131
LossPi 0.2185954747200012
LossValid 0.1554338003982099
LossPi 0.2012778422087431
LossValid 0.13678020038620173
Net #3
LossPi 0.39935771429538724
LossValid 0.2123507173183288
LossPi 0.26990388822555544
LossValid 0.1578029494209621
LossPi 0.24053133794665338
LossValid 0.16098296775807283
LossPi 0.216767865806818
LossValid 0.15840383666842778
LossPi 0.19578411050140856
LossValid 0.1529600324910823
Net #4
LossPi 0.39692436808347703
LossValid 0.19928365710597565
LossPi 0.27839003098011017
LossValid 0.171856771255195
LossPi 0.2507681478559971
LossValid 0.14462277276697952
LossPi 0.2288484447002411
LossValid 0.1552120117445715
LossPi 0.21235273280739783
LossValid 0.12965992737031024
Estimated switch-back threshold: 0.20425573035964706
Estimated switch-to threshold: 0.0035932010505348444
Test Success Rate: 0.2
Epoch 0
LossQ 0.0004011678900985316
TotalEpisodes 0
TotalSuccesses 0
TotalEnvInteracts 0
OnlineBurden 0
NumSwitchToNov 0
NumSwitchToRisk 0
NumSwitchBack 0
len(estimates): 78, New switch thresholds: 0.0030962838791310787 0.5250070691108704 0.6462444067001343
len(estimates): 118, New switch thresholds: 0.0030185494106262922 0.5564688444137573 0.9741307497024536
len(estimates): 141, New switch thresholds: 0.0032645247410982847 0.5782381892204285 0.9984056353569031
len(estimates): 164, New switch thresholds: 0.003314297180622816 0.6124321222305298 0.9997857213020325
len(estimates): 175, New switch thresholds: 0.003314297180622816 0.6462444067001343 0.9998685121536255
len(estimates): 193, New switch thresholds: 0.0033470913767814636 0.7115746736526489 0.9999334812164307
len(estimates): 214, New switch thresholds: 0.0033987369388341904 0.7722721099853516 0.9999659061431885
len(estimates): 227, New switch thresholds: 0.0034692424815148115 0.822144627571106 0.9999749660491943
len(estimates): 247, New switch thresholds: 0.0033987369388341904 0.9180799722671509 0.9999831914901733
len(estimates): 259, New switch thresholds: 0.0033987369388341904 0.948787271976471 0.9999878406524658
len(estimates): 271, New switch thresholds: 0.0033470913767814636 0.972745954990387 0.9999886751174927
len(estimates): 279, New switch thresholds: 0.0033917012624442577 0.9741307497024536 0.9999890327453613
len(estimates): 293, New switch thresholds: 0.0033987369388341904 0.9901264905929565 0.9999899864196777
len(estimates): 307, New switch thresholds: 0.0033470913767814636 0.9939606189727783 0.999990701675415
len(estimates): 326, New switch thresholds: 0.003314297180622816 0.9973936080932617 0.9999924898147583
len(estimates): 341, New switch thresholds: 0.0031749270856380463 0.9986811280250549 0.9999934434890747
len(estimates): 342, New switch thresholds: 0.003244545077905059 0.9985429048538208 0.9999934434890747
Test Success Rate: 0.1
Epoch 1
LossPi 0.27176733541438974
LossQ 0.00043623989844470995
TotalEpisodes 16
TotalSuccesses 16
TotalEnvInteracts 2000
OnlineBurden 1741
NumSwitchToNov 82
NumSwitchToRisk 1
NumSwitchBack 77
Test Success Rate: 0.2
Epoch 2
LossPi 0.26677700404609955
LossQ 0.0006727930123052965
TotalEpisodes 32
TotalSuccesses 32
TotalEnvInteracts 4000
OnlineBurden 3741
NumSwitchToNov 95
NumSwitchToRisk 5
NumSwitchBack 77
len(estimates): 26, New switch thresholds: 0.007276902440935373 0.5090603828430176 0.9999953508377075
len(estimates): 56, New switch thresholds: 0.005299519747495651 0.5107272267341614 0.513041615486145
len(estimates): 132, New switch thresholds: 0.003732759039849043 0.5133968591690063 0.5176886320114136
len(estimates): 185, New switch thresholds: 0.0033710740972310305 0.5142744779586792 0.5286726951599121
len(estimates): 186, New switch thresholds: 0.0033765684347599745 0.5142011046409607 0.5286726951599121
Test Success Rate: 0.2
Epoch 3
LossPi 0.2593628761995584
LossQ 0.0007676132765380953
TotalEpisodes 48
TotalSuccesses 48
TotalEnvInteracts 6000
OnlineBurden 5587
NumSwitchToNov 125
NumSwitchToRisk 7
NumSwitchBack 93
len(estimates): 38, New switch thresholds: 0.0023218770511448383 0.70867919921875 0.9979656934738159
len(estimates): 46, New switch thresholds: 0.0029247363563627005 0.7558861374855042 0.9988154172897339
len(estimates): 60, New switch thresholds: 0.003306339029222727 0.8586037158966064 0.9997485280036926
len(estimates): 72, New switch thresholds: 0.004756474401801825 0.9447809457778931 0.9998828172683716
len(estimates): 73, New switch thresholds: 0.004756474401801825 0.9447809457778931 0.9998817443847656
len(estimates): 74, New switch thresholds: 0.004756474401801825 0.9074387550354004 0.9998817443847656
len(estimates): 90, New switch thresholds: 0.004653978161513805 0.9854943752288818 0.9999401569366455
len(estimates): 104, New switch thresholds: 0.005297001916915178 0.9945499300956726 0.9999587535858154
len(estimates): 120, New switch thresholds: 0.005297001916915178 0.998626708984375 0.9999786615371704
len(estimates): 133, New switch thresholds: 0.005315694026648998 0.9992693066596985 0.9999814033508301
len(estimates): 146, New switch thresholds: 0.005315694026648998 0.999559223651886 0.9999889135360718
len(estimates): 147, New switch thresholds: 0.005332364235073328 0.999283492565155 0.9999887943267822
len(estimates): 160, New switch thresholds: 0.005445957183837891 0.9997010827064514 0.9999903440475464
len(estimates): 161, New switch thresholds: 0.005332364235073328 0.9997010827064514 0.9999889135360718
len(estimates): 162, New switch thresholds: 0.005445957183837891 0.999559223651886 0.9999889135360718
len(estimates): 163, New switch thresholds: 0.005445957183837891 0.999283492565155 0.9999889135360718
Test Success Rate: 0.7
Epoch 4
LossPi 0.2580708330290185
LossQ 0.001422953073159224
TotalEpisodes 63
TotalSuccesses 63
TotalEnvInteracts 8000
OnlineBurden 7486
NumSwitchToNov 183
NumSwitchToRisk 11
NumSwitchBack 139
len(estimates): 33, New switch thresholds: 0.0032395690213888884 0.9999969005584717 0.9999995231628418
len(estimates): 42, New switch thresholds: 0.0034813876263797283 0.9999971389770508 0.9999997615814209
len(estimates): 43, New switch thresholds: 0.0034813876263797283 0.9999969005584717 0.9999997615814209
len(estimates): 51, New switch thresholds: 0.0034813876263797283 0.9999971389770508 0.9999998807907104
len(estimates): 52, New switch thresholds: 0.0035307721700519323 0.9999969005584717 0.9999998807907104
len(estimates): 53, New switch thresholds: 0.0034813876263797283 0.9999969005584717 0.9999998807907104
len(estimates): 54, New switch thresholds: 0.0035307721700519323 0.9999959468841553 0.9999998807907104
len(estimates): 55, New switch thresholds: 0.0037456846330314875 0.999995231628418 0.9999997615814209
len(estimates): 56, New switch thresholds: 0.0037456846330314875 0.9999938011169434 0.9999997615814209
len(estimates): 57, New switch thresholds: 0.0037456846330314875 0.9999938011169434 0.9999997615814209
len(estimates): 58, New switch thresholds: 0.0037456846330314875 0.9999921321868896 0.9999997615814209
len(estimates): 59, New switch thresholds: 0.004245076794177294 0.4938422441482544 0.9999997615814209
len(estimates): 60, New switch thresholds: 0.004245076794177294 0.49377283453941345 0.9999997615814209
len(estimates): 61, New switch thresholds: 0.004245076794177294 0.49377283453941345 0.9999997615814209
Test Success Rate: 0.3
Epoch 5
LossPi 0.2550401639908552
LossQ 0.0011636343278097411
TotalEpisodes 79
TotalSuccesses 79
TotalEnvInteracts 10000
OnlineBurden 9448
NumSwitchToNov 198
NumSwitchToRisk 19
NumSwitchBack 146

Keys      	Command
q         	reset simulation
spacebar  	toggle gripper (open/close)
w-a-s-d   	move arm horizontally in x-y plane
r-f       	move arm vertically
z-x       	rotate arm about x-axis
t-g       	rotate arm about y-axis
c-v       	rotate arm about z-axis
ESC       	quit

Warning: Log dir /iliad/u/madeline/thriftydagger/data/dec1_retrain_thriftydagger_pick_place_alpha0.5/dec1_retrain_thriftydagger_pick_place_alpha0.5_s4 already exists! Storing info there anyway.
[32;1mLogging data to /iliad/u/madeline/thriftydagger/data/dec1_retrain_thriftydagger_pick_place_alpha0.5/dec1_retrain_thriftydagger_pick_place_alpha0.5_s4/progress.txt[0m
[36;1mSaving config:
[0m
{
    "ac_kwargs":	{},
    "actor_critic":	"Ensemble",
    "algo_sup":	true,
    "batch_size":	100,
    "bc_epochs":	5,
    "bc_only":	false,
    "device_idx":	null,
    "exp_name":	"dec1_retrain_thriftydagger_pick_place_alpha0.5",
    "gamma":	0.9999,
    "grad_steps":	500,
    "hg_dagger":	null,
    "hg_oracle_thresh":	0.2,
    "init_model":	null,
    "input_file":	"/iliad/u/madeline/thriftydagger/data/testpickplace/testpickplace_s4/pick-place-data.pkl",
    "iters":	5,
    "logger":	{
        "<thrifty.utils.logx.EpochLogger object at 0x7fccb74ba7f0>":	{
            "epoch_dict":	{},
            "exp_name":	"dec1_retrain_thriftydagger_pick_place_alpha0.5",
            "first_row":	true,
            "log_current_row":	{},
            "log_headers":	[],
            "output_dir":	"/iliad/u/madeline/thriftydagger/data/dec1_retrain_thriftydagger_pick_place_alpha0.5/dec1_retrain_thriftydagger_pick_place_alpha0.5_s4",
            "output_file":	{
                "<_io.TextIOWrapper name='/iliad/u/madeline/thriftydagger/data/dec1_retrain_thriftydagger_pick_place_alpha0.5/dec1_retrain_thriftydagger_pick_place_alpha0.5_s4/progress.txt' mode='w' encoding='UTF-8'>":	{
                    "mode":	"w"
                }
            }
        }
    },
    "logger_kwargs":	{
        "exp_name":	"dec1_retrain_thriftydagger_pick_place_alpha0.5",
        "output_dir":	"/iliad/u/madeline/thriftydagger/data/dec1_retrain_thriftydagger_pick_place_alpha0.5/dec1_retrain_thriftydagger_pick_place_alpha0.5_s4"
    },
    "num_nets":	5,
    "num_test_episodes":	10,
    "obs_per_iter":	2000,
    "pi_lr":	0.001,
    "q_learning":	true,
    "replay_size":	30000,
    "robosuite":	true,
    "robosuite_cfg":	{
        "INPUT_DEVICE":	{
            "<robosuite.devices.keyboard.Keyboard object at 0x7fcc643c1970>":	{
                "_enabled":	false,
                "_pos_step":	0.05,
                "_reset_state":	0,
                "grasp":	false,
                "last_drotation":	"[0. 0. 0.]",
                "last_pos":	"[0. 0. 0.]",
                "pos":	"[0. 0. 0.]",
                "pos_sensitivity":	0.5,
                "raw_drotation":	"[0. 0. 0.]",
                "rot_sensitivity":	3.0,
                "rotation":	"[[-1.  0.  0.]\n [ 0.  1.  0.]\n [ 0.  0. -1.]]"
            }
        },
        "MAX_EP_LEN":	200
    },
    "seed":	4,
    "stochastic_expert":	false,
    "target_rate":	0.5,
    "test_intervention_eps":	null
}
Net #0
LossPi 0.3845713395178318
LossValid 0.1954520212444193
LossPi 0.2731024309694767
LossValid 0.15855553144946516
LossPi 0.24263096064329148
LossValid 0.14926091839638542
LossPi 0.2196571833193302
LossValid 0.14170285392953386
LossPi 0.20223958766460418
LossValid 0.13879194419886354
Net #1
LossPi 0.40690790393948556
LossValid 0.17777561734658373
LossPi 0.2761344813406467
LossValid 0.15892850326866637
LossPi 0.2402078556716442
LossValid 0.14397477563752276
LossPi 0.21704750248789786
LossValid 0.1537916472171313
LossPi 0.19844469848275184
LossValid 0.14705103848539466
Net #2
LossPi 0.39247792571783063
LossValid 0.1882170913884511
LossPi 0.2700418102145195
LossValid 0.16995621990244353
LossPi 0.23789427331089974
LossValid 0.1566994482999131
LossPi 0.2185954747200012
LossValid 0.1554338003982099
LossPi 0.2012778422087431
LossValid 0.13678020038620173
Net #3
LossPi 0.39935771429538724
LossValid 0.2123507173183288
LossPi 0.26990388822555544
LossValid 0.1578029494209621
LossPi 0.24053133794665338
LossValid 0.16098296775807283
LossPi 0.216767865806818
LossValid 0.15840383666842778
LossPi 0.19578411050140856
LossValid 0.1529600324910823
Net #4
LossPi 0.39692436808347703
LossValid 0.19928365710597565
LossPi 0.27839003098011017
LossValid 0.171856771255195
LossPi 0.2507681478559971
LossValid 0.14462277276697952
LossPi 0.2288484447002411
LossValid 0.1552120117445715
LossPi 0.21235273280739783
LossValid 0.12965992737031024
Estimated switch-back threshold: 0.20425573035964706
Estimated switch-to threshold: 0.0017214376712217927
Test Success Rate: 0.2
Epoch 0
LossQ 0.0003975115700063452
TotalEpisodes 0
TotalSuccesses 0
TotalEnvInteracts 0
OnlineBurden 0
NumSwitchToNov 0
NumSwitchToRisk 0
NumSwitchBack 0
len(estimates): 57, New switch thresholds: 0.002035455545410514 0.8762915730476379 0.8762915730476379
len(estimates): 90, New switch thresholds: 0.0018482438754290342 0.9996728897094727 0.9996844530105591
len(estimates): 105, New switch thresholds: 0.0018790233880281448 0.9999473094940186 0.9999473094940186
len(estimates): 116, New switch thresholds: 0.001945076510310173 0.9999762773513794 0.9999819993972778
len(estimates): 127, New switch thresholds: 0.001945076510310173 0.9999884366989136 0.9999884366989136
len(estimates): 137, New switch thresholds: 0.0019696431700140238 0.9999933242797852 0.9999933242797852
len(estimates): 154, New switch thresholds: 0.002050063107162714 0.9999961853027344 0.9999961853027344
len(estimates): 158, New switch thresholds: 0.002051279414445162 0.9999961853027344 0.999996542930603
len(estimates): 174, New switch thresholds: 0.002011294011026621 0.9999979734420776 0.9999979734420776
len(estimates): 184, New switch thresholds: 0.002011294011026621 0.9999980926513672 0.9999980926513672
len(estimates): 194, New switch thresholds: 0.0019603664986789227 0.9999982118606567 0.9999983310699463
len(estimates): 203, New switch thresholds: 0.0019597976934164762 0.9999985694885254 0.9999985694885254
len(estimates): 212, New switch thresholds: 0.002011294011026621 0.9999986886978149 0.9999986886978149
len(estimates): 226, New switch thresholds: 0.0019597976934164762 0.9999988079071045 0.999998927116394
len(estimates): 241, New switch thresholds: 0.0019351496594026685 0.9999991655349731 0.9999991655349731
len(estimates): 245, New switch thresholds: 0.0019351496594026685 0.9999991655349731 0.9999991655349731
len(estimates): 246, New switch thresholds: 0.0019394205883145332 0.9999991655349731 0.9999991655349731
Test Success Rate: 0.2
Epoch 1
LossPi 0.2720922324900826
LossQ 0.0004080066794168488
TotalEpisodes 16
TotalSuccesses 16
TotalEnvInteracts 2000
OnlineBurden 1888
NumSwitchToNov 133
NumSwitchToRisk 1
NumSwitchBack 123
Test Success Rate: 0.4
Epoch 2
LossPi 0.2717340660367693
LossQ 0.0005408280962742947
TotalEpisodes 31
TotalSuccesses 31
TotalEnvInteracts 4000
OnlineBurden 3888
NumSwitchToNov 149
NumSwitchToRisk 1
NumSwitchBack 123
Test Success Rate: 0.5
Epoch 3
LossPi 0.2688095738086849
LossQ 0.0007204294468636544
TotalEpisodes 46
TotalSuccesses 46
TotalEnvInteracts 6000
OnlineBurden 5888
NumSwitchToNov 169
NumSwitchToRisk 3
NumSwitchBack 129
len(estimates): 26, New switch thresholds: 0.003403821960091591 0.9999996423721313 0.9999997615814209
len(estimates): 27, New switch thresholds: 0.003217905294150114 0.9999996423721313 0.9999996423721313
len(estimates): 28, New switch thresholds: 0.003403821960091591 0.9999996423721313 0.9999996423721313
len(estimates): 29, New switch thresholds: 0.003403821960091591 0.9999996423721313 0.9999996423721313
len(estimates): 30, New switch thresholds: 0.0037900973111391068 0.9999991655349731 0.9999996423721313
len(estimates): 38, New switch thresholds: 0.003403821960091591 0.9999997615814209 0.9999997615814209
len(estimates): 39, New switch thresholds: 0.003403821960091591 0.9999997615814209 0.9999997615814209
Test Success Rate: 0.6
Epoch 4
LossPi 0.2624658127165503
LossQ 0.0009204066754631639
TotalEpisodes 61
TotalSuccesses 61
TotalEnvInteracts 8000
OnlineBurden 7876
NumSwitchToNov 192
NumSwitchToRisk 7
NumSwitchBack 140
len(estimates): 30, New switch thresholds: 0.0032345145009458065 1.0 1.0
len(estimates): 31, New switch thresholds: 0.0032345145009458065 1.0 1.0
len(estimates): 32, New switch thresholds: 0.0032345145009458065 1.0 1.0
len(estimates): 33, New switch thresholds: 0.0032345145009458065 1.0 1.0
len(estimates): 34, New switch thresholds: 0.0041088140569627285 1.0 1.0
len(estimates): 35, New switch thresholds: 0.0041088140569627285 1.0 1.0
len(estimates): 36, New switch thresholds: 0.004428540822118521 1.0 1.0
len(estimates): 37, New switch thresholds: 0.004428540822118521 1.0 1.0
len(estimates): 38, New switch thresholds: 0.004428540822118521 1.0 1.0
len(estimates): 39, New switch thresholds: 0.0041088140569627285 1.0 1.0
Test Success Rate: 0.6
Epoch 5
LossPi 0.2584671958458424
LossQ 0.000620908367375307
TotalEpisodes 76
TotalSuccesses 76
TotalEnvInteracts 10000
OnlineBurden 9861
NumSwitchToNov 212
NumSwitchToRisk 11
NumSwitchBack 148

Keys      	Command
q         	reset simulation
spacebar  	toggle gripper (open/close)
w-a-s-d   	move arm horizontally in x-y plane
r-f       	move arm vertically
z-x       	rotate arm about x-axis
t-g       	rotate arm about y-axis
c-v       	rotate arm about z-axis
ESC       	quit

Warning: Log dir /iliad/u/madeline/thriftydagger/data/dec1_retrain_thriftydagger_pick_place_alpha1.0/dec1_retrain_thriftydagger_pick_place_alpha1.0_s4 already exists! Storing info there anyway.
[32;1mLogging data to /iliad/u/madeline/thriftydagger/data/dec1_retrain_thriftydagger_pick_place_alpha1.0/dec1_retrain_thriftydagger_pick_place_alpha1.0_s4/progress.txt[0m
[36;1mSaving config:
[0m
{
    "ac_kwargs":	{},
    "actor_critic":	"Ensemble",
    "algo_sup":	true,
    "batch_size":	100,
    "bc_epochs":	5,
    "bc_only":	false,
    "device_idx":	null,
    "exp_name":	"dec1_retrain_thriftydagger_pick_place_alpha1.0",
    "gamma":	0.9999,
    "grad_steps":	500,
    "hg_dagger":	null,
    "hg_oracle_thresh":	0.2,
    "init_model":	null,
    "input_file":	"/iliad/u/madeline/thriftydagger/data/testpickplace/testpickplace_s4/pick-place-data.pkl",
    "iters":	5,
    "logger":	{
        "<thrifty.utils.logx.EpochLogger object at 0x7f86eddf5eb0>":	{
            "epoch_dict":	{},
            "exp_name":	"dec1_retrain_thriftydagger_pick_place_alpha1.0",
            "first_row":	true,
            "log_current_row":	{},
            "log_headers":	[],
            "output_dir":	"/iliad/u/madeline/thriftydagger/data/dec1_retrain_thriftydagger_pick_place_alpha1.0/dec1_retrain_thriftydagger_pick_place_alpha1.0_s4",
            "output_file":	{
                "<_io.TextIOWrapper name='/iliad/u/madeline/thriftydagger/data/dec1_retrain_thriftydagger_pick_place_alpha1.0/dec1_retrain_thriftydagger_pick_place_alpha1.0_s4/progress.txt' mode='w' encoding='UTF-8'>":	{
                    "mode":	"w"
                }
            }
        }
    },
    "logger_kwargs":	{
        "exp_name":	"dec1_retrain_thriftydagger_pick_place_alpha1.0",
        "output_dir":	"/iliad/u/madeline/thriftydagger/data/dec1_retrain_thriftydagger_pick_place_alpha1.0/dec1_retrain_thriftydagger_pick_place_alpha1.0_s4"
    },
    "num_nets":	5,
    "num_test_episodes":	10,
    "obs_per_iter":	2000,
    "pi_lr":	0.001,
    "q_learning":	true,
    "replay_size":	30000,
    "robosuite":	true,
    "robosuite_cfg":	{
        "INPUT_DEVICE":	{
            "<robosuite.devices.keyboard.Keyboard object at 0x7f869acffe20>":	{
                "_enabled":	false,
                "_pos_step":	0.05,
                "_reset_state":	0,
                "grasp":	false,
                "last_drotation":	"[0. 0. 0.]",
                "last_pos":	"[0. 0. 0.]",
                "pos":	"[0. 0. 0.]",
                "pos_sensitivity":	0.5,
                "raw_drotation":	"[0. 0. 0.]",
                "rot_sensitivity":	3.0,
                "rotation":	"[[-1.  0.  0.]\n [ 0.  1.  0.]\n [ 0.  0. -1.]]"
            }
        },
        "MAX_EP_LEN":	200
    },
    "seed":	4,
    "stochastic_expert":	false,
    "target_rate":	1.0,
    "test_intervention_eps":	null
}
Net #0
LossPi 0.3845713395178318
LossValid 0.1954520212444193
LossPi 0.2731024309694767
LossValid 0.15855553144946516
LossPi 0.24263096064329148
LossValid 0.14926091839638542
LossPi 0.2196571833193302
LossValid 0.14170285392953386
LossPi 0.20223958766460418
LossValid 0.13879194419886354
Net #1
LossPi 0.40690790393948556
LossValid 0.17777561734658373
LossPi 0.2761344813406467
LossValid 0.15892850326866637
LossPi 0.2402078556716442
LossValid 0.14397477563752276
LossPi 0.21704750248789786
LossValid 0.1537916472171313
LossPi 0.19844469848275184
LossValid 0.14705103848539466
Net #2
LossPi 0.39247792571783063
LossValid 0.1882170913884511
LossPi 0.2700418102145195
LossValid 0.16995621990244353
LossPi 0.23789427331089974
LossValid 0.1566994482999131
LossPi 0.2185954747200012
LossValid 0.1554338003982099
LossPi 0.2012778422087431
LossValid 0.13678020038620173
Net #3
LossPi 0.39935771429538724
LossValid 0.2123507173183288
LossPi 0.26990388822555544
LossValid 0.1578029494209621
LossPi 0.24053133794665338
LossValid 0.16098296775807283
LossPi 0.216767865806818
LossValid 0.15840383666842778
LossPi 0.19578411050140856
LossValid 0.1529600324910823
Net #4
LossPi 0.39692436808347703
LossValid 0.19928365710597565
LossPi 0.27839003098011017
LossValid 0.171856771255195
LossPi 0.2507681478559971
LossValid 0.14462277276697952
LossPi 0.2288484447002411
LossValid 0.1552120117445715
LossPi 0.21235273280739783
LossValid 0.12965992737031024
Estimated switch-back threshold: 0.20425573035964706
Estimated switch-to threshold: 0.00013798545114696026
Test Success Rate: 0.2
Epoch 0
LossQ 0.00040585732417737746
TotalEpisodes 0
TotalSuccesses 0
TotalEnvInteracts 0
OnlineBurden 0
NumSwitchToNov 0
NumSwitchToRisk 0
NumSwitchBack 0
len(estimates): 52, New switch thresholds: 0.0008692741394042969 0.9999997615814209 0.8789587020874023
len(estimates): 74, New switch thresholds: 0.0008692741394042969 0.9999997615814209 0.9982537627220154
len(estimates): 90, New switch thresholds: 0.0008692741394042969 0.9999997615814209 0.9997305274009705
len(estimates): 100, New switch thresholds: 0.0008692741394042969 0.9999997615814209 0.9998766183853149
len(estimates): 109, New switch thresholds: 0.0008692741394042969 0.9999997615814209 0.999914288520813
len(estimates): 119, New switch thresholds: 0.0008692741394042969 0.9999997615814209 0.9999492168426514
len(estimates): 135, New switch thresholds: 0.0008692741394042969 0.9999997615814209 0.9999698400497437
len(estimates): 144, New switch thresholds: 0.0008692741394042969 0.9999997615814209 0.9999740123748779
len(estimates): 157, New switch thresholds: 0.0007743412279523909 0.9999997615814209 0.9999797344207764
len(estimates): 164, New switch thresholds: 0.0007743412279523909 0.9999997615814209 0.999984622001648
len(estimates): 174, New switch thresholds: 0.0007227900787256658 0.9999997615814209 0.9999858140945435
len(estimates): 181, New switch thresholds: 0.0007227900787256658 0.9999997615814209 0.9999860525131226
len(estimates): 189, New switch thresholds: 0.0007227900787256658 0.9999997615814209 0.9999877214431763
len(estimates): 199, New switch thresholds: 0.0005301017663441598 0.9999997615814209 0.9999887943267822
len(estimates): 212, New switch thresholds: 0.0005301017663441598 0.9999998807907104 0.9999903440475464
len(estimates): 222, New switch thresholds: 0.0005301017663441598 0.9999998807907104 0.9999914169311523
len(estimates): 223, New switch thresholds: 0.0005301017663441598 0.9999998807907104 0.9999911785125732
Test Success Rate: 0.5
Epoch 1
LossPi 0.27615861999938884
LossQ 0.0005034796885364267
TotalEpisodes 16
TotalSuccesses 16
TotalEnvInteracts 2000
OnlineBurden 2000
NumSwitchToNov 218
NumSwitchToRisk 5
NumSwitchBack 206
len(estimates): 27, New switch thresholds: 0.0003040934097953141 1.0 0.9999986886978149
len(estimates): 28, New switch thresholds: 0.0003040934097953141 1.0 0.9999986886978149
len(estimates): 29, New switch thresholds: 0.0003040934097953141 1.0 0.9999985694885254
len(estimates): 30, New switch thresholds: 0.0003040934097953141 1.0 0.9999985694885254
len(estimates): 31, New switch thresholds: 0.0003040934097953141 1.0 0.9999979734420776
len(estimates): 33, New switch thresholds: 0.0003040934097953141 1.0 0.9999979734420776
len(estimates): 34, New switch thresholds: 0.0003040934097953141 1.0 0.9999979734420776
len(estimates): 35, New switch thresholds: 0.0003040934097953141 1.0 0.9999970197677612
len(estimates): 44, New switch thresholds: 0.0003040934097953141 1.0 0.9999986886978149
len(estimates): 45, New switch thresholds: 0.0003040934097953141 1.0 0.9999985694885254
len(estimates): 46, New switch thresholds: 0.0003040934097953141 1.0 0.9999985694885254
len(estimates): 51, New switch thresholds: 0.0003040934097953141 1.0 0.9999986886978149
len(estimates): 52, New switch thresholds: 0.0003040934097953141 1.0 0.9999986886978149
Test Success Rate: 0.4
Epoch 2
LossPi 0.27471333709401746
LossQ 0.0007540684939894345
TotalEpisodes 31
TotalSuccesses 31
TotalEnvInteracts 4000
OnlineBurden 3997
NumSwitchToNov 264
NumSwitchToRisk 8
NumSwitchBack 239
Test Success Rate: 0.5
Epoch 3
LossPi 0.26626611538119616
LossQ 0.000661166954277569
TotalEpisodes 47
TotalSuccesses 47
TotalEnvInteracts 6000
OnlineBurden 5997
NumSwitchToNov 288
NumSwitchToRisk 8
NumSwitchBack 246
len(estimates): 33, New switch thresholds: 0.00017125476733781397 1.0 1.0
len(estimates): 34, New switch thresholds: 0.00017125476733781397 1.0 1.0
len(estimates): 35, New switch thresholds: 0.00017125476733781397 1.0 1.0
len(estimates): 36, New switch thresholds: 0.00017125476733781397 1.0 1.0
len(estimates): 37, New switch thresholds: 0.00017125476733781397 1.0 1.0
len(estimates): 38, New switch thresholds: 0.00017125476733781397 1.0 1.0
len(estimates): 39, New switch thresholds: 0.00017125476733781397 1.0 1.0
len(estimates): 40, New switch thresholds: 0.00017125476733781397 1.0 1.0
len(estimates): 41, New switch thresholds: 0.00017125476733781397 1.0 1.0
len(estimates): 42, New switch thresholds: 0.00017125476733781397 1.0 1.0
len(estimates): 43, New switch thresholds: 0.00017125476733781397 1.0 1.0
len(estimates): 44, New switch thresholds: 0.00017125476733781397 1.0 1.0
len(estimates): 45, New switch thresholds: 0.00017125476733781397 1.0 1.0
len(estimates): 46, New switch thresholds: 0.00017125476733781397 1.0 1.0
Test Success Rate: 0.5
Epoch 4
LossPi 0.2645012833211157
LossQ 0.0008161344771476706
TotalEpisodes 62
TotalSuccesses 62
TotalEnvInteracts 8000
OnlineBurden 7994
NumSwitchToNov 331
NumSwitchToRisk 8
NumSwitchBack 273
Test Success Rate: 0.8
Epoch 5
LossPi 0.2546866859734058
LossQ 0.0009478856778541467
TotalEpisodes 77
TotalSuccesses 77
TotalEnvInteracts 10000
OnlineBurden 9994
NumSwitchToNov 347
NumSwitchToRisk 8
NumSwitchBack 273
